<?xml version="1.0" encoding="UTF-8"?>
<coverage generated="1756076764834" clover="3.2.0">
  <project timestamp="1756076764834" name="All files">
    <metrics statements="810" coveredstatements="652" conditionals="394" coveredconditionals="288" methods="168" coveredmethods="146" elements="1372" coveredelements="1086" complexity="0" loc="810" ncloc="810" packages="3" files="9" classes="9"/>
    <package name="src">
      <metrics statements="72" coveredstatements="65" conditionals="25" coveredconditionals="17" methods="15" coveredmethods="14"/>
      <file name="index.mjs" path="/Users/andreasbanholzer/PROJEKTE/2025-06-04--flowmcp/1-flowMCP-core/src/index.mjs">
        <metrics statements="72" coveredstatements="65" conditionals="25" coveredconditionals="17" methods="15" coveredmethods="14"/>
        <line num="19" count="8" type="stmt"/>
        <line num="26" count="8" type="stmt"/>
        <line num="33" count="8" type="stmt"/>
        <line num="34" count="8" type="stmt"/>
        <line num="36" count="16" type="stmt"/>
        <line num="39" count="64" type="cond" truecount="2" falsecount="0"/>
        <line num="40" count="14" type="stmt"/>
        <line num="41" count="14" type="stmt"/>
        <line num="46" count="8" type="cond" truecount="2" falsecount="0"/>
        <line num="47" count="2" type="stmt"/>
        <line num="50" count="8" type="stmt"/>
        <line num="61" count="10" type="stmt"/>
        <line num="63" count="6" type="stmt"/>
        <line num="65" count="5" type="cond" truecount="2" falsecount="0"/>
        <line num="66" count="2" type="stmt"/>
        <line num="69" count="3" type="stmt"/>
        <line num="74" count="78" type="stmt"/>
        <line num="77" count="70" type="stmt"/>
        <line num="81" count="56" type="stmt"/>
        <line num="85" count="56" type="stmt"/>
        <line num="93" count="56" type="stmt"/>
        <line num="100" count="9" type="cond" truecount="2" falsecount="0"/>
        <line num="101" count="3" type="stmt"/>
        <line num="102" count="2" type="stmt"/>
        <line num="105" count="8" type="stmt"/>
        <line num="106" count="8" type="stmt"/>
        <line num="109" count="8" type="stmt"/>
        <line num="111" count="14" type="stmt"/>
        <line num="113" count="14" type="stmt"/>
        <line num="114" count="14" type="stmt"/>
        <line num="117" count="8" type="cond" truecount="4" falsecount="0"/>
        <line num="118" count="1" type="stmt"/>
        <line num="119" count="1" type="stmt"/>
        <line num="120" count="1" type="stmt"/>
        <line num="121" count="1" type="stmt"/>
        <line num="123" count="1" type="stmt"/>
        <line num="124" count="3" type="stmt"/>
        <line num="125" count="3" type="cond" truecount="1" falsecount="1"/>
        <line num="126" count="0" type="stmt"/>
        <line num="128" count="3" type="stmt"/>
        <line num="131" count="1" type="stmt"/>
        <line num="137" count="1" type="stmt"/>
        <line num="140" count="8" type="stmt"/>
        <line num="145" count="19" type="stmt"/>
        <line num="147" count="17" type="stmt"/>
        <line num="149" count="17" type="stmt"/>
        <line num="154" count="35" type="cond" truecount="2" falsecount="0"/>
        <line num="155" count="7" type="stmt"/>
        <line num="156" count="5" type="stmt"/>
        <line num="157" count="4" type="stmt"/>
        <line num="160" count="30" type="stmt"/>
        <line num="162" count="30" type="stmt"/>
        <line num="167" count="4" type="stmt"/>
        <line num="169" count="4" type="stmt"/>
        <line num="170" count="4" type="cond" truecount="2" falsecount="0"/>
        <line num="171" count="2" type="stmt"/>
        <line num="173" count="2" type="stmt"/>
        <line num="178" count="30" type="stmt"/>
        <line num="183" count="88" type="stmt"/>
        <line num="184" count="87" type="stmt"/>
        <line num="186" count="87" type="stmt"/>
        <line num="191" count="14" type="stmt"/>
        <line num="192" count="13" type="stmt"/>
        <line num="194" count="13" type="stmt"/>
        <line num="199" count="98" type="stmt"/>
        <line num="202" count="98" type="stmt"/>
        <line num="207" count="0" type="stmt"/>
        <line num="208" count="0" type="stmt"/>
        <line num="209" count="0" type="stmt"/>
        <line num="210" count="0" type="stmt"/>
        <line num="211" count="0" type="stmt"/>
        <line num="214" count="0" type="stmt"/>
      </file>
    </package>
    <package name="src.task">
      <metrics statements="708" coveredstatements="571" conditionals="367" coveredconditionals="271" methods="139" coveredmethods="126"/>
      <file name="ArrayOfSchemasFilter.mjs" path="/Users/andreasbanholzer/PROJEKTE/2025-06-04--flowmcp/1-flowMCP-core/src/task/ArrayOfSchemasFilter.mjs">
        <metrics statements="93" coveredstatements="91" conditionals="53" coveredconditionals="52" methods="21" coveredmethods="21"/>
        <line num="4" count="70" type="stmt"/>
        <line num="5" count="70" type="stmt"/>
        <line num="6" count="70" type="stmt"/>
        <line num="9" count="70" type="stmt"/>
        <line num="10" count="70" type="stmt"/>
        <line num="12" count="70" type="stmt"/>
        <line num="14" count="1273" type="stmt"/>
        <line num="15" count="1273" type="stmt"/>
        <line num="18" count="2468" type="stmt"/>
        <line num="21" count="1273" type="cond" truecount="2" falsecount="0"/>
        <line num="22" count="1205" type="stmt"/>
        <line num="25" count="1273" type="stmt"/>
        <line num="28" count="2594" type="stmt"/>
        <line num="33" count="70" type="stmt"/>
        <line num="35" count="100" type="cond" truecount="3" falsecount="1"/>
        <line num="36" count="0" type="stmt"/>
        <line num="37" count="0" type="stmt"/>
        <line num="40" count="100" type="stmt"/>
        <line num="42" count="100" type="cond" truecount="2" falsecount="0"/>
        <line num="44" count="26" type="stmt"/>
        <line num="45" count="26" type="cond" truecount="2" falsecount="0"/>
        <line num="46" count="3" type="stmt"/>
        <line num="47" count="3" type="stmt"/>
        <line num="49" count="23" type="stmt"/>
        <line num="52" count="74" type="stmt"/>
        <line num="53" count="74" type="cond" truecount="5" falsecount="0"/>
        <line num="54" count="8" type="stmt"/>
        <line num="55" count="8" type="stmt"/>
        <line num="58" count="66" type="stmt"/>
        <line num="59" count="66" type="stmt"/>
        <line num="60" count="66" type="stmt"/>
        <line num="61" count="66" type="cond" truecount="2" falsecount="0"/>
        <line num="64" count="66" type="cond" truecount="2" falsecount="0"/>
        <line num="65" count="5" type="stmt"/>
        <line num="66" count="5" type="stmt"/>
        <line num="70" count="61" type="cond" truecount="2" falsecount="0"/>
        <line num="71" count="7" type="stmt"/>
        <line num="72" count="7" type="stmt"/>
        <line num="76" count="54" type="cond" truecount="2" falsecount="0"/>
        <line num="77" count="37" type="stmt"/>
        <line num="79" count="54" type="cond" truecount="2" falsecount="0"/>
        <line num="84" count="70" type="cond" truecount="2" falsecount="0"/>
        <line num="85" count="14" type="stmt"/>
        <line num="86" count="23" type="stmt"/>
        <line num="87" count="14" type="stmt"/>
        <line num="90" count="56" type="stmt"/>
        <line num="95" count="56" type="stmt"/>
        <line num="97" count="1223" type="stmt"/>
        <line num="99" count="1223" type="cond" truecount="2" falsecount="0"/>
        <line num="100" count="78" type="stmt"/>
        <line num="101" count="87" type="stmt"/>
        <line num="102" count="1145" type="cond" truecount="2" falsecount="0"/>
        <line num="103" count="15" type="stmt"/>
        <line num="104" count="19" type="stmt"/>
        <line num="106" count="1130" type="stmt"/>
        <line num="110" count="56" type="stmt"/>
        <line num="115" count="56" type="stmt"/>
        <line num="117" count="1167" type="stmt"/>
        <line num="118" count="1167" type="stmt"/>
        <line num="121" count="1167" type="cond" truecount="4" falsecount="0"/>
        <line num="124" count="32" type="stmt"/>
        <line num="128" count="1135" type="cond" truecount="4" falsecount="0"/>
        <line num="129" count="96" type="stmt"/>
        <line num="133" count="1039" type="cond" truecount="4" falsecount="0"/>
        <line num="134" count="1030" type="stmt"/>
        <line num="136" count="1064" type="stmt"/>
        <line num="141" count="9" type="stmt"/>
        <line num="143" count="14" type="stmt"/>
        <line num="146" count="9" type="stmt"/>
        <line num="148" count="9" type="cond" truecount="2" falsecount="0"/>
        <line num="151" count="1116" type="stmt"/>
        <line num="152" count="1116" type="stmt"/>
        <line num="154" count="1116" type="cond" truecount="2" falsecount="0"/>
        <line num="155" count="1044" type="stmt"/>
        <line num="158" count="72" type="stmt"/>
        <line num="161" count="72" type="cond" truecount="2" falsecount="0"/>
        <line num="162" count="1" type="stmt"/>
        <line num="165" count="71" type="stmt"/>
        <line num="166" count="71" type="stmt"/>
        <line num="167" count="74" type="stmt"/>
        <line num="170" count="71" type="stmt"/>
        <line num="173" count="166" type="stmt"/>
        <line num="176" count="166" type="stmt"/>
        <line num="177" count="166" type="cond" truecount="2" falsecount="0"/>
        <line num="178" count="15" type="stmt"/>
        <line num="181" count="151" type="cond" truecount="2" falsecount="0"/>
        <line num="183" count="141" type="stmt"/>
        <line num="185" count="10" type="stmt"/>
        <line num="189" count="43" type="stmt"/>
        <line num="190" count="43" type="stmt"/>
        <line num="193" count="71" type="stmt"/>
        <line num="197" count="1116" type="stmt"/>
        <line num="200" count="56" type="stmt"/>
      </file>
      <file name="Fetch.mjs" path="/Users/andreasbanholzer/PROJEKTE/2025-06-04--flowmcp/1-flowMCP-core/src/task/Fetch.mjs">
        <metrics statements="141" coveredstatements="93" conditionals="61" coveredconditionals="37" methods="17" coveredmethods="13"/>
        <line num="9" count="4" type="stmt"/>
        <line num="16" count="4" type="stmt"/>
        <line num="18" count="4" type="stmt"/>
        <line num="19" count="4" type="stmt"/>
        <line num="21" count="4" type="stmt"/>
        <line num="23" count="12" type="stmt"/>
        <line num="24" count="12" type="stmt"/>
        <line num="25" count="0" type="stmt"/>
        <line num="26" count="12" type="cond" truecount="4" falsecount="0"/>
        <line num="27" count="4" type="stmt"/>
        <line num="28" count="8" type="cond" truecount="1" falsecount="1"/>
        <line num="29" count="0" type="stmt"/>
        <line num="30" count="0" type="stmt"/>
        <line num="31" count="0" type="stmt"/>
        <line num="35" count="4" type="stmt"/>
        <line num="37" count="4" type="stmt"/>
        <line num="39" count="4" type="stmt"/>
        <line num="86" count="4" type="stmt"/>
        <line num="87" count="4" type="stmt"/>
        <line num="88" count="4" type="stmt"/>
        <line num="89" count="4" type="stmt"/>
        <line num="91" count="4" type="stmt"/>
        <line num="94" count="4" type="stmt"/>
        <line num="97" count="4" type="stmt"/>
        <line num="100" count="4" type="stmt"/>
        <line num="102" count="5" type="cond" truecount="1" falsecount="1"/>
        <line num="103" count="0" type="stmt"/>
        <line num="105" count="5" type="stmt"/>
        <line num="106" count="5" type="cond" truecount="1" falsecount="1"/>
        <line num="108" count="5" type="stmt"/>
        <line num="111" count="4" type="stmt"/>
        <line num="112" count="5" type="stmt"/>
        <line num="114" count="0" type="stmt"/>
        <line num="116" count="0" type="stmt"/>
        <line num="117" count="0" type="stmt"/>
        <line num="120" count="4" type="stmt"/>
        <line num="121" count="5" type="stmt"/>
        <line num="124" count="0" type="stmt"/>
        <line num="126" count="0" type="stmt"/>
        <line num="129" count="0" type="stmt"/>
        <line num="131" count="4" type="stmt"/>
        <line num="134" count="1" type="stmt"/>
        <line num="135" count="1" type="stmt"/>
        <line num="138" count="4" type="stmt"/>
        <line num="139" count="5" type="stmt"/>
        <line num="141" count="5" type="stmt"/>
        <line num="143" count="5" type="cond" truecount="1" falsecount="1"/>
        <line num="145" count="5" type="stmt"/>
        <line num="146" count="5" type="stmt"/>
        <line num="149" count="4" type="stmt"/>
        <line num="150" count="4" type="stmt"/>
        <line num="151" count="4" type="cond" truecount="2" falsecount="0"/>
        <line num="152" count="4" type="stmt"/>
        <line num="154" count="4" type="stmt"/>
        <line num="156" count="0" type="stmt"/>
        <line num="157" count="0" type="stmt"/>
        <line num="158" count="0" type="stmt"/>
        <line num="161" count="4" type="stmt"/>
        <line num="163" count="5" type="stmt"/>
        <line num="165" count="5" type="cond" truecount="1" falsecount="1"/>
        <line num="166" count="5" type="stmt"/>
        <line num="167" count="5" type="stmt"/>
        <line num="170" count="4" type="stmt"/>
        <line num="175" count="4" type="stmt"/>
        <line num="182" count="4" type="stmt"/>
        <line num="183" count="4" type="stmt"/>
        <line num="184" count="4" type="cond" truecount="1" falsecount="1"/>
        <line num="186" count="4" type="cond" truecount="1" falsecount="2"/>
        <line num="188" count="4" type="stmt"/>
        <line num="189" count="4" type="stmt"/>
        <line num="194" count="2" type="cond" truecount="1" falsecount="1"/>
        <line num="195" count="0" type="stmt"/>
        <line num="198" count="2" type="stmt"/>
        <line num="199" count="2" type="stmt"/>
        <line num="201" count="2" type="stmt"/>
        <line num="202" count="2" type="stmt"/>
        <line num="203" count="2" type="stmt"/>
        <line num="205" count="4" type="stmt"/>
        <line num="207" count="0" type="stmt"/>
        <line num="208" count="0" type="stmt"/>
        <line num="217" count="0" type="cond" truecount="0" falsecount="2"/>
        <line num="218" count="0" type="stmt"/>
        <line num="221" count="0" type="stmt"/>
        <line num="222" count="0" type="stmt"/>
        <line num="224" count="0" type="stmt"/>
        <line num="225" count="0" type="stmt"/>
        <line num="226" count="0" type="stmt"/>
        <line num="229" count="0" type="stmt"/>
        <line num="231" count="0" type="stmt"/>
        <line num="232" count="0" type="stmt"/>
        <line num="233" count="0" type="stmt"/>
        <line num="236" count="4" type="cond" truecount="2" falsecount="0"/>
        <line num="238" count="2" type="stmt"/>
        <line num="243" count="0" type="stmt"/>
        <line num="244" count="0" type="stmt"/>
        <line num="245" count="0" type="cond" truecount="0" falsecount="2"/>
        <line num="246" count="0" type="stmt"/>
        <line num="247" count="0" type="stmt"/>
        <line num="248" count="0" type="stmt"/>
        <line num="249" count="0" type="stmt"/>
        <line num="251" count="0" type="stmt"/>
        <line num="252" count="0" type="stmt"/>
        <line num="256" count="0" type="stmt"/>
        <line num="262" count="2" type="stmt"/>
        <line num="265" count="2" type="cond" truecount="3" falsecount="1"/>
        <line num="266" count="0" type="stmt"/>
        <line num="269" count="2" type="cond" truecount="2" falsecount="2"/>
        <line num="270" count="2" type="stmt"/>
        <line num="271" count="2" type="stmt"/>
        <line num="274" count="0" type="cond" truecount="0" falsecount="4"/>
        <line num="275" count="0" type="stmt"/>
        <line num="276" count="0" type="stmt"/>
        <line num="280" count="0" type="stmt"/>
        <line num="283" count="2" type="stmt"/>
        <line num="289" count="14" type="stmt"/>
        <line num="290" count="14" type="stmt"/>
        <line num="291" count="14" type="stmt"/>
        <line num="293" count="14" type="cond" truecount="2" falsecount="0"/>
        <line num="294" count="4" type="cond" truecount="2" falsecount="0"/>
        <line num="295" count="14" type="cond" truecount="2" falsecount="0"/>
        <line num="297" count="11" type="cond" truecount="2" falsecount="0"/>
        <line num="298" count="1" type="cond" truecount="1" falsecount="1"/>
        <line num="299" count="1" type="stmt"/>
        <line num="300" count="1" type="stmt"/>
        <line num="301" count="1" type="cond" truecount="3" falsecount="1"/>
        <line num="302" count="1" type="stmt"/>
        <line num="304" count="0" type="stmt"/>
        <line num="308" count="11" type="cond" truecount="2" falsecount="0"/>
        <line num="309" count="10" type="cond" truecount="1" falsecount="1"/>
        <line num="310" count="10" type="stmt"/>
        <line num="311" count="1" type="cond" truecount="1" falsecount="1"/>
        <line num="312" count="1" type="stmt"/>
        <line num="314" count="0" type="stmt"/>
        <line num="317" count="11" type="stmt"/>
        <line num="322" count="4" type="stmt"/>
        <line num="323" count="4" type="stmt"/>
        <line num="324" count="4" type="stmt"/>
        <line num="326" count="0" type="stmt"/>
        <line num="327" count="0" type="stmt"/>
        <line num="329" count="0" type="stmt"/>
        <line num="333" count="4" type="stmt"/>
      </file>
      <file name="Interface.mjs" path="/Users/andreasbanholzer/PROJEKTE/2025-06-04--flowmcp/1-flowMCP-core/src/task/Interface.mjs">
        <metrics statements="83" coveredstatements="71" conditionals="29" coveredconditionals="20" methods="12" coveredmethods="11"/>
        <line num="7" count="87" type="stmt"/>
        <line num="8" count="87" type="stmt"/>
        <line num="11" count="317" type="stmt"/>
        <line num="14" count="317" type="stmt"/>
        <line num="17" count="87" type="stmt"/>
        <line num="22" count="347" type="stmt"/>
        <line num="23" count="347" type="stmt"/>
        <line num="25" count="347" type="stmt"/>
        <line num="28" count="347" type="stmt"/>
        <line num="31" count="347" type="stmt"/>
        <line num="32" count="347" type="stmt"/>
        <line num="38" count="347" type="stmt"/>
        <line num="39" count="347" type="stmt"/>
        <line num="42" count="347" type="stmt"/>
        <line num="47" count="347" type="stmt"/>
        <line num="48" count="347" type="stmt"/>
        <line num="50" count="889" type="cond" truecount="2" falsecount="0"/>
        <line num="51" count="849" type="cond" truecount="1" falsecount="1"/>
        <line num="52" count="849" type="stmt"/>
        <line num="55" count="849" type="stmt"/>
        <line num="57" count="849" type="stmt"/>
        <line num="59" count="849" type="stmt"/>
        <line num="62" count="849" type="stmt"/>
        <line num="63" count="849" type="stmt"/>
        <line num="66" count="347" type="stmt"/>
        <line num="72" count="191" type="stmt"/>
        <line num="73" count="191" type="stmt"/>
        <line num="74" count="191" type="stmt"/>
        <line num="76" count="191" type="cond" truecount="4" falsecount="1"/>
        <line num="77" count="0" type="stmt"/>
        <line num="79" count="191" type="stmt"/>
        <line num="81" count="191" type="stmt"/>
        <line num="85" count="849" type="stmt"/>
        <line num="86" count="1921" type="stmt"/>
        <line num="88" count="849" type="cond" truecount="2" falsecount="0"/>
        <line num="91" count="191" type="stmt"/>
        <line num="92" count="191" type="cond" truecount="1" falsecount="1"/>
        <line num="93" count="0" type="stmt"/>
        <line num="95" count="191" type="stmt"/>
        <line num="97" count="3272" type="stmt"/>
        <line num="98" count="191" type="stmt"/>
        <line num="101" count="849" type="stmt"/>
        <line num="106" count="849" type="stmt"/>
        <line num="108" count="649" type="stmt"/>
        <line num="110" count="649" type="stmt"/>
        <line num="113" count="849" type="stmt"/>
        <line num="118" count="649" type="stmt"/>
        <line num="120" count="2734" type="stmt"/>
        <line num="122" count="649" type="stmt"/>
        <line num="123" count="649" type="stmt"/>
        <line num="124" count="649" type="cond" truecount="4" falsecount="4"/>
        <line num="126" count="144" type="stmt"/>
        <line num="127" count="144" type="stmt"/>
        <line num="130" count="32" type="stmt"/>
        <line num="131" count="32" type="stmt"/>
        <line num="133" count="92" type="stmt"/>
        <line num="134" count="92" type="stmt"/>
        <line num="136" count="0" type="stmt"/>
        <line num="137" count="0" type="stmt"/>
        <line num="139" count="0" type="stmt"/>
        <line num="141" count="0" type="stmt"/>
        <line num="142" count="0" type="stmt"/>
        <line num="144" count="381" type="stmt"/>
        <line num="145" count="381" type="stmt"/>
        <line num="147" count="0" type="stmt"/>
        <line num="150" count="649" type="cond" truecount="6" falsecount="2"/>
        <line num="152" count="89" type="stmt"/>
        <line num="153" count="89" type="stmt"/>
        <line num="155" count="55" type="stmt"/>
        <line num="156" count="55" type="stmt"/>
        <line num="158" count="32" type="stmt"/>
        <line num="159" count="32" type="stmt"/>
        <line num="161" count="0" type="stmt"/>
        <line num="162" count="0" type="stmt"/>
        <line num="163" count="0" type="stmt"/>
        <line num="165" count="9" type="stmt"/>
        <line num="166" count="9" type="stmt"/>
        <line num="168" count="381" type="stmt"/>
        <line num="169" count="381" type="stmt"/>
        <line num="171" count="83" type="stmt"/>
        <line num="172" count="83" type="stmt"/>
        <line num="174" count="0" type="stmt"/>
        <line num="177" count="649" type="stmt"/>
      </file>
      <file name="Payload.mjs" path="/Users/andreasbanholzer/PROJEKTE/2025-06-04--flowmcp/1-flowMCP-core/src/task/Payload.mjs">
        <metrics statements="32" coveredstatements="32" conditionals="6" coveredconditionals="5" methods="10" coveredmethods="10"/>
        <line num="30" count="6" type="stmt"/>
        <line num="32" count="8" type="stmt"/>
        <line num="33" count="8" type="stmt"/>
        <line num="37" count="8" type="stmt"/>
        <line num="38" count="8" type="cond" truecount="1" falsecount="1"/>
        <line num="39" count="8" type="stmt"/>
        <line num="40" count="7" type="stmt"/>
        <line num="41" count="3" type="stmt"/>
        <line num="42" count="7" type="stmt"/>
        <line num="44" count="7" type="stmt"/>
        <line num="45" count="7" type="stmt"/>
        <line num="47" count="7" type="stmt"/>
        <line num="50" count="7" type="stmt"/>
        <line num="53" count="5" type="stmt"/>
        <line num="55" count="7" type="stmt"/>
        <line num="56" count="7" type="stmt"/>
        <line num="57" count="7" type="stmt"/>
        <line num="58" count="2" type="stmt"/>
        <line num="59" count="7" type="stmt"/>
        <line num="61" count="5" type="stmt"/>
        <line num="63" count="5" type="stmt"/>
        <line num="68" count="7" type="stmt"/>
        <line num="77" count="7" type="stmt"/>
        <line num="80" count="3" type="stmt"/>
        <line num="81" count="3" type="cond" truecount="2" falsecount="0"/>
        <line num="82" count="1" type="stmt"/>
        <line num="84" count="3" type="stmt"/>
        <line num="87" count="7" type="stmt"/>
        <line num="89" count="3" type="stmt"/>
        <line num="90" count="3" type="cond" truecount="2" falsecount="0"/>
        <line num="91" count="3" type="stmt"/>
        <line num="94" count="7" type="stmt"/>
      </file>
      <file name="Test.mjs" path="/Users/andreasbanholzer/PROJEKTE/2025-06-04--flowmcp/1-flowMCP-core/src/task/Test.mjs">
        <metrics statements="15" coveredstatements="15" conditionals="4" coveredconditionals="3" methods="4" coveredmethods="4"/>
        <line num="3" count="13" type="stmt"/>
        <line num="4" count="13" type="stmt"/>
        <line num="7" count="31" type="stmt"/>
        <line num="8" count="31" type="stmt"/>
        <line num="10" count="32" type="stmt"/>
        <line num="13" count="75" type="cond" truecount="2" falsecount="0"/>
        <line num="14" count="32" type="stmt"/>
        <line num="15" count="43" type="cond" truecount="1" falsecount="1"/>
        <line num="16" count="43" type="stmt"/>
        <line num="19" count="75" type="stmt"/>
        <line num="22" count="32" type="stmt"/>
        <line num="23" count="32" type="stmt"/>
        <line num="25" count="32" type="stmt"/>
        <line num="28" count="31" type="stmt"/>
        <line num="31" count="13" type="stmt"/>
      </file>
      <file name="Validation.mjs" path="/Users/andreasbanholzer/PROJEKTE/2025-06-04--flowmcp/1-flowMCP-core/src/task/Validation.mjs">
        <metrics statements="344" coveredstatements="269" conditionals="214" coveredconditionals="154" methods="75" coveredmethods="67"/>
        <line num="6" count="11725" type="stmt"/>
        <line num="79" count="11725" type="stmt"/>
        <line num="84" count="10" type="stmt"/>
        <line num="85" count="10" type="cond" truecount="4" falsecount="0"/>
        <line num="86" count="1" type="stmt"/>
        <line num="87" count="17" type="cond" truecount="1" falsecount="1"/>
        <line num="88" count="0" type="stmt"/>
        <line num="91" count="10" type="cond" truecount="3" falsecount="1"/>
        <line num="92" count="0" type="stmt"/>
        <line num="95" count="10" type="stmt"/>
        <line num="101" count="30" type="cond" truecount="2" falsecount="0"/>
        <line num="102" count="6" type="stmt"/>
        <line num="106" count="10" type="cond" truecount="2" falsecount="0"/>
        <line num="107" count="4" type="stmt"/>
        <line num="108" count="0" type="stmt"/>
        <line num="111" count="6" type="stmt"/>
        <line num="116" count="78" type="stmt"/>
        <line num="117" count="78" type="cond" truecount="2" falsecount="0"/>
        <line num="118" count="1" type="stmt"/>
        <line num="119" count="77" type="cond" truecount="2" falsecount="0"/>
        <line num="120" count="2" type="stmt"/>
        <line num="121" count="1278" type="cond" truecount="3" falsecount="1"/>
        <line num="122" count="0" type="stmt"/>
        <line num="125" count="78" type="stmt"/>
        <line num="131" count="234" type="cond" truecount="2" falsecount="0"/>
        <line num="132" count="3" type="stmt"/>
        <line num="133" count="231" type="cond" truecount="4" falsecount="0"/>
        <line num="134" count="2" type="stmt"/>
        <line num="138" count="78" type="cond" truecount="2" falsecount="0"/>
        <line num="139" count="8" type="stmt"/>
        <line num="140" count="0" type="stmt"/>
        <line num="143" count="70" type="stmt"/>
        <line num="149" count="210" type="stmt"/>
        <line num="150" count="210" type="stmt"/>
        <line num="160" count="210" type="stmt"/>
        <line num="162" count="210" type="cond" truecount="1" falsecount="1"/>
        <line num="163" count="0" type="stmt"/>
        <line num="164" count="210" type="cond" truecount="1" falsecount="1"/>
        <line num="165" count="0" type="stmt"/>
        <line num="167" count="210" type="stmt"/>
        <line num="168" count="210" type="cond" truecount="2" falsecount="0"/>
        <line num="169" count="210" type="cond" truecount="1" falsecount="1"/>
        <line num="171" count="210" type="stmt"/>
        <line num="173" count="210" type="cond" truecount="2" falsecount="0"/>
        <line num="174" count="205" type="cond" truecount="2" falsecount="0"/>
        <line num="176" count="195" type="stmt"/>
        <line num="177" count="195" type="cond" truecount="1" falsecount="1"/>
        <line num="178" count="0" type="stmt"/>
        <line num="179" count="195" type="cond" truecount="1" falsecount="1"/>
        <line num="180" count="0" type="stmt"/>
        <line num="182" count="195" type="stmt"/>
        <line num="185" count="195" type="stmt"/>
        <line num="186" count="195" type="stmt"/>
        <line num="187" count="195" type="cond" truecount="2" falsecount="0"/>
        <line num="188" count="1" type="stmt"/>
        <line num="189" count="194" type="cond" truecount="1" falsecount="1"/>
        <line num="190" count="0" type="stmt"/>
        <line num="193" count="195" type="stmt"/>
        <line num="194" count="195" type="stmt"/>
        <line num="195" count="195" type="stmt"/>
        <line num="197" count="195" type="cond" truecount="1" falsecount="1"/>
        <line num="198" count="0" type="stmt"/>
        <line num="201" count="195" type="stmt"/>
        <line num="204" count="680" type="stmt"/>
        <line num="205" count="680" type="stmt"/>
        <line num="206" count="680" type="stmt"/>
        <line num="208" count="195" type="stmt"/>
        <line num="210" count="195" type="stmt"/>
        <line num="211" count="195" type="cond" truecount="2" falsecount="0"/>
        <line num="212" count="195" type="cond" truecount="2" falsecount="0"/>
        <line num="214" count="188" type="stmt"/>
        <line num="215" count="188" type="stmt"/>
        <line num="217" count="90" type="cond" truecount="1" falsecount="1"/>
        <line num="218" count="0" type="stmt"/>
        <line num="219" count="0" type="stmt"/>
        <line num="220" count="90" type="cond" truecount="1" falsecount="1"/>
        <line num="221" count="0" type="stmt"/>
        <line num="222" count="0" type="stmt"/>
        <line num="224" count="90" type="stmt"/>
        <line num="225" count="90" type="cond" truecount="2" falsecount="0"/>
        <line num="226" count="3" type="stmt"/>
        <line num="228" count="3" type="cond" truecount="1" falsecount="1"/>
        <line num="229" count="0" type="stmt"/>
        <line num="233" count="188" type="stmt"/>
        <line num="234" count="188" type="stmt"/>
        <line num="236" count="188" type="stmt"/>
        <line num="238" count="112" type="stmt"/>
        <line num="239" count="112" type="cond" truecount="1" falsecount="1"/>
        <line num="240" count="0" type="stmt"/>
        <line num="243" count="188" type="stmt"/>
        <line num="245" count="112" type="stmt"/>
        <line num="246" count="112" type="cond" truecount="1" falsecount="1"/>
        <line num="247" count="0" type="stmt"/>
        <line num="251" count="188" type="stmt"/>
        <line num="252" count="188" type="cond" truecount="2" falsecount="0"/>
        <line num="253" count="188" type="cond" truecount="1" falsecount="1"/>
        <line num="255" count="188" type="stmt"/>
        <line num="260" count="4" type="stmt"/>
        <line num="261" count="4" type="stmt"/>
        <line num="263" count="4" type="cond" truecount="1" falsecount="1"/>
        <line num="264" count="0" type="stmt"/>
        <line num="265" count="4" type="cond" truecount="1" falsecount="1"/>
        <line num="266" count="0" type="stmt"/>
        <line num="268" count="4" type="cond" truecount="1" falsecount="1"/>
        <line num="269" count="0" type="stmt"/>
        <line num="270" count="0" type="stmt"/>
        <line num="273" count="4" type="stmt"/>
        <line num="274" count="4" type="cond" truecount="2" falsecount="0"/>
        <line num="275" count="2" type="stmt"/>
        <line num="278" count="4" type="cond" truecount="2" falsecount="0"/>
        <line num="279" count="2" type="stmt"/>
        <line num="280" count="0" type="stmt"/>
        <line num="283" count="2" type="stmt"/>
        <line num="288" count="7" type="stmt"/>
        <line num="289" count="7" type="stmt"/>
        <line num="291" count="7" type="cond" truecount="1" falsecount="1"/>
        <line num="292" count="0" type="stmt"/>
        <line num="293" count="7" type="cond" truecount="1" falsecount="1"/>
        <line num="294" count="0" type="stmt"/>
        <line num="297" count="7" type="cond" truecount="1" falsecount="1"/>
        <line num="298" count="0" type="stmt"/>
        <line num="299" count="0" type="stmt"/>
        <line num="302" count="7" type="stmt"/>
        <line num="305" count="7" type="stmt"/>
        <line num="306" count="7" type="stmt"/>
        <line num="308" count="6" type="stmt"/>
        <line num="309" count="6" type="cond" truecount="2" falsecount="0"/>
        <line num="310" count="1" type="stmt"/>
        <line num="313" count="7" type="stmt"/>
        <line num="315" count="5" type="stmt"/>
        <line num="316" count="5" type="cond" truecount="1" falsecount="1"/>
        <line num="317" count="0" type="stmt"/>
        <line num="321" count="7" type="stmt"/>
        <line num="324" count="5" type="cond" truecount="1" falsecount="1"/>
        <line num="325" count="0" type="stmt"/>
        <line num="329" count="7" type="cond" truecount="2" falsecount="0"/>
        <line num="330" count="1" type="stmt"/>
        <line num="331" count="0" type="stmt"/>
        <line num="334" count="6" type="stmt"/>
        <line num="339" count="0" type="stmt"/>
        <line num="340" count="0" type="stmt"/>
        <line num="342" count="0" type="stmt"/>
        <line num="344" count="0" type="cond" truecount="0" falsecount="2"/>
        <line num="345" count="0" type="stmt"/>
        <line num="346" count="0" type="cond" truecount="0" falsecount="2"/>
        <line num="347" count="0" type="stmt"/>
        <line num="350" count="0" type="cond" truecount="0" falsecount="2"/>
        <line num="351" count="0" type="stmt"/>
        <line num="352" count="0" type="stmt"/>
        <line num="354" count="0" type="stmt"/>
        <line num="355" count="0" type="stmt"/>
        <line num="357" count="0" type="stmt"/>
        <line num="358" count="0" type="cond" truecount="0" falsecount="2"/>
        <line num="359" count="0" type="stmt"/>
        <line num="362" count="0" type="stmt"/>
        <line num="364" count="0" type="stmt"/>
        <line num="365" count="0" type="cond" truecount="0" falsecount="2"/>
        <line num="366" count="0" type="stmt"/>
        <line num="370" count="0" type="stmt"/>
        <line num="375" count="680" type="stmt"/>
        <line num="376" count="680" type="stmt"/>
        <line num="377" count="680" type="stmt"/>
        <line num="379" count="680" type="stmt"/>
        <line num="381" count="680" type="stmt"/>
        <line num="383" count="680" type="stmt"/>
        <line num="384" count="680" type="cond" truecount="2" falsecount="0"/>
        <line num="386" count="678" type="stmt"/>
        <line num="387" count="678" type="cond" truecount="2" falsecount="0"/>
        <line num="388" count="1" type="stmt"/>
        <line num="391" count="678" type="stmt"/>
        <line num="393" count="678" type="stmt"/>
        <line num="395" count="1747" type="stmt"/>
        <line num="396" count="1747" type="stmt"/>
        <line num="397" count="1747" type="cond" truecount="2" falsecount="0"/>
        <line num="398" count="1" type="stmt"/>
        <line num="401" count="1747" type="cond" truecount="2" falsecount="0"/>
        <line num="402" count="1658" type="cond" truecount="1" falsecount="1"/>
        <line num="403" count="0" type="stmt"/>
        <line num="406" count="1658" type="stmt"/>
        <line num="407" count="1658" type="stmt"/>
        <line num="410" count="1658" type="stmt"/>
        <line num="411" count="1658" type="cond" truecount="1" falsecount="1"/>
        <line num="413" count="1658" type="stmt"/>
        <line num="415" count="9948" type="cond" truecount="2" falsecount="0"/>
        <line num="416" count="6" type="stmt"/>
        <line num="418" count="9948" type="stmt"/>
        <line num="420" count="1658" type="stmt"/>
        <line num="422" count="1253" type="stmt"/>
        <line num="423" count="7518" type="cond" truecount="2" falsecount="0"/>
        <line num="424" count="1" type="stmt"/>
        <line num="427" count="7518" type="cond" truecount="1" falsecount="1"/>
        <line num="428" count="0" type="stmt"/>
        <line num="432" count="678" type="cond" truecount="2" falsecount="0"/>
        <line num="434" count="676" type="stmt"/>
        <line num="435" count="676" type="stmt"/>
        <line num="436" count="676" type="stmt"/>
        <line num="437" count="676" type="stmt"/>
        <line num="438" count="676" type="cond" truecount="2" falsecount="0"/>
        <line num="441" count="676" type="stmt"/>
        <line num="442" count="676" type="stmt"/>
        <line num="444" count="676" type="stmt"/>
        <line num="446" count="377" type="stmt"/>
        <line num="447" count="377" type="stmt"/>
        <line num="449" count="1053" type="stmt"/>
        <line num="450" count="1053" type="stmt"/>
        <line num="451" count="1053" type="cond" truecount="2" falsecount="0"/>
        <line num="453" count="377" type="stmt"/>
        <line num="454" count="255" type="stmt"/>
        <line num="455" count="377" type="cond" truecount="2" falsecount="2"/>
        <line num="456" count="0" type="stmt"/>
        <line num="460" count="676" type="stmt"/>
        <line num="461" count="676" type="stmt"/>
        <line num="463" count="721" type="stmt"/>
        <line num="464" count="721" type="stmt"/>
        <line num="465" count="721" type="stmt"/>
        <line num="467" count="721" type="stmt"/>
        <line num="468" count="721" type="cond" truecount="1" falsecount="1"/>
        <line num="469" count="721" type="stmt"/>
        <line num="470" count="721" type="cond" truecount="1" falsecount="1"/>
        <line num="471" count="0" type="stmt"/>
        <line num="474" count="721" type="stmt"/>
        <line num="475" count="721" type="cond" truecount="2" falsecount="0"/>
        <line num="476" count="1" type="stmt"/>
        <line num="480" count="676" type="stmt"/>
        <line num="495" count="676" type="stmt"/>
        <line num="498" count="676" type="stmt"/>
        <line num="500" count="798" type="stmt"/>
        <line num="501" count="798" type="stmt"/>
        <line num="503" count="1923" type="stmt"/>
        <line num="504" count="798" type="stmt"/>
        <line num="506" count="1923" type="stmt"/>
        <line num="508" count="798" type="stmt"/>
        <line num="510" count="1005" type="cond" truecount="1" falsecount="1"/>
        <line num="511" count="0" type="stmt"/>
        <line num="515" count="798" type="stmt"/>
        <line num="517" count="1126" type="stmt"/>
        <line num="518" count="1126" type="stmt"/>
        <line num="519" count="1126" type="cond" truecount="4" falsecount="0"/>
        <line num="520" count="1" type="stmt"/>
        <line num="523" count="1126" type="cond" truecount="3" falsecount="1"/>
        <line num="524" count="0" type="stmt"/>
        <line num="528" count="798" type="stmt"/>
        <line num="529" count="798" type="stmt"/>
        <line num="530" count="798" type="stmt"/>
        <line num="532" count="797" type="cond" truecount="1" falsecount="1"/>
        <line num="533" count="0" type="stmt"/>
        <line num="538" count="676" type="stmt"/>
        <line num="543" count="3269" type="stmt"/>
        <line num="548" count="11148" type="stmt"/>
        <line num="549" count="3269" type="stmt"/>
        <line num="551" count="11148" type="cond" truecount="2" falsecount="0"/>
        <line num="552" count="97" type="stmt"/>
        <line num="556" count="3269" type="cond" truecount="2" falsecount="0"/>
        <line num="558" count="3258" type="stmt"/>
        <line num="561" count="11032" type="cond" truecount="1" falsecount="1"/>
        <line num="562" count="11032" type="cond" truecount="1" falsecount="1"/>
        <line num="563" count="0" type="stmt"/>
        <line num="564" count="0" type="stmt"/>
        <line num="568" count="34596" type="stmt"/>
        <line num="569" count="11032" type="cond" truecount="1" falsecount="1"/>
        <line num="570" count="0" type="stmt"/>
        <line num="571" count="0" type="stmt"/>
        <line num="573" count="11032" type="stmt"/>
        <line num="574" count="11032" type="stmt"/>
        <line num="576" count="11032" type="stmt"/>
        <line num="579" count="3258" type="stmt"/>
        <line num="581" count="3258" type="stmt"/>
        <line num="586" count="11032" type="cond" truecount="2" falsecount="0"/>
        <line num="587" count="1" type="stmt"/>
        <line num="593" count="11031" type="stmt"/>
        <line num="594" count="11031" type="cond" truecount="6" falsecount="2"/>
        <line num="596" count="6136" type="cond" truecount="1" falsecount="1"/>
        <line num="597" count="0" type="stmt"/>
        <line num="599" count="6136" type="stmt"/>
        <line num="601" count="2258" type="cond" truecount="2" falsecount="0"/>
        <line num="602" count="2" type="stmt"/>
        <line num="604" count="2256" type="stmt"/>
        <line num="605" count="1706" type="cond" truecount="1" falsecount="1"/>
        <line num="606" count="0" type="stmt"/>
        <line num="610" count="2258" type="stmt"/>
        <line num="612" count="2037" type="cond" truecount="2" falsecount="0"/>
        <line num="613" count="1" type="stmt"/>
        <line num="615" count="2036" type="stmt"/>
        <line num="616" count="3266" type="cond" truecount="3" falsecount="1"/>
        <line num="617" count="0" type="stmt"/>
        <line num="621" count="2037" type="stmt"/>
        <line num="623" count="0" type="cond" truecount="0" falsecount="2"/>
        <line num="624" count="0" type="stmt"/>
        <line num="626" count="0" type="stmt"/>
        <line num="627" count="0" type="cond" truecount="0" falsecount="2"/>
        <line num="628" count="0" type="stmt"/>
        <line num="632" count="0" type="stmt"/>
        <line num="634" count="200" type="cond" truecount="4" falsecount="0"/>
        <line num="635" count="1" type="stmt"/>
        <line num="637" count="200" type="stmt"/>
        <line num="639" count="200" type="cond" truecount="4" falsecount="0"/>
        <line num="640" count="1" type="stmt"/>
        <line num="642" count="200" type="stmt"/>
        <line num="644" count="200" type="cond" truecount="3" falsecount="1"/>
        <line num="645" count="0" type="stmt"/>
        <line num="647" count="200" type="stmt"/>
        <line num="649" count="0" type="stmt"/>
        <line num="652" count="11031" type="cond" truecount="2" falsecount="0"/>
        <line num="653" count="5" type="stmt"/>
        <line num="659" count="11026" type="stmt"/>
        <line num="664" count="676" type="stmt"/>
        <line num="665" count="676" type="stmt"/>
        <line num="667" count="1746" type="stmt"/>
        <line num="668" count="1746" type="cond" truecount="2" falsecount="0"/>
        <line num="669" count="1657" type="stmt"/>
        <line num="671" count="1252" type="stmt"/>
        <line num="672" count="1222" type="stmt"/>
        <line num="673" count="1657" type="cond" truecount="2" falsecount="0"/>
        <line num="674" count="897" type="stmt"/>
        <line num="676" count="1746" type="stmt"/>
        <line num="679" count="676" type="stmt"/>
        <line num="684" count="195" type="stmt"/>
        <line num="687" count="691" type="stmt"/>
        <line num="688" count="1770" type="stmt"/>
        <line num="689" count="1770" type="stmt"/>
        <line num="690" count="1699" type="stmt"/>
        <line num="692" count="18" type="stmt"/>
        <line num="693" count="18" type="stmt"/>
        <line num="695" count="18" type="stmt"/>
        <line num="697" count="691" type="stmt"/>
        <line num="700" count="195" type="stmt"/>
        <line num="703" count="177" type="cond" truecount="1" falsecount="1"/>
        <line num="704" count="177" type="stmt"/>
        <line num="705" count="177" type="stmt"/>
        <line num="706" count="108" type="stmt"/>
        <line num="707" count="108" type="stmt"/>
        <line num="709" count="177" type="stmt"/>
        <line num="712" count="195" type="stmt"/>
        <line num="713" count="195" type="stmt"/>
        <line num="714" count="195" type="stmt"/>
        <line num="716" count="0" type="stmt"/>
        <line num="717" count="0" type="stmt"/>
        <line num="720" count="195" type="stmt"/>
        <line num="726" count="0" type="stmt"/>
        <line num="728" count="195" type="stmt"/>
        <line num="733" count="453" type="cond" truecount="2" falsecount="0"/>
        <line num="734" count="20" type="stmt"/>
        <line num="735" count="73" type="stmt"/>
        <line num="738" count="20" type="stmt"/>
      </file>
    </package>
    <package name="tests.public-methods.helpers">
      <metrics statements="30" coveredstatements="16" conditionals="2" coveredconditionals="0" methods="14" coveredmethods="6"/>
      <file name="mock-schemas.mjs" path="/Users/andreasbanholzer/PROJEKTE/2025-06-04--flowmcp/1-flowMCP-core/tests/public-methods/helpers/mock-schemas.mjs">
        <metrics statements="10" coveredstatements="5" conditionals="0" coveredconditionals="0" methods="4" coveredmethods="0"/>
        <line num="1" count="12" type="stmt"/>
        <line num="124" count="12" type="stmt"/>
        <line num="128" count="12" type="stmt"/>
        <line num="139" count="12" type="stmt"/>
        <line num="146" count="12" type="stmt"/>
        <line num="149" count="0" type="stmt"/>
        <line num="150" count="0" type="stmt"/>
        <line num="151" count="0" type="stmt"/>
        <line num="154" count="0" type="stmt"/>
        <line num="155" count="0" type="stmt"/>
      </file>
      <file name="mock-server.mjs" path="/Users/andreasbanholzer/PROJEKTE/2025-06-04--flowmcp/1-flowMCP-core/tests/public-methods/helpers/mock-server.mjs">
        <metrics statements="20" coveredstatements="11" conditionals="2" coveredconditionals="0" methods="10" coveredmethods="6"/>
        <line num="3" count="12" type="stmt"/>
        <line num="4" count="12" type="stmt"/>
        <line num="8" count="17" type="stmt"/>
        <line num="16" count="17" type="stmt"/>
        <line num="17" count="17" type="stmt"/>
        <line num="19" count="17" type="stmt"/>
        <line num="23" count="2" type="stmt"/>
        <line num="27" count="0" type="stmt"/>
        <line num="31" count="1" type="stmt"/>
        <line num="35" count="0" type="stmt"/>
        <line num="36" count="0" type="cond" truecount="0" falsecount="2"/>
        <line num="37" count="0" type="stmt"/>
        <line num="40" count="0" type="stmt"/>
        <line num="41" count="0" type="stmt"/>
        <line num="43" count="0" type="stmt"/>
        <line num="47" count="12" type="stmt"/>
        <line num="48" count="12" type="stmt"/>
        <line num="52" count="0" type="stmt"/>
        <line num="55" count="0" type="stmt"/>
        <line num="64" count="12" type="stmt"/>
      </file>
    </package>
  </project>
</coverage>
