{"/Users/andreasbanholzer/PROJEKTE/2025-06-04--flowmcp/1-flowMCP-core/src/index.mjs": {"path":"/Users/andreasbanholzer/PROJEKTE/2025-06-04--flowmcp/1-flowMCP-core/src/index.mjs","statementMap":{"0":{"start":{"line":19,"column":23},"end":{"line":24,"column":9}},"1":{"start":{"line":26,"column":28},"end":{"line":31,"column":9}},"2":{"start":{"line":33,"column":21},"end":{"line":33,"column":44}},"3":{"start":{"line":34,"column":8},"end":{"line":44,"column":15}},"4":{"start":{"line":36,"column":16},"end":{"line":43,"column":23}},"5":{"start":{"line":39,"column":24},"end":{"line":42,"column":25}},"6":{"start":{"line":40,"column":49},"end":{"line":40,"column":65}},"7":{"start":{"line":41,"column":28},"end":{"line":41,"column":80}},"8":{"start":{"line":46,"column":8},"end":{"line":48,"column":9}},"9":{"start":{"line":47,"column":12},"end":{"line":47,"column":52}},"10":{"start":{"line":50,"column":8},"end":{"line":50,"column":21}},"11":{"start":{"line":61,"column":8},"end":{"line":61,"column":122}},"12":{"start":{"line":63,"column":57},"end":{"line":64,"column":64}},"13":{"start":{"line":65,"column":8},"end":{"line":67,"column":9}},"14":{"start":{"line":66,"column":12},"end":{"line":66,"column":88}},"15":{"start":{"line":69,"column":8},"end":{"line":69,"column":37}},"16":{"start":{"line":74,"column":8},"end":{"line":74,"column":113}},"17":{"start":{"line":77,"column":51},"end":{"line":78,"column":61}},"18":{"start":{"line":81,"column":41},"end":{"line":82,"column":91}},"19":{"start":{"line":85,"column":43},"end":{"line":91,"column":15}},"20":{"start":{"line":93,"column":8},"end":{"line":93,"column":41}},"21":{"start":{"line":100,"column":8},"end":{"line":103,"column":9}},"22":{"start":{"line":101,"column":12},"end":{"line":101,"column":43}},"23":{"start":{"line":102,"column":12},"end":{"line":102,"column":63}},"24":{"start":{"line":105,"column":27},"end":{"line":105,"column":33}},"25":{"start":{"line":106,"column":25},"end":{"line":107,"column":27}},"26":{"start":{"line":109,"column":25},"end":{"line":115,"column":19}},"27":{"start":{"line":111,"column":46},"end":{"line":112,"column":105}},"28":{"start":{"line":113,"column":16},"end":{"line":113,"column":41}},"29":{"start":{"line":114,"column":16},"end":{"line":114,"column":26}},"30":{"start":{"line":117,"column":8},"end":{"line":138,"column":9}},"31":{"start":{"line":118,"column":30},"end":{"line":118,"column":43}},"32":{"start":{"line":119,"column":23},"end":{"line":119,"column":39}},"33":{"start":{"line":120,"column":27},"end":{"line":120,"column":44}},"34":{"start":{"line":121,"column":27},"end":{"line":121,"column":50}},"35":{"start":{"line":123,"column":31},"end":{"line":129,"column":13}},"36":{"start":{"line":124,"column":28},"end":{"line":124,"column":43}},"37":{"start":{"line":125,"column":16},"end":{"line":127,"column":17}},"38":{"start":{"line":126,"column":20},"end":{"line":126,"column":64}},"39":{"start":{"line":128,"column":16},"end":{"line":128,"column":42}},"40":{"start":{"line":131,"column":24},"end":{"line":135,"column":27}},"41":{"start":{"line":137,"column":12},"end":{"line":137,"column":31}},"42":{"start":{"line":140,"column":8},"end":{"line":140,"column":27}},"43":{"start":{"line":145,"column":53},"end":{"line":146,"column":79}},"44":{"start":{"line":147,"column":24},"end":{"line":147,"column":71}},"45":{"start":{"line":149,"column":8},"end":{"line":149,"column":36}},"46":{"start":{"line":154,"column":8},"end":{"line":158,"column":9}},"47":{"start":{"line":155,"column":12},"end":{"line":155,"column":43}},"48":{"start":{"line":156,"column":12},"end":{"line":156,"column":63}},"49":{"start":{"line":157,"column":12},"end":{"line":157,"column":57}},"50":{"start":{"line":160,"column":47},"end":{"line":161,"column":50}},"51":{"start":{"line":162,"column":23},"end":{"line":176,"column":9}},"52":{"start":{"line":167,"column":44},"end":{"line":168,"column":76}},"53":{"start":{"line":169,"column":59},"end":{"line":169,"column":65}},"54":{"start":{"line":170,"column":16},"end":{"line":174,"column":17}},"55":{"start":{"line":171,"column":20},"end":{"line":171,"column":101}},"56":{"start":{"line":173,"column":20},"end":{"line":173,"column":93}},"57":{"start":{"line":178,"column":8},"end":{"line":178,"column":21}},"58":{"start":{"line":183,"column":8},"end":{"line":183,"column":39}},"59":{"start":{"line":184,"column":23},"end":{"line":184,"column":51}},"60":{"start":{"line":186,"column":8},"end":{"line":186,"column":21}},"61":{"start":{"line":191,"column":8},"end":{"line":191,"column":39}},"62":{"start":{"line":192,"column":23},"end":{"line":192,"column":45}},"63":{"start":{"line":194,"column":8},"end":{"line":194,"column":21}},"64":{"start":{"line":199,"column":23},"end":{"line":200,"column":50}},"65":{"start":{"line":202,"column":8},"end":{"line":202,"column":21}},"66":{"start":{"line":207,"column":8},"end":{"line":207,"column":39}},"67":{"start":{"line":208,"column":8},"end":{"line":208,"column":59}},"68":{"start":{"line":209,"column":8},"end":{"line":209,"column":53}},"69":{"start":{"line":210,"column":8},"end":{"line":210,"column":66}},"70":{"start":{"line":211,"column":36},"end":{"line":212,"column":68}},"71":{"start":{"line":214,"column":8},"end":{"line":214,"column":21}}},"fnMap":{"0":{"name":"(anonymous_0)","decl":{"start":{"line":13,"column":4},"end":{"line":13,"column":5}},"loc":{"start":{"line":18,"column":8},"end":{"line":51,"column":5}},"line":18},"1":{"name":"(anonymous_1)","decl":{"start":{"line":35,"column":22},"end":{"line":35,"column":23}},"loc":{"start":{"line":35,"column":33},"end":{"line":44,"column":13}},"line":35},"2":{"name":"(anonymous_2)","decl":{"start":{"line":38,"column":30},"end":{"line":38,"column":31}},"loc":{"start":{"line":38,"column":53},"end":{"line":43,"column":21}},"line":38},"3":{"name":"(anonymous_3)","decl":{"start":{"line":54,"column":4},"end":{"line":54,"column":5}},"loc":{"start":{"line":60,"column":8},"end":{"line":70,"column":5}},"line":60},"4":{"name":"(anonymous_4)","decl":{"start":{"line":73,"column":4},"end":{"line":73,"column":5}},"loc":{"start":{"line":73,"column":106},"end":{"line":94,"column":5}},"line":73},"5":{"name":"(anonymous_5)","decl":{"start":{"line":99,"column":4},"end":{"line":99,"column":5}},"loc":{"start":{"line":99,"column":95},"end":{"line":141,"column":5}},"line":99},"6":{"name":"(anonymous_6)","decl":{"start":{"line":110,"column":21},"end":{"line":110,"column":22}},"loc":{"start":{"line":110,"column":43},"end":{"line":115,"column":13}},"line":110},"7":{"name":"(anonymous_7)","decl":{"start":{"line":123,"column":31},"end":{"line":123,"column":32}},"loc":{"start":{"line":123,"column":51},"end":{"line":129,"column":13}},"line":123},"8":{"name":"(anonymous_8)","decl":{"start":{"line":144,"column":4},"end":{"line":144,"column":5}},"loc":{"start":{"line":144,"column":92},"end":{"line":150,"column":5}},"line":144},"9":{"name":"(anonymous_9)","decl":{"start":{"line":153,"column":4},"end":{"line":153,"column":5}},"loc":{"start":{"line":153,"column":83},"end":{"line":179,"column":5}},"line":153},"10":{"name":"(anonymous_10)","decl":{"start":{"line":166,"column":20},"end":{"line":166,"column":21}},"loc":{"start":{"line":166,"column":43},"end":{"line":175,"column":13}},"line":166},"11":{"name":"(anonymous_11)","decl":{"start":{"line":182,"column":4},"end":{"line":182,"column":5}},"loc":{"start":{"line":182,"column":42},"end":{"line":187,"column":5}},"line":182},"12":{"name":"(anonymous_12)","decl":{"start":{"line":190,"column":4},"end":{"line":190,"column":5}},"loc":{"start":{"line":190,"column":37},"end":{"line":195,"column":5}},"line":190},"13":{"name":"(anonymous_13)","decl":{"start":{"line":198,"column":4},"end":{"line":198,"column":5}},"loc":{"start":{"line":198,"column":40},"end":{"line":203,"column":5}},"line":198},"14":{"name":"(anonymous_14)","decl":{"start":{"line":206,"column":4},"end":{"line":206,"column":5}},"loc":{"start":{"line":206,"column":74},"end":{"line":215,"column":5}},"line":206}},"branchMap":{"0":{"loc":{"start":{"line":15,"column":8},"end":{"line":15,"column":30}},"type":"default-arg","locations":[{"start":{"line":15,"column":28},"end":{"line":15,"column":30}}],"line":15},"1":{"loc":{"start":{"line":16,"column":8},"end":{"line":16,"column":30}},"type":"default-arg","locations":[{"start":{"line":16,"column":28},"end":{"line":16,"column":30}}],"line":16},"2":{"loc":{"start":{"line":17,"column":8},"end":{"line":17,"column":25}},"type":"default-arg","locations":[{"start":{"line":17,"column":23},"end":{"line":17,"column":25}}],"line":17},"3":{"loc":{"start":{"line":39,"column":24},"end":{"line":42,"column":25}},"type":"if","locations":[{"start":{"line":39,"column":24},"end":{"line":42,"column":25}},{"start":{},"end":{}}],"line":39},"4":{"loc":{"start":{"line":46,"column":8},"end":{"line":48,"column":9}},"type":"if","locations":[{"start":{"line":46,"column":8},"end":{"line":48,"column":9}},{"start":{},"end":{}}],"line":46},"5":{"loc":{"start":{"line":65,"column":8},"end":{"line":67,"column":9}},"type":"if","locations":[{"start":{"line":65,"column":8},"end":{"line":67,"column":9}},{"start":{},"end":{}}],"line":65},"6":{"loc":{"start":{"line":99,"column":64},"end":{"line":99,"column":77}},"type":"default-arg","locations":[{"start":{"line":99,"column":73},"end":{"line":99,"column":77}}],"line":99},"7":{"loc":{"start":{"line":99,"column":79},"end":{"line":99,"column":90}},"type":"default-arg","locations":[{"start":{"line":99,"column":86},"end":{"line":99,"column":90}}],"line":99},"8":{"loc":{"start":{"line":100,"column":8},"end":{"line":103,"column":9}},"type":"if","locations":[{"start":{"line":100,"column":8},"end":{"line":103,"column":9}},{"start":{},"end":{}}],"line":100},"9":{"loc":{"start":{"line":117,"column":8},"end":{"line":138,"column":9}},"type":"if","locations":[{"start":{"line":117,"column":8},"end":{"line":138,"column":9}},{"start":{},"end":{}}],"line":117},"10":{"loc":{"start":{"line":117,"column":12},"end":{"line":117,"column":44}},"type":"binary-expr","locations":[{"start":{"line":117,"column":12},"end":{"line":117,"column":19}},{"start":{"line":117,"column":23},"end":{"line":117,"column":44}}],"line":117},"11":{"loc":{"start":{"line":125,"column":16},"end":{"line":127,"column":17}},"type":"if","locations":[{"start":{"line":125,"column":16},"end":{"line":127,"column":17}},{"start":{},"end":{}}],"line":125},"12":{"loc":{"start":{"line":144,"column":74},"end":{"line":144,"column":87}},"type":"default-arg","locations":[{"start":{"line":144,"column":83},"end":{"line":144,"column":87}}],"line":144},"13":{"loc":{"start":{"line":153,"column":65},"end":{"line":153,"column":78}},"type":"default-arg","locations":[{"start":{"line":153,"column":74},"end":{"line":153,"column":78}}],"line":153},"14":{"loc":{"start":{"line":154,"column":8},"end":{"line":158,"column":9}},"type":"if","locations":[{"start":{"line":154,"column":8},"end":{"line":158,"column":9}},{"start":{},"end":{}}],"line":154},"15":{"loc":{"start":{"line":170,"column":16},"end":{"line":174,"column":17}},"type":"if","locations":[{"start":{"line":170,"column":16},"end":{"line":174,"column":17}},{"start":{"line":172,"column":23},"end":{"line":174,"column":17}}],"line":170}},"s":{"0":8,"1":8,"2":8,"3":8,"4":16,"5":64,"6":14,"7":14,"8":8,"9":2,"10":8,"11":10,"12":6,"13":5,"14":2,"15":3,"16":78,"17":70,"18":56,"19":56,"20":56,"21":9,"22":3,"23":2,"24":8,"25":8,"26":8,"27":14,"28":14,"29":14,"30":8,"31":1,"32":1,"33":1,"34":1,"35":1,"36":3,"37":3,"38":0,"39":3,"40":1,"41":1,"42":8,"43":19,"44":17,"45":17,"46":35,"47":7,"48":5,"49":4,"50":30,"51":30,"52":4,"53":4,"54":4,"55":2,"56":2,"57":30,"58":88,"59":87,"60":87,"61":14,"62":13,"63":13,"64":98,"65":98,"66":0,"67":0,"68":0,"69":0,"70":0,"71":0},"f":{"0":8,"1":16,"2":64,"3":10,"4":78,"5":9,"6":14,"7":3,"8":19,"9":35,"10":4,"11":88,"12":14,"13":98,"14":0},"b":{"0":[0],"1":[0],"2":[0],"3":[14,50],"4":[2,6],"5":[2,3],"6":[0],"7":[0],"8":[3,6],"9":[1,7],"10":[8,1],"11":[0,3],"12":[0],"13":[0],"14":[7,28],"15":[2,2]},"inputSourceMap":null,"_coverageSchema":"1a1c01bbd47fc00a2c39e90264f33305004495a9","hash":"f6b3b46a20cb206f8805ae0ad4cf80a83114f3a3"}
,"/Users/andreasbanholzer/PROJEKTE/2025-06-04--flowmcp/1-flowMCP-core/src/task/ArrayOfSchemasFilter.mjs": {"path":"/Users/andreasbanholzer/PROJEKTE/2025-06-04--flowmcp/1-flowMCP-core/src/task/ArrayOfSchemasFilter.mjs","statementMap":{"0":{"start":{"line":4,"column":23},"end":{"line":4,"column":25}},"1":{"start":{"line":5,"column":30},"end":{"line":5,"column":32}},"2":{"start":{"line":6,"column":32},"end":{"line":6,"column":34}},"3":{"start":{"line":9,"column":33},"end":{"line":9,"column":42}},"4":{"start":{"line":10,"column":35},"end":{"line":10,"column":37}},"5":{"start":{"line":12,"column":8},"end":{"line":30,"column":15}},"6":{"start":{"line":14,"column":52},"end":{"line":14,"column":58}},"7":{"start":{"line":15,"column":37},"end":{"line":15,"column":60}},"8":{"start":{"line":18,"column":16},"end":{"line":18,"column":80}},"9":{"start":{"line":18,"column":37},"end":{"line":18,"column":78}},"10":{"start":{"line":21,"column":16},"end":{"line":23,"column":17}},"11":{"start":{"line":22,"column":20},"end":{"line":22,"column":66}},"12":{"start":{"line":25,"column":16},"end":{"line":29,"column":23}},"13":{"start":{"line":28,"column":24},"end":{"line":28,"column":89}},"14":{"start":{"line":33,"column":8},"end":{"line":81,"column":15}},"15":{"start":{"line":35,"column":16},"end":{"line":38,"column":17}},"16":{"start":{"line":36,"column":20},"end":{"line":36,"column":74}},"17":{"start":{"line":37,"column":20},"end":{"line":37,"column":26}},"18":{"start":{"line":40,"column":35},"end":{"line":40,"column":45}},"19":{"start":{"line":42,"column":16},"end":{"line":80,"column":17}},"20":{"start":{"line":44,"column":37},"end":{"line":44,"column":61}},"21":{"start":{"line":45,"column":20},"end":{"line":48,"column":21}},"22":{"start":{"line":46,"column":24},"end":{"line":46,"column":84}},"23":{"start":{"line":47,"column":24},"end":{"line":47,"column":30}},"24":{"start":{"line":49,"column":20},"end":{"line":49,"column":50}},"25":{"start":{"line":52,"column":34},"end":{"line":52,"column":57}},"26":{"start":{"line":53,"column":20},"end":{"line":56,"column":21}},"27":{"start":{"line":54,"column":24},"end":{"line":54,"column":85}},"28":{"start":{"line":55,"column":24},"end":{"line":55,"column":30}},"29":{"start":{"line":58,"column":56},"end":{"line":58,"column":61}},"30":{"start":{"line":59,"column":41},"end":{"line":59,"column":64}},"31":{"start":{"line":60,"column":38},"end":{"line":60,"column":68}},"32":{"start":{"line":61,"column":38},"end":{"line":61,"column":120}},"33":{"start":{"line":64,"column":20},"end":{"line":67,"column":21}},"34":{"start":{"line":65,"column":24},"end":{"line":65,"column":86}},"35":{"start":{"line":66,"column":24},"end":{"line":66,"column":30}},"36":{"start":{"line":70,"column":20},"end":{"line":73,"column":21}},"37":{"start":{"line":71,"column":24},"end":{"line":71,"column":99}},"38":{"start":{"line":72,"column":24},"end":{"line":72,"column":30}},"39":{"start":{"line":76,"column":20},"end":{"line":78,"column":21}},"40":{"start":{"line":77,"column":24},"end":{"line":77,"column":60}},"41":{"start":{"line":79,"column":20},"end":{"line":79,"column":99}},"42":{"start":{"line":84,"column":8},"end":{"line":88,"column":9}},"43":{"start":{"line":85,"column":33},"end":{"line":85,"column":57}},"44":{"start":{"line":86,"column":33},"end":{"line":86,"column":117}},"45":{"start":{"line":86,"column":90},"end":{"line":86,"column":100}},"46":{"start":{"line":87,"column":12},"end":{"line":87,"column":43}},"47":{"start":{"line":90,"column":8},"end":{"line":90,"column":49}},"48":{"start":{"line":95,"column":37},"end":{"line":108,"column":15}},"49":{"start":{"line":97,"column":38},"end":{"line":97,"column":44}},"50":{"start":{"line":99,"column":16},"end":{"line":107,"column":17}},"51":{"start":{"line":100,"column":20},"end":{"line":101,"column":97}},"52":{"start":{"line":101,"column":44},"end":{"line":101,"column":95}},"53":{"start":{"line":102,"column":23},"end":{"line":107,"column":17}},"54":{"start":{"line":103,"column":20},"end":{"line":104,"column":97}},"55":{"start":{"line":104,"column":44},"end":{"line":104,"column":95}},"56":{"start":{"line":106,"column":20},"end":{"line":106,"column":31}},"57":{"start":{"line":110,"column":8},"end":{"line":110,"column":39}},"58":{"start":{"line":115,"column":32},"end":{"line":198,"column":15}},"59":{"start":{"line":117,"column":33},"end":{"line":117,"column":39}},"60":{"start":{"line":118,"column":37},"end":{"line":118,"column":67}},"61":{"start":{"line":121,"column":16},"end":{"line":125,"column":17}},"62":{"start":{"line":124,"column":20},"end":{"line":124,"column":58}},"63":{"start":{"line":128,"column":16},"end":{"line":130,"column":17}},"64":{"start":{"line":129,"column":20},"end":{"line":129,"column":73}},"65":{"start":{"line":133,"column":16},"end":{"line":138,"column":17}},"66":{"start":{"line":134,"column":20},"end":{"line":137,"column":25}},"67":{"start":{"line":136,"column":28},"end":{"line":136,"column":91}},"68":{"start":{"line":136,"column":52},"end":{"line":136,"column":89}},"69":{"start":{"line":141,"column":39},"end":{"line":144,"column":21}},"70":{"start":{"line":143,"column":24},"end":{"line":143,"column":87}},"71":{"start":{"line":143,"column":48},"end":{"line":143,"column":85}},"72":{"start":{"line":146,"column":39},"end":{"line":146,"column":85}},"73":{"start":{"line":148,"column":16},"end":{"line":148,"column":55}},"74":{"start":{"line":151,"column":38},"end":{"line":151,"column":44}},"75":{"start":{"line":152,"column":34},"end":{"line":152,"column":47}},"76":{"start":{"line":154,"column":16},"end":{"line":156,"column":17}},"77":{"start":{"line":155,"column":20},"end":{"line":155,"column":36}},"78":{"start":{"line":158,"column":37},"end":{"line":158,"column":60}},"79":{"start":{"line":161,"column":16},"end":{"line":163,"column":17}},"80":{"start":{"line":162,"column":20},"end":{"line":162,"column":36}},"81":{"start":{"line":165,"column":37},"end":{"line":165,"column":68}},"82":{"start":{"line":166,"column":41},"end":{"line":167,"column":68}},"83":{"start":{"line":167,"column":39},"end":{"line":167,"column":66}},"84":{"start":{"line":170,"column":16},"end":{"line":191,"column":27}},"85":{"start":{"line":173,"column":47},"end":{"line":173,"column":70}},"86":{"start":{"line":176,"column":43},"end":{"line":176,"column":63}},"87":{"start":{"line":177,"column":24},"end":{"line":179,"column":25}},"88":{"start":{"line":178,"column":28},"end":{"line":178,"column":40}},"89":{"start":{"line":181,"column":24},"end":{"line":186,"column":25}},"90":{"start":{"line":183,"column":28},"end":{"line":183,"column":74}},"91":{"start":{"line":185,"column":28},"end":{"line":185,"column":39}},"92":{"start":{"line":189,"column":24},"end":{"line":189,"column":48}},"93":{"start":{"line":190,"column":24},"end":{"line":190,"column":34}},"94":{"start":{"line":193,"column":16},"end":{"line":193,"column":32}},"95":{"start":{"line":197,"column":16},"end":{"line":197,"column":62}},"96":{"start":{"line":200,"column":8},"end":{"line":200,"column":58}}},"fnMap":{"0":{"name":"(anonymous_0)","decl":{"start":{"line":3,"column":4},"end":{"line":3,"column":5}},"loc":{"start":{"line":3,"column":60},"end":{"line":91,"column":5}},"line":3},"1":{"name":"(anonymous_1)","decl":{"start":{"line":13,"column":22},"end":{"line":13,"column":23}},"loc":{"start":{"line":13,"column":32},"end":{"line":30,"column":13}},"line":13},"2":{"name":"(anonymous_2)","decl":{"start":{"line":18,"column":30},"end":{"line":18,"column":31}},"loc":{"start":{"line":18,"column":37},"end":{"line":18,"column":78}},"line":18},"3":{"name":"(anonymous_3)","decl":{"start":{"line":27,"column":30},"end":{"line":27,"column":31}},"loc":{"start":{"line":27,"column":43},"end":{"line":29,"column":21}},"line":27},"4":{"name":"(anonymous_4)","decl":{"start":{"line":34,"column":22},"end":{"line":34,"column":23}},"loc":{"start":{"line":34,"column":29},"end":{"line":81,"column":13}},"line":34},"5":{"name":"(anonymous_5)","decl":{"start":{"line":86,"column":83},"end":{"line":86,"column":84}},"loc":{"start":{"line":86,"column":90},"end":{"line":86,"column":100}},"line":86},"6":{"name":"(anonymous_6)","decl":{"start":{"line":94,"column":4},"end":{"line":94,"column":5}},"loc":{"start":{"line":94,"column":90},"end":{"line":111,"column":5}},"line":94},"7":{"name":"(anonymous_7)","decl":{"start":{"line":96,"column":21},"end":{"line":96,"column":22}},"loc":{"start":{"line":96,"column":31},"end":{"line":108,"column":13}},"line":96},"8":{"name":"(anonymous_8)","decl":{"start":{"line":101,"column":31},"end":{"line":101,"column":32}},"loc":{"start":{"line":101,"column":44},"end":{"line":101,"column":95}},"line":101},"9":{"name":"(anonymous_9)","decl":{"start":{"line":104,"column":31},"end":{"line":104,"column":32}},"loc":{"start":{"line":104,"column":44},"end":{"line":104,"column":95}},"line":104},"10":{"name":"(anonymous_10)","decl":{"start":{"line":114,"column":4},"end":{"line":114,"column":5}},"loc":{"start":{"line":114,"column":114},"end":{"line":201,"column":5}},"line":114},"11":{"name":"(anonymous_11)","decl":{"start":{"line":116,"column":21},"end":{"line":116,"column":22}},"loc":{"start":{"line":116,"column":31},"end":{"line":149,"column":13}},"line":116},"12":{"name":"(anonymous_12)","decl":{"start":{"line":135,"column":31},"end":{"line":135,"column":32}},"loc":{"start":{"line":136,"column":28},"end":{"line":136,"column":91}},"line":136},"13":{"name":"(anonymous_13)","decl":{"start":{"line":136,"column":39},"end":{"line":136,"column":40}},"loc":{"start":{"line":136,"column":52},"end":{"line":136,"column":89}},"line":136},"14":{"name":"(anonymous_14)","decl":{"start":{"line":142,"column":27},"end":{"line":142,"column":28}},"loc":{"start":{"line":143,"column":24},"end":{"line":143,"column":87}},"line":143},"15":{"name":"(anonymous_15)","decl":{"start":{"line":143,"column":35},"end":{"line":143,"column":36}},"loc":{"start":{"line":143,"column":48},"end":{"line":143,"column":85}},"line":143},"16":{"name":"(anonymous_16)","decl":{"start":{"line":150,"column":18},"end":{"line":150,"column":19}},"loc":{"start":{"line":150,"column":28},"end":{"line":194,"column":13}},"line":150},"17":{"name":"(anonymous_17)","decl":{"start":{"line":167,"column":27},"end":{"line":167,"column":28}},"loc":{"start":{"line":167,"column":39},"end":{"line":167,"column":66}},"line":167},"18":{"name":"(anonymous_18)","decl":{"start":{"line":172,"column":29},"end":{"line":172,"column":30}},"loc":{"start":{"line":172,"column":50},"end":{"line":187,"column":21}},"line":172},"19":{"name":"(anonymous_19)","decl":{"start":{"line":188,"column":29},"end":{"line":188,"column":30}},"loc":{"start":{"line":188,"column":62},"end":{"line":191,"column":21}},"line":188},"20":{"name":"(anonymous_20)","decl":{"start":{"line":195,"column":21},"end":{"line":195,"column":22}},"loc":{"start":{"line":195,"column":31},"end":{"line":198,"column":13}},"line":195}},"branchMap":{"0":{"loc":{"start":{"line":21,"column":16},"end":{"line":23,"column":17}},"type":"if","locations":[{"start":{"line":21,"column":16},"end":{"line":23,"column":17}},{"start":{},"end":{}}],"line":21},"1":{"loc":{"start":{"line":35,"column":16},"end":{"line":38,"column":17}},"type":"if","locations":[{"start":{"line":35,"column":16},"end":{"line":38,"column":17}},{"start":{},"end":{}}],"line":35},"2":{"loc":{"start":{"line":35,"column":20},"end":{"line":35,"column":64}},"type":"binary-expr","locations":[{"start":{"line":35,"column":20},"end":{"line":35,"column":43}},{"start":{"line":35,"column":47},"end":{"line":35,"column":64}}],"line":35},"3":{"loc":{"start":{"line":42,"column":16},"end":{"line":80,"column":17}},"type":"if","locations":[{"start":{"line":42,"column":16},"end":{"line":80,"column":17}},{"start":{"line":50,"column":23},"end":{"line":80,"column":17}}],"line":42},"4":{"loc":{"start":{"line":45,"column":20},"end":{"line":48,"column":21}},"type":"if","locations":[{"start":{"line":45,"column":20},"end":{"line":48,"column":21}},{"start":{},"end":{}}],"line":45},"5":{"loc":{"start":{"line":53,"column":20},"end":{"line":56,"column":21}},"type":"if","locations":[{"start":{"line":53,"column":20},"end":{"line":56,"column":21}},{"start":{},"end":{}}],"line":53},"6":{"loc":{"start":{"line":53,"column":24},"end":{"line":53,"column":80}},"type":"binary-expr","locations":[{"start":{"line":53,"column":24},"end":{"line":53,"column":42}},{"start":{"line":53,"column":46},"end":{"line":53,"column":61}},{"start":{"line":53,"column":65},"end":{"line":53,"column":80}}],"line":53},"7":{"loc":{"start":{"line":61,"column":38},"end":{"line":61,"column":120}},"type":"cond-expr","locations":[{"start":{"line":61,"column":50},"end":{"line":61,"column":91}},{"start":{"line":61,"column":94},"end":{"line":61,"column":120}}],"line":61},"8":{"loc":{"start":{"line":64,"column":20},"end":{"line":67,"column":21}},"type":"if","locations":[{"start":{"line":64,"column":20},"end":{"line":67,"column":21}},{"start":{},"end":{}}],"line":64},"9":{"loc":{"start":{"line":70,"column":20},"end":{"line":73,"column":21}},"type":"if","locations":[{"start":{"line":70,"column":20},"end":{"line":73,"column":21}},{"start":{},"end":{}}],"line":70},"10":{"loc":{"start":{"line":76,"column":20},"end":{"line":78,"column":21}},"type":"if","locations":[{"start":{"line":76,"column":20},"end":{"line":78,"column":21}},{"start":{},"end":{}}],"line":76},"11":{"loc":{"start":{"line":79,"column":58},"end":{"line":79,"column":97}},"type":"cond-expr","locations":[{"start":{"line":79,"column":70},"end":{"line":79,"column":85}},{"start":{"line":79,"column":88},"end":{"line":79,"column":97}}],"line":79},"12":{"loc":{"start":{"line":84,"column":8},"end":{"line":88,"column":9}},"type":"if","locations":[{"start":{"line":84,"column":8},"end":{"line":88,"column":9}},{"start":{},"end":{}}],"line":84},"13":{"loc":{"start":{"line":99,"column":16},"end":{"line":107,"column":17}},"type":"if","locations":[{"start":{"line":99,"column":16},"end":{"line":107,"column":17}},{"start":{"line":102,"column":23},"end":{"line":107,"column":17}}],"line":99},"14":{"loc":{"start":{"line":102,"column":23},"end":{"line":107,"column":17}},"type":"if","locations":[{"start":{"line":102,"column":23},"end":{"line":107,"column":17}},{"start":{"line":105,"column":23},"end":{"line":107,"column":17}}],"line":102},"15":{"loc":{"start":{"line":121,"column":16},"end":{"line":125,"column":17}},"type":"if","locations":[{"start":{"line":121,"column":16},"end":{"line":125,"column":17}},{"start":{},"end":{}}],"line":121},"16":{"loc":{"start":{"line":121,"column":20},"end":{"line":121,"column":93}},"type":"binary-expr","locations":[{"start":{"line":121,"column":20},"end":{"line":121,"column":46}},{"start":{"line":121,"column":50},"end":{"line":121,"column":93}}],"line":121},"17":{"loc":{"start":{"line":128,"column":16},"end":{"line":130,"column":17}},"type":"if","locations":[{"start":{"line":128,"column":16},"end":{"line":130,"column":17}},{"start":{},"end":{}}],"line":128},"18":{"loc":{"start":{"line":128,"column":20},"end":{"line":128,"column":91}},"type":"binary-expr","locations":[{"start":{"line":128,"column":20},"end":{"line":128,"column":46}},{"start":{"line":128,"column":50},"end":{"line":128,"column":91}}],"line":128},"19":{"loc":{"start":{"line":133,"column":16},"end":{"line":138,"column":17}},"type":"if","locations":[{"start":{"line":133,"column":16},"end":{"line":138,"column":17}},{"start":{},"end":{}}],"line":133},"20":{"loc":{"start":{"line":133,"column":20},"end":{"line":133,"column":91}},"type":"binary-expr","locations":[{"start":{"line":133,"column":20},"end":{"line":133,"column":44}},{"start":{"line":133,"column":48},"end":{"line":133,"column":91}}],"line":133},"21":{"loc":{"start":{"line":148,"column":23},"end":{"line":148,"column":55}},"type":"binary-expr","locations":[{"start":{"line":148,"column":23},"end":{"line":148,"column":37}},{"start":{"line":148,"column":41},"end":{"line":148,"column":55}}],"line":148},"22":{"loc":{"start":{"line":154,"column":16},"end":{"line":156,"column":17}},"type":"if","locations":[{"start":{"line":154,"column":16},"end":{"line":156,"column":17}},{"start":{},"end":{}}],"line":154},"23":{"loc":{"start":{"line":161,"column":16},"end":{"line":163,"column":17}},"type":"if","locations":[{"start":{"line":161,"column":16},"end":{"line":163,"column":17}},{"start":{},"end":{}}],"line":161},"24":{"loc":{"start":{"line":177,"column":24},"end":{"line":179,"column":25}},"type":"if","locations":[{"start":{"line":177,"column":24},"end":{"line":179,"column":25}},{"start":{},"end":{}}],"line":177},"25":{"loc":{"start":{"line":181,"column":24},"end":{"line":186,"column":25}},"type":"if","locations":[{"start":{"line":181,"column":24},"end":{"line":186,"column":25}},{"start":{"line":184,"column":31},"end":{"line":186,"column":25}}],"line":181}},"s":{"0":70,"1":70,"2":70,"3":70,"4":70,"5":70,"6":1273,"7":1273,"8":1273,"9":2468,"10":1273,"11":1205,"12":1273,"13":2594,"14":70,"15":100,"16":0,"17":0,"18":100,"19":100,"20":26,"21":26,"22":3,"23":3,"24":23,"25":74,"26":74,"27":8,"28":8,"29":66,"30":66,"31":66,"32":66,"33":66,"34":5,"35":5,"36":61,"37":7,"38":7,"39":54,"40":37,"41":54,"42":70,"43":14,"44":14,"45":23,"46":14,"47":56,"48":56,"49":1223,"50":1223,"51":78,"52":87,"53":1145,"54":15,"55":19,"56":1130,"57":56,"58":56,"59":1167,"60":1167,"61":1167,"62":32,"63":1135,"64":96,"65":1039,"66":1030,"67":1038,"68":1064,"69":9,"70":9,"71":14,"72":9,"73":9,"74":1116,"75":1116,"76":1116,"77":1044,"78":72,"79":72,"80":1,"81":71,"82":71,"83":74,"84":71,"85":166,"86":166,"87":166,"88":15,"89":151,"90":141,"91":10,"92":43,"93":43,"94":71,"95":1116,"96":56},"f":{"0":70,"1":1273,"2":2468,"3":2594,"4":100,"5":23,"6":56,"7":1223,"8":87,"9":19,"10":56,"11":1167,"12":1038,"13":1064,"14":9,"15":14,"16":1116,"17":74,"18":166,"19":43,"20":1116},"b":{"0":[1205,68],"1":[0,100],"2":[100,100],"3":[26,74],"4":[3,23],"5":[8,66],"6":[74,69,67],"7":[18,48],"8":[5,61],"9":[7,54],"10":[37,17],"11":[18,36],"12":[14,56],"13":[78,1145],"14":[15,1130],"15":[32,1135],"16":[1167,128],"17":[96,1039],"18":[1135,96],"19":[1030,9],"20":[1039,1039],"21":[9,5],"22":[1044,72],"23":[1,71],"24":[15,151],"25":[141,10]},"inputSourceMap":null,"_coverageSchema":"1a1c01bbd47fc00a2c39e90264f33305004495a9","hash":"2f4bafc39e99455daf04675bcd385c2034a6bd67"}
,"/Users/andreasbanholzer/PROJEKTE/2025-06-04--flowmcp/1-flowMCP-core/src/task/Fetch.mjs": {"path":"/Users/andreasbanholzer/PROJEKTE/2025-06-04--flowmcp/1-flowMCP-core/src/task/Fetch.mjs","statementMap":{"0":{"start":{"line":9,"column":21},"end":{"line":14,"column":9}},"1":{"start":{"line":16,"column":77},"end":{"line":17,"column":72}},"2":{"start":{"line":18,"column":8},"end":{"line":18,"column":50}},"3":{"start":{"line":19,"column":22},"end":{"line":19,"column":70}},"4":{"start":{"line":21,"column":8},"end":{"line":33,"column":36}},"5":{"start":{"line":23,"column":47},"end":{"line":33,"column":15}},"6":{"start":{"line":24,"column":42},"end":{"line":25,"column":75}},"7":{"start":{"line":25,"column":46},"end":{"line":25,"column":73}},"8":{"start":{"line":26,"column":16},"end":{"line":32,"column":17}},"9":{"start":{"line":27,"column":20},"end":{"line":27,"column":79}},"10":{"start":{"line":28,"column":23},"end":{"line":32,"column":17}},"11":{"start":{"line":29,"column":35},"end":{"line":29,"column":117}},"12":{"start":{"line":30,"column":20},"end":{"line":30,"column":42}},"13":{"start":{"line":31,"column":20},"end":{"line":31,"column":44}},"14":{"start":{"line":35,"column":33},"end":{"line":36,"column":62}},"15":{"start":{"line":37,"column":8},"end":{"line":37,"column":45}},"16":{"start":{"line":39,"column":8},"end":{"line":39,"column":34}},"17":{"start":{"line":86,"column":52},"end":{"line":86,"column":58}},"18":{"start":{"line":87,"column":22},"end":{"line":87,"column":41}},"19":{"start":{"line":88,"column":49},"end":{"line":88,"column":54}},"20":{"start":{"line":89,"column":28},"end":{"line":89,"column":33}},"21":{"start":{"line":91,"column":24},"end":{"line":98,"column":19}},"22":{"start":{"line":94,"column":16},"end":{"line":96,"column":19}},"23":{"start":{"line":97,"column":16},"end":{"line":97,"column":26}},"24":{"start":{"line":100,"column":39},"end":{"line":109,"column":15}},"25":{"start":{"line":102,"column":16},"end":{"line":104,"column":17}},"26":{"start":{"line":103,"column":20},"end":{"line":103,"column":57}},"27":{"start":{"line":105,"column":30},"end":{"line":105,"column":35}},"28":{"start":{"line":106,"column":33},"end":{"line":106,"column":84}},"29":{"start":{"line":108,"column":16},"end":{"line":108,"column":45}},"30":{"start":{"line":111,"column":21},"end":{"line":118,"column":19}},"31":{"start":{"line":112,"column":55},"end":{"line":112,"column":74}},"32":{"start":{"line":114,"column":33},"end":{"line":115,"column":87}},"33":{"start":{"line":116,"column":16},"end":{"line":116,"column":37}},"34":{"start":{"line":117,"column":16},"end":{"line":117,"column":26}},"35":{"start":{"line":120,"column":18},"end":{"line":130,"column":35}},"36":{"start":{"line":121,"column":55},"end":{"line":121,"column":76}},"37":{"start":{"line":124,"column":27},"end":{"line":125,"column":77}},"38":{"start":{"line":126,"column":16},"end":{"line":128,"column":51}},"39":{"start":{"line":129,"column":16},"end":{"line":129,"column":26}},"40":{"start":{"line":131,"column":8},"end":{"line":136,"column":20}},"41":{"start":{"line":134,"column":16},"end":{"line":134,"column":59}},"42":{"start":{"line":135,"column":16},"end":{"line":135,"column":26}},"43":{"start":{"line":138,"column":28},"end":{"line":147,"column":34}},"44":{"start":{"line":139,"column":55},"end":{"line":139,"column":75}},"45":{"start":{"line":141,"column":33},"end":{"line":142,"column":87}},"46":{"start":{"line":143,"column":16},"end":{"line":143,"column":59}},"47":{"start":{"line":143,"column":47},"end":{"line":143,"column":57}},"48":{"start":{"line":145,"column":16},"end":{"line":145,"column":48}},"49":{"start":{"line":146,"column":16},"end":{"line":146,"column":26}},"50":{"start":{"line":149,"column":20},"end":{"line":149,"column":22}},"51":{"start":{"line":150,"column":8},"end":{"line":150,"column":58}},"52":{"start":{"line":151,"column":8},"end":{"line":151,"column":47}},"53":{"start":{"line":152,"column":8},"end":{"line":152,"column":20}},"54":{"start":{"line":154,"column":8},"end":{"line":159,"column":19}},"55":{"start":{"line":156,"column":29},"end":{"line":156,"column":62}},"56":{"start":{"line":157,"column":16},"end":{"line":157,"column":56}},"57":{"start":{"line":158,"column":16},"end":{"line":158,"column":26}},"58":{"start":{"line":161,"column":27},"end":{"line":168,"column":19}},"59":{"start":{"line":163,"column":33},"end":{"line":164,"column":77}},"60":{"start":{"line":165,"column":16},"end":{"line":165,"column":59}},"61":{"start":{"line":165,"column":47},"end":{"line":165,"column":57}},"62":{"start":{"line":166,"column":16},"end":{"line":166,"column":37}},"63":{"start":{"line":167,"column":16},"end":{"line":167,"column":26}},"64":{"start":{"line":170,"column":8},"end":{"line":170,"column":75}},"65":{"start":{"line":175,"column":8},"end":{"line":175,"column":58}},"66":{"start":{"line":182,"column":65},"end":{"line":182,"column":72}},"67":{"start":{"line":183,"column":8},"end":{"line":183,"column":58}},"68":{"start":{"line":184,"column":8},"end":{"line":184,"column":58}},"69":{"start":{"line":184,"column":43},"end":{"line":184,"column":56}},"70":{"start":{"line":186,"column":8},"end":{"line":234,"column":9}},"71":{"start":{"line":188,"column":16},"end":{"line":204,"column":17}},"72":{"start":{"line":189,"column":37},"end":{"line":192,"column":23}},"73":{"start":{"line":194,"column":20},"end":{"line":196,"column":21}},"74":{"start":{"line":195,"column":24},"end":{"line":195,"column":92}},"75":{"start":{"line":198,"column":33},"end":{"line":198,"column":54}},"76":{"start":{"line":199,"column":20},"end":{"line":199,"column":41}},"77":{"start":{"line":201,"column":20},"end":{"line":201,"column":44}},"78":{"start":{"line":202,"column":37},"end":{"line":202,"column":72}},"79":{"start":{"line":203,"column":20},"end":{"line":203,"column":58}},"80":{"start":{"line":205,"column":16},"end":{"line":205,"column":22}},"81":{"start":{"line":207,"column":16},"end":{"line":227,"column":17}},"82":{"start":{"line":208,"column":37},"end":{"line":215,"column":23}},"83":{"start":{"line":217,"column":20},"end":{"line":219,"column":21}},"84":{"start":{"line":218,"column":24},"end":{"line":218,"column":92}},"85":{"start":{"line":221,"column":33},"end":{"line":221,"column":54}},"86":{"start":{"line":222,"column":20},"end":{"line":222,"column":41}},"87":{"start":{"line":224,"column":20},"end":{"line":224,"column":44}},"88":{"start":{"line":225,"column":37},"end":{"line":225,"column":72}},"89":{"start":{"line":226,"column":20},"end":{"line":226,"column":58}},"90":{"start":{"line":229,"column":16},"end":{"line":229,"column":22}},"91":{"start":{"line":231,"column":16},"end":{"line":231,"column":40}},"92":{"start":{"line":232,"column":16},"end":{"line":232,"column":75}},"93":{"start":{"line":233,"column":16},"end":{"line":233,"column":63}},"94":{"start":{"line":236,"column":8},"end":{"line":236,"column":58}},"95":{"start":{"line":236,"column":43},"end":{"line":236,"column":56}},"96":{"start":{"line":238,"column":8},"end":{"line":238,"column":21}},"97":{"start":{"line":243,"column":30},"end":{"line":243,"column":37}},"98":{"start":{"line":244,"column":8},"end":{"line":254,"column":9}},"99":{"start":{"line":245,"column":12},"end":{"line":245,"column":50}},"100":{"start":{"line":245,"column":40},"end":{"line":245,"column":48}},"101":{"start":{"line":246,"column":12},"end":{"line":253,"column":13}},"102":{"start":{"line":247,"column":63},"end":{"line":247,"column":130}},"103":{"start":{"line":248,"column":16},"end":{"line":248,"column":32}},"104":{"start":{"line":249,"column":16},"end":{"line":249,"column":34}},"105":{"start":{"line":251,"column":16},"end":{"line":251,"column":40}},"106":{"start":{"line":252,"column":16},"end":{"line":252,"column":52}},"107":{"start":{"line":256,"column":8},"end":{"line":256,"column":34}},"108":{"start":{"line":262,"column":23},"end":{"line":262,"column":25}},"109":{"start":{"line":265,"column":8},"end":{"line":281,"column":9}},"110":{"start":{"line":266,"column":12},"end":{"line":266,"column":42}},"111":{"start":{"line":269,"column":13},"end":{"line":281,"column":9}},"112":{"start":{"line":270,"column":12},"end":{"line":270,"column":64}},"113":{"start":{"line":271,"column":12},"end":{"line":271,"column":60}},"114":{"start":{"line":274,"column":13},"end":{"line":281,"column":9}},"115":{"start":{"line":275,"column":12},"end":{"line":275,"column":65}},"116":{"start":{"line":276,"column":12},"end":{"line":276,"column":58}},"117":{"start":{"line":280,"column":12},"end":{"line":280,"column":78}},"118":{"start":{"line":283,"column":8},"end":{"line":283,"column":23}},"119":{"start":{"line":289,"column":19},"end":{"line":289,"column":23}},"120":{"start":{"line":290,"column":21},"end":{"line":290,"column":25}},"121":{"start":{"line":291,"column":24},"end":{"line":291,"column":28}},"122":{"start":{"line":293,"column":8},"end":{"line":294,"column":84}},"123":{"start":{"line":293,"column":51},"end":{"line":293,"column":71}},"124":{"start":{"line":293,"column":72},"end":{"line":293,"column":85}},"125":{"start":{"line":294,"column":13},"end":{"line":294,"column":84}},"126":{"start":{"line":294,"column":44},"end":{"line":294,"column":66}},"127":{"start":{"line":294,"column":67},"end":{"line":294,"column":82}},"128":{"start":{"line":295,"column":8},"end":{"line":295,"column":38}},"129":{"start":{"line":295,"column":24},"end":{"line":295,"column":36}},"130":{"start":{"line":297,"column":8},"end":{"line":306,"column":9}},"131":{"start":{"line":297,"column":32},"end":{"line":297,"column":47}},"132":{"start":{"line":298,"column":13},"end":{"line":306,"column":9}},"133":{"start":{"line":299,"column":26},"end":{"line":299,"column":47}},"134":{"start":{"line":300,"column":24},"end":{"line":300,"column":45}},"135":{"start":{"line":301,"column":12},"end":{"line":305,"column":13}},"136":{"start":{"line":302,"column":16},"end":{"line":302,"column":64}},"137":{"start":{"line":304,"column":16},"end":{"line":304,"column":71}},"138":{"start":{"line":308,"column":8},"end":{"line":315,"column":9}},"139":{"start":{"line":309,"column":12},"end":{"line":309,"column":70}},"140":{"start":{"line":309,"column":52},"end":{"line":309,"column":68}},"141":{"start":{"line":310,"column":12},"end":{"line":310,"column":72}},"142":{"start":{"line":311,"column":15},"end":{"line":315,"column":9}},"143":{"start":{"line":312,"column":12},"end":{"line":312,"column":81}},"144":{"start":{"line":314,"column":12},"end":{"line":314,"column":64}},"145":{"start":{"line":317,"column":8},"end":{"line":317,"column":20}},"146":{"start":{"line":322,"column":27},"end":{"line":322,"column":31}},"147":{"start":{"line":323,"column":8},"end":{"line":331,"column":9}},"148":{"start":{"line":324,"column":12},"end":{"line":324,"column":49}},"149":{"start":{"line":326,"column":12},"end":{"line":330,"column":13}},"150":{"start":{"line":327,"column":16},"end":{"line":327,"column":55}},"151":{"start":{"line":329,"column":16},"end":{"line":329,"column":88}},"152":{"start":{"line":333,"column":8},"end":{"line":333,"column":31}}},"fnMap":{"0":{"name":"(anonymous_0)","decl":{"start":{"line":8,"column":4},"end":{"line":8,"column":5}},"loc":{"start":{"line":8,"column":72},"end":{"line":40,"column":5}},"line":8},"1":{"name":"(anonymous_1)","decl":{"start":{"line":23,"column":21},"end":{"line":23,"column":22}},"loc":{"start":{"line":23,"column":47},"end":{"line":33,"column":15}},"line":23},"2":{"name":"(anonymous_2)","decl":{"start":{"line":23,"column":61},"end":{"line":23,"column":62}},"loc":{"start":{"line":23,"column":73},"end":{"line":33,"column":13}},"line":23},"3":{"name":"(anonymous_3)","decl":{"start":{"line":25,"column":29},"end":{"line":25,"column":30}},"loc":{"start":{"line":25,"column":46},"end":{"line":25,"column":73}},"line":25},"4":{"name":"(anonymous_4)","decl":{"start":{"line":93,"column":21},"end":{"line":93,"column":22}},"loc":{"start":{"line":93,"column":48},"end":{"line":98,"column":13}},"line":93},"5":{"name":"(anonymous_5)","decl":{"start":{"line":101,"column":18},"end":{"line":101,"column":19}},"loc":{"start":{"line":101,"column":31},"end":{"line":109,"column":13}},"line":101},"6":{"name":"(anonymous_6)","decl":{"start":{"line":112,"column":21},"end":{"line":112,"column":22}},"loc":{"start":{"line":112,"column":55},"end":{"line":112,"column":74}},"line":112},"7":{"name":"(anonymous_7)","decl":{"start":{"line":113,"column":21},"end":{"line":113,"column":22}},"loc":{"start":{"line":113,"column":72},"end":{"line":118,"column":13}},"line":113},"8":{"name":"(anonymous_8)","decl":{"start":{"line":121,"column":21},"end":{"line":121,"column":22}},"loc":{"start":{"line":121,"column":55},"end":{"line":121,"column":76}},"line":121},"9":{"name":"(anonymous_9)","decl":{"start":{"line":122,"column":21},"end":{"line":122,"column":22}},"loc":{"start":{"line":122,"column":72},"end":{"line":130,"column":13}},"line":122},"10":{"name":"(anonymous_10)","decl":{"start":{"line":133,"column":21},"end":{"line":133,"column":22}},"loc":{"start":{"line":133,"column":48},"end":{"line":136,"column":13}},"line":133},"11":{"name":"(anonymous_11)","decl":{"start":{"line":139,"column":21},"end":{"line":139,"column":22}},"loc":{"start":{"line":139,"column":55},"end":{"line":139,"column":75}},"line":139},"12":{"name":"(anonymous_12)","decl":{"start":{"line":140,"column":21},"end":{"line":140,"column":22}},"loc":{"start":{"line":140,"column":84},"end":{"line":147,"column":13}},"line":140},"13":{"name":"(anonymous_13)","decl":{"start":{"line":155,"column":21},"end":{"line":155,"column":22}},"loc":{"start":{"line":155,"column":63},"end":{"line":159,"column":13}},"line":155},"14":{"name":"(anonymous_14)","decl":{"start":{"line":162,"column":21},"end":{"line":162,"column":22}},"loc":{"start":{"line":162,"column":62},"end":{"line":168,"column":13}},"line":162},"15":{"name":"(anonymous_15)","decl":{"start":{"line":261,"column":4},"end":{"line":261,"column":5}},"loc":{"start":{"line":261,"column":41},"end":{"line":284,"column":5}},"line":261},"16":{"name":"(anonymous_16)","decl":{"start":{"line":321,"column":4},"end":{"line":321,"column":5}},"loc":{"start":{"line":321,"column":45},"end":{"line":334,"column":5}},"line":321}},"branchMap":{"0":{"loc":{"start":{"line":26,"column":16},"end":{"line":32,"column":17}},"type":"if","locations":[{"start":{"line":26,"column":16},"end":{"line":32,"column":17}},{"start":{"line":28,"column":23},"end":{"line":32,"column":17}}],"line":26},"1":{"loc":{"start":{"line":26,"column":20},"end":{"line":26,"column":77}},"type":"binary-expr","locations":[{"start":{"line":26,"column":20},"end":{"line":26,"column":43}},{"start":{"line":26,"column":47},"end":{"line":26,"column":77}}],"line":26},"2":{"loc":{"start":{"line":28,"column":23},"end":{"line":32,"column":17}},"type":"if","locations":[{"start":{"line":28,"column":23},"end":{"line":32,"column":17}},{"start":{},"end":{}}],"line":28},"3":{"loc":{"start":{"line":102,"column":16},"end":{"line":104,"column":17}},"type":"if","locations":[{"start":{"line":102,"column":16},"end":{"line":104,"column":17}},{"start":{},"end":{}}],"line":102},"4":{"loc":{"start":{"line":106,"column":33},"end":{"line":106,"column":84}},"type":"cond-expr","locations":[{"start":{"line":106,"column":72},"end":{"line":106,"column":77}},{"start":{"line":106,"column":80},"end":{"line":106,"column":84}}],"line":106},"5":{"loc":{"start":{"line":143,"column":16},"end":{"line":143,"column":59}},"type":"if","locations":[{"start":{"line":143,"column":16},"end":{"line":143,"column":59}},{"start":{},"end":{}}],"line":143},"6":{"loc":{"start":{"line":151,"column":16},"end":{"line":151,"column":47}},"type":"cond-expr","locations":[{"start":{"line":151,"column":31},"end":{"line":151,"column":42}},{"start":{"line":151,"column":45},"end":{"line":151,"column":47}}],"line":151},"7":{"loc":{"start":{"line":165,"column":16},"end":{"line":165,"column":59}},"type":"if","locations":[{"start":{"line":165,"column":16},"end":{"line":165,"column":59}},{"start":{},"end":{}}],"line":165},"8":{"loc":{"start":{"line":184,"column":8},"end":{"line":184,"column":58}},"type":"if","locations":[{"start":{"line":184,"column":8},"end":{"line":184,"column":58}},{"start":{},"end":{}}],"line":184},"9":{"loc":{"start":{"line":186,"column":8},"end":{"line":234,"column":9}},"type":"switch","locations":[{"start":{"line":187,"column":12},"end":{"line":205,"column":22}},{"start":{"line":206,"column":12},"end":{"line":229,"column":22}},{"start":{"line":230,"column":12},"end":{"line":233,"column":63}}],"line":186},"10":{"loc":{"start":{"line":194,"column":20},"end":{"line":196,"column":21}},"type":"if","locations":[{"start":{"line":194,"column":20},"end":{"line":196,"column":21}},{"start":{},"end":{}}],"line":194},"11":{"loc":{"start":{"line":217,"column":20},"end":{"line":219,"column":21}},"type":"if","locations":[{"start":{"line":217,"column":20},"end":{"line":219,"column":21}},{"start":{},"end":{}}],"line":217},"12":{"loc":{"start":{"line":236,"column":8},"end":{"line":236,"column":58}},"type":"if","locations":[{"start":{"line":236,"column":8},"end":{"line":236,"column":58}},{"start":{},"end":{}}],"line":236},"13":{"loc":{"start":{"line":245,"column":12},"end":{"line":245,"column":50}},"type":"if","locations":[{"start":{"line":245,"column":12},"end":{"line":245,"column":50}},{"start":{},"end":{}}],"line":245},"14":{"loc":{"start":{"line":265,"column":8},"end":{"line":281,"column":9}},"type":"if","locations":[{"start":{"line":265,"column":8},"end":{"line":281,"column":9}},{"start":{"line":269,"column":13},"end":{"line":281,"column":9}}],"line":265},"15":{"loc":{"start":{"line":265,"column":12},"end":{"line":265,"column":61}},"type":"binary-expr","locations":[{"start":{"line":265,"column":12},"end":{"line":265,"column":25}},{"start":{"line":265,"column":29},"end":{"line":265,"column":61}}],"line":265},"16":{"loc":{"start":{"line":269,"column":13},"end":{"line":281,"column":9}},"type":"if","locations":[{"start":{"line":269,"column":13},"end":{"line":281,"column":9}},{"start":{"line":274,"column":13},"end":{"line":281,"column":9}}],"line":269},"17":{"loc":{"start":{"line":269,"column":17},"end":{"line":269,"column":80}},"type":"binary-expr","locations":[{"start":{"line":269,"column":17},"end":{"line":269,"column":43}},{"start":{"line":269,"column":47},"end":{"line":269,"column":80}}],"line":269},"18":{"loc":{"start":{"line":274,"column":13},"end":{"line":281,"column":9}},"type":"if","locations":[{"start":{"line":274,"column":13},"end":{"line":281,"column":9}},{"start":{"line":279,"column":13},"end":{"line":281,"column":9}}],"line":274},"19":{"loc":{"start":{"line":274,"column":17},"end":{"line":274,"column":81}},"type":"binary-expr","locations":[{"start":{"line":274,"column":17},"end":{"line":274,"column":45}},{"start":{"line":274,"column":49},"end":{"line":274,"column":81}}],"line":274},"20":{"loc":{"start":{"line":293,"column":8},"end":{"line":294,"column":84}},"type":"if","locations":[{"start":{"line":293,"column":8},"end":{"line":294,"column":84}},{"start":{"line":294,"column":13},"end":{"line":294,"column":84}}],"line":293},"21":{"loc":{"start":{"line":294,"column":13},"end":{"line":294,"column":84}},"type":"if","locations":[{"start":{"line":294,"column":13},"end":{"line":294,"column":84}},{"start":{},"end":{}}],"line":294},"22":{"loc":{"start":{"line":295,"column":8},"end":{"line":295,"column":38}},"type":"if","locations":[{"start":{"line":295,"column":8},"end":{"line":295,"column":38}},{"start":{},"end":{}}],"line":295},"23":{"loc":{"start":{"line":297,"column":8},"end":{"line":306,"column":9}},"type":"if","locations":[{"start":{"line":297,"column":8},"end":{"line":306,"column":9}},{"start":{"line":298,"column":13},"end":{"line":306,"column":9}}],"line":297},"24":{"loc":{"start":{"line":298,"column":13},"end":{"line":306,"column":9}},"type":"if","locations":[{"start":{"line":298,"column":13},"end":{"line":306,"column":9}},{"start":{},"end":{}}],"line":298},"25":{"loc":{"start":{"line":301,"column":12},"end":{"line":305,"column":13}},"type":"if","locations":[{"start":{"line":301,"column":12},"end":{"line":305,"column":13}},{"start":{"line":303,"column":19},"end":{"line":305,"column":13}}],"line":301},"26":{"loc":{"start":{"line":301,"column":16},"end":{"line":301,"column":42}},"type":"binary-expr","locations":[{"start":{"line":301,"column":16},"end":{"line":301,"column":28}},{"start":{"line":301,"column":32},"end":{"line":301,"column":42}}],"line":301},"27":{"loc":{"start":{"line":308,"column":8},"end":{"line":315,"column":9}},"type":"if","locations":[{"start":{"line":308,"column":8},"end":{"line":315,"column":9}},{"start":{"line":311,"column":15},"end":{"line":315,"column":9}}],"line":308},"28":{"loc":{"start":{"line":309,"column":12},"end":{"line":309,"column":70}},"type":"if","locations":[{"start":{"line":309,"column":12},"end":{"line":309,"column":70}},{"start":{},"end":{}}],"line":309},"29":{"loc":{"start":{"line":311,"column":15},"end":{"line":315,"column":9}},"type":"if","locations":[{"start":{"line":311,"column":15},"end":{"line":315,"column":9}},{"start":{"line":313,"column":15},"end":{"line":315,"column":9}}],"line":311}},"s":{"0":4,"1":4,"2":4,"3":4,"4":4,"5":12,"6":12,"7":0,"8":12,"9":4,"10":8,"11":0,"12":0,"13":0,"14":4,"15":4,"16":4,"17":4,"18":4,"19":4,"20":4,"21":4,"22":4,"23":4,"24":4,"25":5,"26":0,"27":5,"28":5,"29":5,"30":4,"31":5,"32":0,"33":0,"34":0,"35":4,"36":5,"37":0,"38":0,"39":0,"40":4,"41":1,"42":1,"43":4,"44":5,"45":5,"46":5,"47":0,"48":5,"49":5,"50":4,"51":4,"52":4,"53":4,"54":4,"55":0,"56":0,"57":0,"58":4,"59":5,"60":5,"61":0,"62":5,"63":5,"64":4,"65":4,"66":4,"67":4,"68":4,"69":0,"70":4,"71":4,"72":4,"73":2,"74":0,"75":2,"76":2,"77":2,"78":2,"79":2,"80":4,"81":0,"82":0,"83":0,"84":0,"85":0,"86":0,"87":0,"88":0,"89":0,"90":0,"91":0,"92":0,"93":0,"94":4,"95":2,"96":2,"97":0,"98":0,"99":0,"100":0,"101":0,"102":0,"103":0,"104":0,"105":0,"106":0,"107":0,"108":2,"109":2,"110":0,"111":2,"112":2,"113":2,"114":0,"115":0,"116":0,"117":0,"118":2,"119":14,"120":14,"121":14,"122":14,"123":10,"124":10,"125":4,"126":1,"127":1,"128":14,"129":3,"130":11,"131":10,"132":1,"133":1,"134":1,"135":1,"136":1,"137":0,"138":11,"139":10,"140":0,"141":10,"142":1,"143":1,"144":0,"145":11,"146":4,"147":4,"148":4,"149":0,"150":0,"151":0,"152":4},"f":{"0":4,"1":12,"2":12,"3":0,"4":4,"5":5,"6":5,"7":0,"8":5,"9":0,"10":1,"11":5,"12":5,"13":0,"14":5,"15":2,"16":4},"b":{"0":[4,8],"1":[12,4],"2":[0,8],"3":[0,5],"4":[0,5],"5":[0,5],"6":[3,1],"7":[0,5],"8":[0,4],"9":[4,0,0],"10":[0,2],"11":[0,0],"12":[2,2],"13":[0,0],"14":[0,2],"15":[2,2],"16":[2,0],"17":[2,0],"18":[0,0],"19":[0,0],"20":[10,4],"21":[1,3],"22":[3,11],"23":[10,1],"24":[1,0],"25":[1,0],"26":[1,1],"27":[10,1],"28":[0,10],"29":[1,0]},"inputSourceMap":null,"_coverageSchema":"1a1c01bbd47fc00a2c39e90264f33305004495a9","hash":"ebb17aa023c729d88d3afd42c1dc929d6c8adb2f"}
,"/Users/andreasbanholzer/PROJEKTE/2025-06-04--flowmcp/1-flowMCP-core/src/task/Interface.mjs": {"path":"/Users/andreasbanholzer/PROJEKTE/2025-06-04--flowmcp/1-flowMCP-core/src/task/Interface.mjs","statementMap":{"0":{"start":{"line":7,"column":27},"end":{"line":7,"column":33}},"1":{"start":{"line":8,"column":27},"end":{"line":15,"column":19}},"2":{"start":{"line":11,"column":16},"end":{"line":12,"column":58}},"3":{"start":{"line":14,"column":16},"end":{"line":14,"column":26}},"4":{"start":{"line":17,"column":8},"end":{"line":17,"column":25}},"5":{"start":{"line":22,"column":30},"end":{"line":22,"column":36}},"6":{"start":{"line":23,"column":27},"end":{"line":23,"column":56}},"7":{"start":{"line":25,"column":35},"end":{"line":27,"column":26}},"8":{"start":{"line":28,"column":32},"end":{"line":30,"column":26}},"9":{"start":{"line":31,"column":23},"end":{"line":31,"column":65}},"10":{"start":{"line":32,"column":8},"end":{"line":36,"column":35}},"11":{"start":{"line":38,"column":32},"end":{"line":38,"column":42}},"12":{"start":{"line":39,"column":20},"end":{"line":40,"column":66}},"13":{"start":{"line":42,"column":8},"end":{"line":42,"column":45}},"14":{"start":{"line":47,"column":31},"end":{"line":47,"column":36}},"15":{"start":{"line":48,"column":26},"end":{"line":64,"column":19}},"16":{"start":{"line":50,"column":16},"end":{"line":50,"column":67}},"17":{"start":{"line":50,"column":53},"end":{"line":50,"column":65}},"18":{"start":{"line":51,"column":16},"end":{"line":51,"column":62}},"19":{"start":{"line":51,"column":48},"end":{"line":51,"column":60}},"20":{"start":{"line":52,"column":16},"end":{"line":52,"column":27}},"21":{"start":{"line":55,"column":73},"end":{"line":55,"column":78}},"22":{"start":{"line":57,"column":33},"end":{"line":58,"column":54}},"23":{"start":{"line":59,"column":16},"end":{"line":60,"column":62}},"24":{"start":{"line":62,"column":16},"end":{"line":62,"column":39}},"25":{"start":{"line":63,"column":16},"end":{"line":63,"column":26}},"26":{"start":{"line":66,"column":8},"end":{"line":66,"column":24}},"27":{"start":{"line":72,"column":26},"end":{"line":72,"column":44}},"28":{"start":{"line":73,"column":24},"end":{"line":73,"column":46}},"29":{"start":{"line":74,"column":26},"end":{"line":74,"column":30}},"30":{"start":{"line":76,"column":12},"end":{"line":78,"column":13}},"31":{"start":{"line":77,"column":16},"end":{"line":77,"column":34}},"32":{"start":{"line":79,"column":12},"end":{"line":79,"column":49}},"33":{"start":{"line":81,"column":12},"end":{"line":81,"column":30}},"34":{"start":{"line":85,"column":45},"end":{"line":86,"column":68}},"35":{"start":{"line":86,"column":38},"end":{"line":86,"column":66}},"36":{"start":{"line":88,"column":8},"end":{"line":99,"column":9}},"37":{"start":{"line":91,"column":32},"end":{"line":91,"column":64}},"38":{"start":{"line":92,"column":12},"end":{"line":94,"column":13}},"39":{"start":{"line":93,"column":16},"end":{"line":93,"column":72}},"40":{"start":{"line":95,"column":27},"end":{"line":97,"column":47}},"41":{"start":{"line":97,"column":34},"end":{"line":97,"column":45}},"42":{"start":{"line":98,"column":12},"end":{"line":98,"column":43}},"43":{"start":{"line":101,"column":8},"end":{"line":101,"column":27}},"44":{"start":{"line":106,"column":8},"end":{"line":111,"column":28}},"45":{"start":{"line":108,"column":16},"end":{"line":109,"column":60}},"46":{"start":{"line":110,"column":16},"end":{"line":110,"column":26}},"47":{"start":{"line":113,"column":8},"end":{"line":113,"column":25}},"48":{"start":{"line":118,"column":21},"end":{"line":120,"column":66}},"49":{"start":{"line":120,"column":37},"end":{"line":120,"column":64}},"50":{"start":{"line":122,"column":41},"end":{"line":122,"column":45}},"51":{"start":{"line":123,"column":20},"end":{"line":123,"column":24}},"52":{"start":{"line":124,"column":8},"end":{"line":148,"column":9}},"53":{"start":{"line":126,"column":16},"end":{"line":126,"column":74}},"54":{"start":{"line":127,"column":16},"end":{"line":127,"column":21}},"55":{"start":{"line":130,"column":16},"end":{"line":130,"column":72}},"56":{"start":{"line":131,"column":16},"end":{"line":131,"column":21}},"57":{"start":{"line":133,"column":16},"end":{"line":133,"column":60}},"58":{"start":{"line":134,"column":16},"end":{"line":134,"column":21}},"59":{"start":{"line":136,"column":16},"end":{"line":136,"column":71}},"60":{"start":{"line":137,"column":16},"end":{"line":137,"column":21}},"61":{"start":{"line":139,"column":16},"end":{"line":141,"column":51}},"62":{"start":{"line":141,"column":38},"end":{"line":141,"column":49}},"63":{"start":{"line":142,"column":16},"end":{"line":142,"column":21}},"64":{"start":{"line":144,"column":16},"end":{"line":144,"column":28}},"65":{"start":{"line":145,"column":16},"end":{"line":145,"column":21}},"66":{"start":{"line":147,"column":16},"end":{"line":147,"column":72}},"67":{"start":{"line":150,"column":8},"end":{"line":175,"column":9}},"68":{"start":{"line":152,"column":16},"end":{"line":152,"column":52}},"69":{"start":{"line":153,"column":16},"end":{"line":153,"column":21}},"70":{"start":{"line":155,"column":16},"end":{"line":155,"column":52}},"71":{"start":{"line":156,"column":16},"end":{"line":156,"column":21}},"72":{"start":{"line":158,"column":16},"end":{"line":158,"column":55}},"73":{"start":{"line":159,"column":16},"end":{"line":159,"column":21}},"74":{"start":{"line":161,"column":16},"end":{"line":161,"column":55}},"75":{"start":{"line":162,"column":16},"end":{"line":162,"column":53}},"76":{"start":{"line":163,"column":16},"end":{"line":163,"column":21}},"77":{"start":{"line":165,"column":16},"end":{"line":165,"column":68}},"78":{"start":{"line":166,"column":16},"end":{"line":166,"column":21}},"79":{"start":{"line":168,"column":16},"end":{"line":168,"column":50}},"80":{"start":{"line":169,"column":16},"end":{"line":169,"column":21}},"81":{"start":{"line":171,"column":16},"end":{"line":171,"column":56}},"82":{"start":{"line":172,"column":16},"end":{"line":172,"column":21}},"83":{"start":{"line":174,"column":16},"end":{"line":174,"column":67}},"84":{"start":{"line":177,"column":8},"end":{"line":177,"column":25}}},"fnMap":{"0":{"name":"(anonymous_0)","decl":{"start":{"line":6,"column":4},"end":{"line":6,"column":5}},"loc":{"start":{"line":6,"column":30},"end":{"line":18,"column":5}},"line":6},"1":{"name":"(anonymous_1)","decl":{"start":{"line":10,"column":21},"end":{"line":10,"column":22}},"loc":{"start":{"line":10,"column":50},"end":{"line":15,"column":13}},"line":10},"2":{"name":"(anonymous_2)","decl":{"start":{"line":21,"column":4},"end":{"line":21,"column":5}},"loc":{"start":{"line":21,"column":49},"end":{"line":43,"column":5}},"line":21},"3":{"name":"(anonymous_3)","decl":{"start":{"line":46,"column":4},"end":{"line":46,"column":5}},"loc":{"start":{"line":46,"column":37},"end":{"line":67,"column":5}},"line":46},"4":{"name":"(anonymous_4)","decl":{"start":{"line":49,"column":21},"end":{"line":49,"column":22}},"loc":{"start":{"line":49,"column":34},"end":{"line":53,"column":13}},"line":49},"5":{"name":"(anonymous_5)","decl":{"start":{"line":54,"column":21},"end":{"line":54,"column":22}},"loc":{"start":{"line":54,"column":39},"end":{"line":64,"column":13}},"line":54},"6":{"name":"getContent","decl":{"start":{"line":71,"column":17},"end":{"line":71,"column":27}},"loc":{"start":{"line":71,"column":39},"end":{"line":82,"column":9}},"line":71},"7":{"name":"(anonymous_7)","decl":{"start":{"line":86,"column":19},"end":{"line":86,"column":20}},"loc":{"start":{"line":86,"column":38},"end":{"line":86,"column":66}},"line":86},"8":{"name":"(anonymous_8)","decl":{"start":{"line":97,"column":22},"end":{"line":97,"column":23}},"loc":{"start":{"line":97,"column":34},"end":{"line":97,"column":45}},"line":97},"9":{"name":"(anonymous_9)","decl":{"start":{"line":107,"column":21},"end":{"line":107,"column":22}},"loc":{"start":{"line":107,"column":40},"end":{"line":111,"column":13}},"line":107},"10":{"name":"(anonymous_10)","decl":{"start":{"line":120,"column":19},"end":{"line":120,"column":20}},"loc":{"start":{"line":120,"column":37},"end":{"line":120,"column":64}},"line":120},"11":{"name":"(anonymous_11)","decl":{"start":{"line":141,"column":26},"end":{"line":141,"column":27}},"loc":{"start":{"line":141,"column":38},"end":{"line":141,"column":49}},"line":141}},"branchMap":{"0":{"loc":{"start":{"line":50,"column":16},"end":{"line":50,"column":67}},"type":"if","locations":[{"start":{"line":50,"column":16},"end":{"line":50,"column":67}},{"start":{},"end":{}}],"line":50},"1":{"loc":{"start":{"line":51,"column":16},"end":{"line":51,"column":62}},"type":"if","locations":[{"start":{"line":51,"column":16},"end":{"line":51,"column":62}},{"start":{},"end":{}}],"line":51},"2":{"loc":{"start":{"line":76,"column":12},"end":{"line":78,"column":13}},"type":"if","locations":[{"start":{"line":76,"column":12},"end":{"line":78,"column":13}},{"start":{},"end":{}}],"line":76},"3":{"loc":{"start":{"line":76,"column":16},"end":{"line":76,"column":58}},"type":"binary-expr","locations":[{"start":{"line":76,"column":16},"end":{"line":76,"column":28}},{"start":{"line":76,"column":32},"end":{"line":76,"column":42}},{"start":{"line":76,"column":46},"end":{"line":76,"column":58}}],"line":76},"4":{"loc":{"start":{"line":88,"column":8},"end":{"line":99,"column":9}},"type":"if","locations":[{"start":{"line":88,"column":8},"end":{"line":99,"column":9}},{"start":{},"end":{}}],"line":88},"5":{"loc":{"start":{"line":92,"column":12},"end":{"line":94,"column":13}},"type":"if","locations":[{"start":{"line":92,"column":12},"end":{"line":94,"column":13}},{"start":{},"end":{}}],"line":92},"6":{"loc":{"start":{"line":124,"column":8},"end":{"line":148,"column":9}},"type":"switch","locations":[{"start":{"line":125,"column":12},"end":{"line":127,"column":21}},{"start":{"line":128,"column":12},"end":{"line":128,"column":27}},{"start":{"line":129,"column":12},"end":{"line":131,"column":21}},{"start":{"line":132,"column":12},"end":{"line":134,"column":21}},{"start":{"line":135,"column":12},"end":{"line":137,"column":21}},{"start":{"line":138,"column":12},"end":{"line":142,"column":21}},{"start":{"line":143,"column":12},"end":{"line":145,"column":21}},{"start":{"line":146,"column":12},"end":{"line":147,"column":72}}],"line":124},"7":{"loc":{"start":{"line":150,"column":8},"end":{"line":175,"column":9}},"type":"switch","locations":[{"start":{"line":151,"column":12},"end":{"line":153,"column":21}},{"start":{"line":154,"column":12},"end":{"line":156,"column":21}},{"start":{"line":157,"column":12},"end":{"line":159,"column":21}},{"start":{"line":160,"column":12},"end":{"line":163,"column":21}},{"start":{"line":164,"column":12},"end":{"line":166,"column":21}},{"start":{"line":167,"column":12},"end":{"line":169,"column":21}},{"start":{"line":170,"column":12},"end":{"line":172,"column":21}},{"start":{"line":173,"column":12},"end":{"line":174,"column":67}}],"line":150}},"s":{"0":87,"1":87,"2":317,"3":317,"4":87,"5":347,"6":347,"7":347,"8":347,"9":347,"10":347,"11":347,"12":347,"13":347,"14":347,"15":347,"16":889,"17":40,"18":849,"19":0,"20":849,"21":849,"22":849,"23":849,"24":849,"25":849,"26":347,"27":191,"28":191,"29":191,"30":191,"31":0,"32":191,"33":191,"34":849,"35":1921,"36":849,"37":191,"38":191,"39":0,"40":191,"41":3272,"42":191,"43":849,"44":849,"45":649,"46":649,"47":849,"48":649,"49":2734,"50":649,"51":649,"52":649,"53":144,"54":144,"55":32,"56":32,"57":92,"58":92,"59":0,"60":0,"61":0,"62":0,"63":0,"64":381,"65":381,"66":0,"67":649,"68":89,"69":89,"70":55,"71":55,"72":32,"73":32,"74":0,"75":0,"76":0,"77":9,"78":9,"79":381,"80":381,"81":83,"82":83,"83":0,"84":649},"f":{"0":87,"1":317,"2":347,"3":347,"4":889,"5":849,"6":191,"7":1921,"8":3272,"9":649,"10":2734,"11":0},"b":{"0":[40,849],"1":[0,849],"2":[0,191],"3":[191,191,191],"4":[191,658],"5":[0,191],"6":[144,0,32,92,0,0,381,0],"7":[89,55,32,0,9,381,83,0]},"inputSourceMap":null,"_coverageSchema":"1a1c01bbd47fc00a2c39e90264f33305004495a9","hash":"c9513ba415fcb581eeb6ddc71a305b395d3c5f41"}
,"/Users/andreasbanholzer/PROJEKTE/2025-06-04--flowmcp/1-flowMCP-core/src/task/Payload.mjs": {"path":"/Users/andreasbanholzer/PROJEKTE/2025-06-04--flowmcp/1-flowMCP-core/src/task/Payload.mjs","statementMap":{"0":{"start":{"line":30,"column":35},"end":{"line":51,"column":15}},"1":{"start":{"line":32,"column":31},"end":{"line":32,"column":85}},"2":{"start":{"line":33,"column":16},"end":{"line":33,"column":29}},"3":{"start":{"line":37,"column":16},"end":{"line":37,"column":43}},"4":{"start":{"line":38,"column":16},"end":{"line":38,"column":65}},"5":{"start":{"line":38,"column":52},"end":{"line":38,"column":63}},"6":{"start":{"line":39,"column":61},"end":{"line":39,"column":65}},"7":{"start":{"line":40,"column":34},"end":{"line":41,"column":57}},"8":{"start":{"line":41,"column":39},"end":{"line":41,"column":55}},"9":{"start":{"line":42,"column":59},"end":{"line":43,"column":69}},"10":{"start":{"line":44,"column":16},"end":{"line":44,"column":71}},"11":{"start":{"line":45,"column":16},"end":{"line":45,"column":51}},"12":{"start":{"line":47,"column":16},"end":{"line":47,"column":27}},"13":{"start":{"line":50,"column":16},"end":{"line":50,"column":57}},"14":{"start":{"line":53,"column":25},"end":{"line":60,"column":19}},"15":{"start":{"line":55,"column":47},"end":{"line":55,"column":51}},"16":{"start":{"line":56,"column":31},"end":{"line":56,"column":55}},"17":{"start":{"line":57,"column":16},"end":{"line":58,"column":82}},"18":{"start":{"line":58,"column":45},"end":{"line":58,"column":80}},"19":{"start":{"line":59,"column":16},"end":{"line":59,"column":26}},"20":{"start":{"line":61,"column":23},"end":{"line":61,"column":44}},"21":{"start":{"line":63,"column":8},"end":{"line":63,"column":55}},"22":{"start":{"line":68,"column":25},"end":{"line":68,"column":27}},"23":{"start":{"line":77,"column":23},"end":{"line":85,"column":19}},"24":{"start":{"line":80,"column":29},"end":{"line":80,"column":80}},"25":{"start":{"line":80,"column":67},"end":{"line":80,"column":78}},"26":{"start":{"line":81,"column":16},"end":{"line":83,"column":17}},"27":{"start":{"line":82,"column":20},"end":{"line":82,"column":40}},"28":{"start":{"line":84,"column":16},"end":{"line":84,"column":26}},"29":{"start":{"line":87,"column":8},"end":{"line":92,"column":15}},"30":{"start":{"line":89,"column":35},"end":{"line":89,"column":38}},"31":{"start":{"line":90,"column":16},"end":{"line":90,"column":88}},"32":{"start":{"line":90,"column":40},"end":{"line":90,"column":86}},"33":{"start":{"line":91,"column":16},"end":{"line":91,"column":27}},"34":{"start":{"line":94,"column":8},"end":{"line":94,"column":35}}},"fnMap":{"0":{"name":"(anonymous_0)","decl":{"start":{"line":2,"column":4},"end":{"line":2,"column":5}},"loc":{"start":{"line":5,"column":8},"end":{"line":64,"column":5}},"line":5},"1":{"name":"(anonymous_1)","decl":{"start":{"line":31,"column":18},"end":{"line":31,"column":19}},"loc":{"start":{"line":31,"column":32},"end":{"line":34,"column":13}},"line":31},"2":{"name":"(anonymous_2)","decl":{"start":{"line":36,"column":18},"end":{"line":36,"column":19}},"loc":{"start":{"line":36,"column":30},"end":{"line":48,"column":13}},"line":36},"3":{"name":"(anonymous_3)","decl":{"start":{"line":41,"column":26},"end":{"line":41,"column":27}},"loc":{"start":{"line":41,"column":39},"end":{"line":41,"column":55}},"line":41},"4":{"name":"(anonymous_4)","decl":{"start":{"line":49,"column":18},"end":{"line":49,"column":19}},"loc":{"start":{"line":49,"column":60},"end":{"line":51,"column":13}},"line":49},"5":{"name":"(anonymous_5)","decl":{"start":{"line":54,"column":21},"end":{"line":54,"column":22}},"loc":{"start":{"line":54,"column":45},"end":{"line":60,"column":13}},"line":54},"6":{"name":"(anonymous_6)","decl":{"start":{"line":58,"column":30},"end":{"line":58,"column":31}},"loc":{"start":{"line":58,"column":45},"end":{"line":58,"column":80}},"line":58},"7":{"name":"(anonymous_7)","decl":{"start":{"line":79,"column":21},"end":{"line":79,"column":22}},"loc":{"start":{"line":79,"column":42},"end":{"line":85,"column":13}},"line":79},"8":{"name":"(anonymous_8)","decl":{"start":{"line":80,"column":45},"end":{"line":80,"column":46}},"loc":{"start":{"line":80,"column":67},"end":{"line":80,"column":78}},"line":80},"9":{"name":"(anonymous_9)","decl":{"start":{"line":88,"column":22},"end":{"line":88,"column":23}},"loc":{"start":{"line":88,"column":33},"end":{"line":92,"column":13}},"line":88}},"branchMap":{"0":{"loc":{"start":{"line":38,"column":16},"end":{"line":38,"column":65}},"type":"if","locations":[{"start":{"line":38,"column":16},"end":{"line":38,"column":65}},{"start":{},"end":{}}],"line":38},"1":{"loc":{"start":{"line":81,"column":16},"end":{"line":83,"column":17}},"type":"if","locations":[{"start":{"line":81,"column":16},"end":{"line":83,"column":17}},{"start":{},"end":{}}],"line":81},"2":{"loc":{"start":{"line":90,"column":16},"end":{"line":90,"column":88}},"type":"if","locations":[{"start":{"line":90,"column":16},"end":{"line":90,"column":88}},{"start":{},"end":{}}],"line":90}},"s":{"0":6,"1":8,"2":8,"3":8,"4":8,"5":0,"6":8,"7":7,"8":3,"9":7,"10":7,"11":7,"12":7,"13":7,"14":5,"15":7,"16":7,"17":7,"18":2,"19":7,"20":5,"21":5,"22":7,"23":7,"24":3,"25":1,"26":3,"27":1,"28":3,"29":7,"30":3,"31":3,"32":2,"33":3,"34":7},"f":{"0":6,"1":8,"2":8,"3":3,"4":7,"5":7,"6":2,"7":3,"8":1,"9":3},"b":{"0":[0,8],"1":[1,2],"2":[2,1]},"inputSourceMap":null,"_coverageSchema":"1a1c01bbd47fc00a2c39e90264f33305004495a9","hash":"97af700979a7d32440eed481fa937cc22adf3aff"}
,"/Users/andreasbanholzer/PROJEKTE/2025-06-04--flowmcp/1-flowMCP-core/src/task/Test.mjs": {"path":"/Users/andreasbanholzer/PROJEKTE/2025-06-04--flowmcp/1-flowMCP-core/src/task/Test.mjs","statementMap":{"0":{"start":{"line":3,"column":27},"end":{"line":3,"column":33}},"1":{"start":{"line":4,"column":24},"end":{"line":29,"column":19}},"2":{"start":{"line":7,"column":34},"end":{"line":7,"column":39}},"3":{"start":{"line":8,"column":16},"end":{"line":26,"column":23}},"4":{"start":{"line":10,"column":60},"end":{"line":20,"column":72}},"5":{"start":{"line":13,"column":32},"end":{"line":17,"column":33}},"6":{"start":{"line":14,"column":36},"end":{"line":14,"column":62}},"7":{"start":{"line":15,"column":39},"end":{"line":17,"column":33}},"8":{"start":{"line":16,"column":36},"end":{"line":16,"column":68}},"9":{"start":{"line":19,"column":32},"end":{"line":19,"column":42}},"10":{"start":{"line":22,"column":40},"end":{"line":22,"column":78}},"11":{"start":{"line":23,"column":24},"end":{"line":23,"column":43}},"12":{"start":{"line":25,"column":24},"end":{"line":25,"column":35}},"13":{"start":{"line":28,"column":16},"end":{"line":28,"column":26}},"14":{"start":{"line":31,"column":8},"end":{"line":31,"column":22}}},"fnMap":{"0":{"name":"(anonymous_0)","decl":{"start":{"line":2,"column":4},"end":{"line":2,"column":5}},"loc":{"start":{"line":2,"column":29},"end":{"line":32,"column":5}},"line":2},"1":{"name":"(anonymous_1)","decl":{"start":{"line":6,"column":21},"end":{"line":6,"column":22}},"loc":{"start":{"line":6,"column":54},"end":{"line":29,"column":13}},"line":6},"2":{"name":"(anonymous_2)","decl":{"start":{"line":9,"column":30},"end":{"line":9,"column":31}},"loc":{"start":{"line":9,"column":41},"end":{"line":26,"column":21}},"line":9},"3":{"name":"(anonymous_3)","decl":{"start":{"line":12,"column":37},"end":{"line":12,"column":38}},"loc":{"start":{"line":12,"column":64},"end":{"line":20,"column":29}},"line":12}},"branchMap":{"0":{"loc":{"start":{"line":13,"column":32},"end":{"line":17,"column":33}},"type":"if","locations":[{"start":{"line":13,"column":32},"end":{"line":17,"column":33}},{"start":{"line":15,"column":39},"end":{"line":17,"column":33}}],"line":13},"1":{"loc":{"start":{"line":15,"column":39},"end":{"line":17,"column":33}},"type":"if","locations":[{"start":{"line":15,"column":39},"end":{"line":17,"column":33}},{"start":{},"end":{}}],"line":15}},"s":{"0":13,"1":13,"2":31,"3":31,"4":32,"5":75,"6":32,"7":43,"8":43,"9":75,"10":32,"11":32,"12":32,"13":31,"14":13},"f":{"0":13,"1":31,"2":32,"3":75},"b":{"0":[32,43],"1":[43,0]},"inputSourceMap":null,"_coverageSchema":"1a1c01bbd47fc00a2c39e90264f33305004495a9","hash":"5ab7323aaac16eda0f1675c3ab1647b1e48b4c17"}
,"/Users/andreasbanholzer/PROJEKTE/2025-06-04--flowmcp/1-flowMCP-core/src/task/Validation.mjs": {"path":"/Users/andreasbanholzer/PROJEKTE/2025-06-04--flowmcp/1-flowMCP-core/src/task/Validation.mjs","statementMap":{"0":{"start":{"line":6,"column":22},"end":{"line":77,"column":9}},"1":{"start":{"line":79,"column":8},"end":{"line":79,"column":20}},"2":{"start":{"line":84,"column":25},"end":{"line":84,"column":27}},"3":{"start":{"line":85,"column":8},"end":{"line":89,"column":9}},"4":{"start":{"line":86,"column":12},"end":{"line":86,"column":64}},"5":{"start":{"line":87,"column":15},"end":{"line":89,"column":9}},"6":{"start":{"line":87,"column":54},"end":{"line":87,"column":78}},"7":{"start":{"line":88,"column":12},"end":{"line":88,"column":73}},"8":{"start":{"line":91,"column":8},"end":{"line":93,"column":9}},"9":{"start":{"line":92,"column":12},"end":{"line":92,"column":59}},"10":{"start":{"line":95,"column":18},"end":{"line":104,"column":15}},"11":{"start":{"line":101,"column":16},"end":{"line":103,"column":17}},"12":{"start":{"line":102,"column":20},"end":{"line":102,"column":94}},"13":{"start":{"line":106,"column":8},"end":{"line":109,"column":9}},"14":{"start":{"line":107,"column":12},"end":{"line":107,"column":60}},"15":{"start":{"line":108,"column":12},"end":{"line":108,"column":24}},"16":{"start":{"line":111,"column":8},"end":{"line":111,"column":19}},"17":{"start":{"line":116,"column":25},"end":{"line":116,"column":27}},"18":{"start":{"line":117,"column":8},"end":{"line":123,"column":9}},"19":{"start":{"line":118,"column":12},"end":{"line":118,"column":64}},"20":{"start":{"line":119,"column":15},"end":{"line":123,"column":9}},"21":{"start":{"line":120,"column":12},"end":{"line":120,"column":64}},"22":{"start":{"line":121,"column":15},"end":{"line":123,"column":9}},"23":{"start":{"line":121,"column":56},"end":{"line":121,"column":101}},"24":{"start":{"line":122,"column":12},"end":{"line":122,"column":73}},"25":{"start":{"line":125,"column":18},"end":{"line":136,"column":15}},"26":{"start":{"line":131,"column":16},"end":{"line":135,"column":17}},"27":{"start":{"line":132,"column":20},"end":{"line":132,"column":64}},"28":{"start":{"line":133,"column":23},"end":{"line":135,"column":17}},"29":{"start":{"line":133,"column":47},"end":{"line":133,"column":80}},"30":{"start":{"line":133,"column":94},"end":{"line":133,"column":96}},"31":{"start":{"line":134,"column":20},"end":{"line":134,"column":85}},"32":{"start":{"line":138,"column":8},"end":{"line":141,"column":9}},"33":{"start":{"line":139,"column":12},"end":{"line":139,"column":60}},"34":{"start":{"line":140,"column":12},"end":{"line":140,"column":24}},"35":{"start":{"line":143,"column":8},"end":{"line":143,"column":19}},"36":{"start":{"line":149,"column":17},"end":{"line":149,"column":25}},"37":{"start":{"line":150,"column":23},"end":{"line":153,"column":9}},"38":{"start":{"line":160,"column":12},"end":{"line":160,"column":33}},"39":{"start":{"line":162,"column":8},"end":{"line":166,"column":9}},"40":{"start":{"line":163,"column":12},"end":{"line":163,"column":62}},"41":{"start":{"line":164,"column":15},"end":{"line":166,"column":9}},"42":{"start":{"line":165,"column":12},"end":{"line":165,"column":72}},"43":{"start":{"line":167,"column":8},"end":{"line":167,"column":58}},"44":{"start":{"line":168,"column":8},"end":{"line":168,"column":49}},"45":{"start":{"line":169,"column":8},"end":{"line":169,"column":49}},"46":{"start":{"line":169,"column":34},"end":{"line":169,"column":47}},"47":{"start":{"line":171,"column":45},"end":{"line":172,"column":69}},"48":{"start":{"line":173,"column":8},"end":{"line":173,"column":71}},"49":{"start":{"line":174,"column":8},"end":{"line":174,"column":57}},"50":{"start":{"line":174,"column":20},"end":{"line":174,"column":55}},"51":{"start":{"line":176,"column":30},"end":{"line":176,"column":36}},"52":{"start":{"line":177,"column":8},"end":{"line":183,"column":9}},"53":{"start":{"line":178,"column":12},"end":{"line":178,"column":76}},"54":{"start":{"line":179,"column":15},"end":{"line":183,"column":9}},"55":{"start":{"line":180,"column":12},"end":{"line":180,"column":131}},"56":{"start":{"line":182,"column":12},"end":{"line":182,"column":38}},"57":{"start":{"line":185,"column":31},"end":{"line":185,"column":71}},"58":{"start":{"line":185,"column":42},"end":{"line":185,"column":71}},"59":{"start":{"line":186,"column":28},"end":{"line":186,"column":34}},"60":{"start":{"line":187,"column":8},"end":{"line":191,"column":9}},"61":{"start":{"line":188,"column":12},"end":{"line":188,"column":108}},"62":{"start":{"line":189,"column":15},"end":{"line":191,"column":9}},"63":{"start":{"line":190,"column":12},"end":{"line":190,"column":108}},"64":{"start":{"line":193,"column":25},"end":{"line":193,"column":31}},"65":{"start":{"line":194,"column":27},"end":{"line":196,"column":9}},"66":{"start":{"line":195,"column":12},"end":{"line":195,"column":70}},"67":{"start":{"line":195,"column":18},"end":{"line":195,"column":33}},"68":{"start":{"line":195,"column":34},"end":{"line":195,"column":45}},"69":{"start":{"line":195,"column":56},"end":{"line":195,"column":68}},"70":{"start":{"line":197,"column":8},"end":{"line":199,"column":9}},"71":{"start":{"line":198,"column":12},"end":{"line":198,"column":94}},"72":{"start":{"line":201,"column":45},"end":{"line":207,"column":52}},"73":{"start":{"line":204,"column":33},"end":{"line":204,"column":79}},"74":{"start":{"line":205,"column":16},"end":{"line":205,"column":51}},"75":{"start":{"line":206,"column":16},"end":{"line":206,"column":26}},"76":{"start":{"line":208,"column":8},"end":{"line":208,"column":40}},"77":{"start":{"line":210,"column":8},"end":{"line":210,"column":58}},"78":{"start":{"line":211,"column":8},"end":{"line":211,"column":49}},"79":{"start":{"line":212,"column":8},"end":{"line":212,"column":49}},"80":{"start":{"line":212,"column":34},"end":{"line":212,"column":47}},"81":{"start":{"line":214,"column":25},"end":{"line":214,"column":31}},"82":{"start":{"line":215,"column":8},"end":{"line":231,"column":15}},"83":{"start":{"line":217,"column":16},"end":{"line":223,"column":17}},"84":{"start":{"line":218,"column":20},"end":{"line":218,"column":108}},"85":{"start":{"line":219,"column":20},"end":{"line":219,"column":32}},"86":{"start":{"line":220,"column":23},"end":{"line":223,"column":17}},"87":{"start":{"line":221,"column":20},"end":{"line":221,"column":135}},"88":{"start":{"line":222,"column":20},"end":{"line":222,"column":32}},"89":{"start":{"line":224,"column":47},"end":{"line":224,"column":63}},"90":{"start":{"line":225,"column":16},"end":{"line":225,"column":48}},"91":{"s
[...]
"end":{"line":468,"column":45}},{"start":{},"end":{}}],"line":468},"70":{"loc":{"start":{"line":470,"column":16},"end":{"line":472,"column":17}},"type":"if","locations":[{"start":{"line":470,"column":16},"end":{"line":472,"column":17}},{"start":{},"end":{}}],"line":470},"71":{"loc":{"start":{"line":475,"column":16},"end":{"line":477,"column":17}},"type":"if","locations":[{"start":{"line":475,"column":16},"end":{"line":477,"column":17}},{"start":{},"end":{}}],"line":475},"72":{"loc":{"start":{"line":510,"column":24},"end":{"line":512,"column":25}},"type":"if","locations":[{"start":{"line":510,"column":24},"end":{"line":512,"column":25}},{"start":{},"end":{}}],"line":510},"73":{"loc":{"start":{"line":519,"column":24},"end":{"line":521,"column":25}},"type":"if","locations":[{"start":{"line":519,"column":24},"end":{"line":521,"column":25}},{"start":{},"end":{}}],"line":519},"74":{"loc":{"start":{"line":519,"column":28},"end":{"line":519,"column":40}},"type":"binary-expr","locations":[{"start":{"line":519,"column":28},"end":{"line":519,"column":32}},{"start":{"line":519,"column":36},"end":{"line":519,"column":40}}],"line":519},"75":{"loc":{"start":{"line":523,"column":24},"end":{"line":525,"column":25}},"type":"if","locations":[{"start":{"line":523,"column":24},"end":{"line":525,"column":25}},{"start":{},"end":{}}],"line":523},"76":{"loc":{"start":{"line":523,"column":28},"end":{"line":523,"column":77}},"type":"binary-expr","locations":[{"start":{"line":523,"column":28},"end":{"line":523,"column":53}},{"start":{"line":523,"column":57},"end":{"line":523,"column":77}}],"line":523},"77":{"loc":{"start":{"line":532,"column":24},"end":{"line":534,"column":25}},"type":"if","locations":[{"start":{"line":532,"column":24},"end":{"line":534,"column":25}},{"start":{},"end":{}}],"line":532},"78":{"loc":{"start":{"line":542,"column":41},"end":{"line":542,"column":46}},"type":"default-arg","locations":[{"start":{"line":542,"column":44},"end":{"line":542,"column":46}}],"line":542},"79":{"loc":{"start":{"line":542,"column":48},"end":{"line":542,"column":59}},"type":"default-arg","locations":[{"start":{"line":542,"column":55},"end":{"line":542,"column":59}}],"line":542},"80":{"loc":{"start":{"line":551,"column":16},"end":{"line":553,"column":17}},"type":"if","locations":[{"start":{"line":551,"column":16},"end":{"line":553,"column":17}},{"start":{},"end":{}}],"line":551},"81":{"loc":{"start":{"line":556,"column":8},"end":{"line":556,"column":61}},"type":"if","locations":[{"start":{"line":556,"column":8},"end":{"line":556,"column":61}},{"start":{},"end":{}}],"line":556},"82":{"loc":{"start":{"line":561,"column":16},"end":{"line":566,"column":17}},"type":"if","locations":[{"start":{"line":561,"column":16},"end":{"line":566,"column":17}},{"start":{},"end":{}}],"line":561},"83":{"loc":{"start":{"line":562,"column":20},"end":{"line":565,"column":21}},"type":"if","locations":[{"start":{"line":562,"column":20},"end":{"line":565,"column":21}},{"start":{},"end":{}}],"line":562},"84":{"loc":{"start":{"line":569,"column":16},"end":{"line":572,"column":17}},"type":"if","locations":[{"start":{"line":569,"column":16},"end":{"line":572,"column":17}},{"start":{},"end":{}}],"line":569},"85":{"loc":{"start":{"line":586,"column":8},"end":{"line":591,"column":9}},"type":"if","locations":[{"start":{"line":586,"column":8},"end":{"line":591,"column":9}},{"start":{},"end":{}}],"line":586},"86":{"loc":{"start":{"line":594,"column":8},"end":{"line":650,"column":9}},"type":"switch","locations":[{"start":{"line":595,"column":12},"end":{"line":599,"column":21}},{"start":{"line":600,"column":12},"end":{"line":610,"column":21}},{"start":{"line":611,"column":12},"end":{"line":621,"column":21}},{"start":{"line":622,"column":12},"end":{"line":632,"column":21}},{"start":{"line":633,"column":12},"end":{"line":637,"column":21}},{"start":{"line":638,"column":12},"end":{"line":642,"column":21}},{"start":{"line":643,"column":12},"end":{"line":647,"column":21}},{"start":{"line":648,"column":12},"end":{"line":649,"column":71}}],"line":594},"87":{"loc":{"start":{"line":596,"column":16},"end":{"line":598,"column":17}},"type":"if","locations":[{"start":{"line":596,"column":16},"end":{"line":598,"column":17}},{"start":{},"end":{}}],"line":596},"88":{"loc":{"start":{"line":601,"column":16},"end":{"line":609,"column":17}},"type":"if","locations":[{"start":{"line":601,"column":16},"end":{"line":609,"column":17}},{"start":{"line":603,"column":23},"end":{"line":609,"column":17}}],"line":601},"89":{"loc":{"start":{"line":605,"column":24},"end":{"line":607,"column":25}},"type":"if","locations":[{"start":{"line":605,"column":24},"end":{"line":607,"column":25}},{"start":{},"end":{}}],"line":605},"90":{"loc":{"start":{"line":612,"column":16},"end":{"line":620,"column":17}},"type":"if","locations":[{"start":{"line":612,"column":16},"end":{"line":620,"column":17}},{"start":{"line":614,"column":23},"end":{"line":620,"column":17}}],"line":612},"91":{"loc":{"start":{"line":616,"column":24},"end":{"line":618,"column":25}},"type":"if","locations":[{"start":{"line":616,"column":24},"end":{"line":618,"column":25}},{"start":{},"end":{}}],"line":616},"92":{"loc":{"start":{"line":616,"column":28},"end":{"line":616,"column":71}},"type":"binary-expr","locations":[{"start":{"line":616,"column":28},"end":{"line":616,"column":49}},{"start":{"line":616,"column":53},"end":{"line":616,"column":71}}],"line":616},"93":{"loc":{"start":{"line":623,"column":16},"end":{"line":631,"column":17}},"type":"if","locations":[{"start":{"line":623,"column":16},"end":{"line":631,"column":17}},{"start":{"line":625,"column":23},"end":{"line":631,"column":17}}],"line":623},"94":{"loc":{"start":{"line":627,"column":24},"end":{"line":629,"column":25}},"type":"if","locations":[{"start":{"line":627,"column":24},"end":{"line":629,"column":25}},{"start":{},"end":{}}],"line":627},"95":{"loc":{"start":{"line":634,"column":16},"end":{"line":636,"column":17}},"type":"if","locations":[{"start":{"line":634,"column":16},"end":{"line":636,"column":17}},{"start":{},"end":{}}],"line":634},"96":{"loc":{"start":{"line":634,"column":20},"end":{"line":634,"column":71}},"type":"binary-expr","locations":[{"start":{"line":634,"column":20},"end":{"line":634,"column":45}},{"start":{"line":634,"column":49},"end":{"line":634,"column":71}}],"line":634},"97":{"loc":{"start":{"line":639,"column":16},"end":{"line":641,"column":17}},"type":"if","locations":[{"start":{"line":639,"column":16},"end":{"line":641,"column":17}},{"start":{},"end":{}}],"line":639},"98":{"loc":{"start":{"line":639,"column":20},"end":{"line":639,"column":71}},"type":"binary-expr","locations":[{"start":{"line":639,"column":20},"end":{"line":639,"column":45}},{"start":{"line":639,"column":49},"end":{"line":639,"column":71}}],"line":639},"99":{"loc":{"start":{"line":644,"column":16},"end":{"line":646,"column":17}},"type":"if","locations":[{"start":{"line":644,"column":16},"end":{"line":646,"column":17}},{"start":{},"end":{}}],"line":644},"100":{"loc":{"start":{"line":644,"column":20},"end":{"line":644,"column":71}},"type":"binary-expr","locations":[{"start":{"line":644,"column":20},"end":{"line":644,"column":45}},{"start":{"line":644,"column":49},"end":{"line":644,"column":71}}],"line":644},"101":{"loc":{"start":{"line":652,"column":8},"end":{"line":657,"column":9}},"type":"if","locations":[{"start":{"line":652,"column":8},"end":{"line":657,"column":9}},{"start":{},"end":{}}],"line":652},"102":{"loc":{"start":{"line":668,"column":16},"end":{"line":675,"column":17}},"type":"if","locations":[{"start":{"line":668,"column":16},"end":{"line":675,"column":17}},{"start":{},"end":{}}],"line":668},"103":{"loc":{"start":{"line":673,"column":20},"end":{"line":674,"column":66}},"type":"if","locations":[{"start":{"line":673,"column":20},"end":{"line":674,"column":66}},{"start":{"line":674,"column":25},"end":{"line":674,"column":66}}],"line":673},"104":{"loc":{"start":{"line":703,"column":16},"end":{"line":703,"column":62}},"type":"if","locations":[{"start":{"line":703,"column":16},"end":{"line":703,"column":62}},{"start":{},"end":{}}],"line":703},"105":{"loc":{"start":{"line":733,"column":8},"end":{"line":739,"column":9}},"type":"if","locations":[{"start":{"line":733,"column":8},"end":{"line":739,"column":9}},{"start":{},"end":{}}],"line":733}},"s":{"0":11725,"1":11725,"2":10,"3":10,"4":1,"5":9,"6":17,"7":0,"8":10,"9":0,"10":10,"11":30,"12":6,"13":10,"14":4,"15":0,"16":6,"17":78,"18":78,"19":1,"20":77,"21":2,"22":75,"23":1278,"24":0,"25":78,"26":234,"27":3,"28":231,"29":132,"30":130,"31":2,"32":78,"33":8,"34":0,"35":70,"36":210,"37":210,"38":210,"39":210,"40":0,"41":210,"42":0,"43":210,"44":210,"45":210,"46":0,"47":210,"48":210,"49":205,"50":10,"51":195,"52":195,"53":0,"54":195,"55":0,"56":195,"57":195,"58":195,"59":195,"60":195,"61":1,"62":194,"63":0,"64":195,"65":195,"66":195,"67":195,"68":195,"69":0,"70":195,"71":0,"72":195,"73":680,"74":680,"75":680,"76":195,"77":195,"78":195,"79":195,"80":7,"81":188,"82":188,"83":90,"84":0,"85":0,"86":90,"87":0,"88":0,"89":90,"90":90,"91":87,"92":3,"93":3,"94":3,"95":0,"96":188,"97":188,"98":188,"99":112,"100":112,"101":112,"102":0,"103":188,"104":112,"105":112,"106":112,"107":0,"108":188,"109":188,"110":188,"111":0,"112":188,"113":4,"114":4,"115":4,"116":0,"117":4,"118":0,"119":4,"120":0,"121":0,"122":4,"123":4,"124":2,"125":4,"126":2,"127":0,"128":2,"129":7,"130":7,"131":7,"132":0,"133":7,"134":0,"135":7,"136":0,"137":0,"138":7,"139":7,"140":7,"141":6,"142":5,"143":6,"144":1,"145":7,"146":5,"147":5,"148":5,"149":0,"150":7,"151":5,"152":0,"153":7,"154":1,"155":0,"156":6,"157":0,"158":0,"159":0,"160":0,"161":0,"162":0,"163":0,"164":0,"165":0,"166":0,"167":0,"168":0,"169":0,"170":0,"171":0,"172":0,"173":0,"174":0,"175":0,"176":0,"177":0,"178":0,"179":680,"180":680,"181":680,"182":680,"183":680,"184":680,"185":680,"186":2,"187":678,"188":678,"189":1,"190":678,"191":678,"192":1747,"193":1747,"194":1747,"195":1,"196":1747,"197":89,"198":1658,"199":0,"200":1658,"201":1658,"202":1658,"203":1658,"204":0,"205":1658,"206":1658,"207":9948,"208":3789,"209":1,"210":6,"211":1658,"212":9948,"213":1658,"214":1253,"215":1253,"216":7518,"217":5263,"218":1,"219":1253,"220":7518,"221":0,"222":678,"223":2,"224":676,"225":676,"226":676,"227":676,"228":676,"229":377,"230":676,"231":676,"232":676,"233":377,"234":377,"235":1053,"236":1053,"237":1053,"238":377,"239":255,"240":377,"241":0,"242":676,"243":676,"244":721,"245":721,"246":721,"247":721,"248":721,"249":0,"250":721,"251":721,"252":0,"253":721,"254":721,"255":1,"256":676,"257":676,"258":676,"259":798,"260":798,"261":1923,"262":798,"263":1923,"264":798,"265":1005,"266":0,"267":798,"268":1126,"269":1126,"270":1126,"271":1,"272":1126,"273":0,"274":798,"275":798,"276":798,"277":798,"278":797,"279":0,"280":676,"281":3269,"282":3269,"283":11148,"284":3269,"285":11148,"286":97,"287":3269,"288":11,"289":3258,"290":11032,"291":11032,"292":0,"293":0,"294":11032,"295":34596,"296":11032,"297":0,"298":0,"299":11032,"300":11032,"301":11032,"302":3258,"303":3258,"304":11032,"305":1,"306":11031,"307":11031,"308":6136,"309":0,"310":6136,"311":2258,"312":2,"313":2256,"314":1706,"315":0,"316":2258,"317":2037,"318":1,"319":2036,"320":3266,"321":0,"322":2037,"323":0,"324":0,"325":0,"326":0,"327":0,"328":0,"329":200,"330":1,"331":200,"332":200,"333":1,"334":200,"335":200,"336":0,"337":200,"338":0,"339":11031,"340":5,"341":11026,"342":676,"343":676,"344":1746,"345":1746,"346":1657,"347":1252,"348":1222,"349":1657,"350":760,"351":897,"352":1746,"353":676,"354":195,"355":691,"356":1770,"357":1770,"358":1699,"359":18,"360":18,"361":18,"362":691,"363":195,"364":177,"365":0,"366":177,"367":177,"368":108,"369":108,"370":177,"371":195,"372":195,"373":195,"374":0,"375":0,"376":195,"377":0,"378":195,"379":453,"380":20,"381":73,"382":20},"f":{"0":11725,"1":10,"2":17,"3":30,"4":78,"5":1278,"6":234,"7":132,"8":130,"9":210,"10":195,"11":195,"12":680,"13":90,"14":3,"15":112,"16":112,"17":112,"18":112,"19":4,"20":7,"21":6,"22":5,"23":5,"24":5,"25":5,"26":0,"27":0,"28":0,"29":0,"30":0,"31":1747,"32":9948,"33":3789,"34":6,"35":9948,"36":1253,"37":7518,"38":5263,"39":7518,"40":676,"41":377,"42":377,"43":1053,"44":255,"45":721,"46":798,"47":1923,"48":1923,"49":1005,"50":1126,"51":798,"52":797,"53":11148,"54":11148,"55":11032,"56":34596,"57":1706,"58":3266,"59":0,"60":1746,"61":1252,"62":1222,"63":691,"64":1770,"65":1770,"66":1699,"67":18,"68":18,"69":177,"70":108,"71":108,"72":0,"73":0,"74":73},"b":{"0":[1,9],"1":[10,10],"2":[0,9],"3":[0,10],"4":[10,10],"5":[6,24],"6":[4,6],"7":[1,77],"8":[2,75],"9":[0,75],"10":[1278,1278],"11":[3,231],"12":[2,229],"13":[132,132],"14":[8,70],"15":[112],"16":[0,210],"17":[0,210],"18":[112,98],"19":[0,210],"20":[112,98],"21":[10,195],"22":[0,195],"23":[0,195],"24":[1,194],"25":[0,194],"26":[0,195],"27":[107,88],"28":[7,188],"29":[0,90],"30":[0,90],"31":[87,3],"32":[0,3],"33":[0,112],"34":[0,112],"35":[107,81],"36":[0,188],"37":[0,4],"38":[0,4],"39":[0,4],"40":[2,2],"41":[2,2],"42":[0,7],"43":[0,7],"44":[0,7],"45":[1,5],"46":[0,5],"47":[0,5],"48":[1,6],"49":[0,0],"50":[0,0],"51":[0,0],"52":[0,0],"53":[0,0],"54":[0],"55":[2,678],"56":[1,677],"57":[1,1746],"58":[89,1658],"59":[0,1658],"60":[0,1658],"61":[1,1657],"62":[1,1252],"63":[0,1253],"64":[2,676],"65":[325,351],"66":[1053,501],"67":[0,377],"68":[377,0],"69":[0,721],"70":[0,721],"71":[1,720],"72":[0,1005],"73":[1,1125],"74":[1126,121],"75":[0,1126],"76":[1126,1126],"77":[0,797],"78":[0],"79":[2548],"80":[97,11051],"81":[11,3258],"82":[11032,0],"83":[0,11032],"84":[0,11032],"85":[1,11031],"86":[6136,2258,2037,0,200,200,200,0],"87":[0,6136],"88":[2,2256],"89":[0,1706],"90":[1,2036],"91":[0,3266],"92":[3266,3266],"93":[0,0],"94":[0,0],"95":[1,199],"96":[200,199],"97":[1,199],"98":[200,199],"99":[0,200],"100":[200,200],"101":[5,11026],"102":[1657,89],"103":[760,897],"104":[0,177],"105":[20,433]},"inputSourceMap":null,"_coverageSchema":"1a1c01bbd47fc00a2c39e90264f33305004495a9","hash":"79e56a75d1ca26ce90426eae5299cb45a6f79863"}
,"/Users/andreasbanholzer/PROJEKTE/2025-06-04--flowmcp/1-flowMCP-core/tests/public-methods/helpers/mock-schemas.mjs": {"path":"/Users/andreasbanholzer/PROJEKTE/2025-06-04--flowmcp/1-flowMCP-core/tests/public-methods/helpers/mock-schemas.mjs","statementMap":{"0":{"start":{"line":1,"column":20},"end":{"line":122,"column":1}},"1":{"start":{"line":124,"column":25},"end":{"line":126,"column":1}},"2":{"start":{"line":128,"column":23},"end":{"line":137,"column":1}},"3":{"start":{"line":139,"column":22},"end":{"line":144,"column":1}},"4":{"start":{"line":146,"column":28},"end":{"line":157,"column":1}},"5":{"start":{"line":149,"column":4},"end":{"line":152,"column":7}},"6":{"start":{"line":150,"column":8},"end":{"line":150,"column":35}},"7":{"start":{"line":151,"column":8},"end":{"line":151,"column":31}},"8":{"start":{"line":154,"column":4},"end":{"line":156,"column":7}},"9":{"start":{"line":155,"column":8},"end":{"line":155,"column":35}}},"fnMap":{"0":{"name":"(anonymous_0)","decl":{"start":{"line":146,"column":28},"end":{"line":146,"column":29}},"loc":{"start":{"line":146,"column":34},"end":{"line":157,"column":1}},"line":146},"1":{"name":"(anonymous_1)","decl":{"start":{"line":149,"column":16},"end":{"line":149,"column":17}},"loc":{"start":{"line":149,"column":22},"end":{"line":152,"column":5}},"line":149},"2":{"name":"(anonymous_2)","decl":{"start":{"line":151,"column":23},"end":{"line":151,"column":24}},"loc":{"start":{"line":151,"column":29},"end":{"line":151,"column":31}},"line":151},"3":{"name":"(anonymous_3)","decl":{"start":{"line":154,"column":15},"end":{"line":154,"column":16}},"loc":{"start":{"line":154,"column":21},"end":{"line":156,"column":5}},"line":154}},"branchMap":{},"s":{"0":12,"1":12,"2":12,"3":12,"4":12,"5":0,"6":0,"7":0,"8":0,"9":0},"f":{"0":0,"1":0,"2":0,"3":0},"b":{},"inputSourceMap":null,"_coverageSchema":"1a1c01bbd47fc00a2c39e90264f33305004495a9","hash":"79fd760359040cef0ecdf972a41c7cdc28be6899"}
,"/Users/andreasbanholzer/PROJEKTE/2025-06-04--flowmcp/1-flowMCP-core/tests/public-methods/helpers/mock-server.mjs": {"path":"/Users/andreasbanholzer/PROJEKTE/2025-06-04--flowmcp/1-flowMCP-core/tests/public-methods/helpers/mock-server.mjs","statementMap":{"0":{"start":{"line":3,"column":8},"end":{"line":3,"column":30}},"1":{"start":{"line":4,"column":8},"end":{"line":4,"column":30}},"2":{"start":{"line":8,"column":24},"end":{"line":14,"column":9}},"3":{"start":{"line":16,"column":8},"end":{"line":16,"column":43}},"4":{"start":{"line":17,"column":8},"end":{"line":17,"column":28}},"5":{"start":{"line":19,"column":8},"end":{"line":19,"column":22}},"6":{"start":{"line":23,"column":8},"end":{"line":23,"column":41}},"7":{"start":{"line":27,"column":8},"end":{"line":27,"column":48}},"8":{"start":{"line":31,"column":8},"end":{"line":31,"column":46}},"9":{"start":{"line":35,"column":21},"end":{"line":35,"column":47}},"10":{"start":{"line":36,"column":8},"end":{"line":38,"column":9}},"11":{"start":{"line":37,"column":12},"end":{"line":37,"column":61}},"12":{"start":{"line":40,"column":8},"end":{"line":40,"column":24}},"13":{"start":{"line":41,"column":23},"end":{"line":41,"column":55}},"14":{"start":{"line":43,"column":8},"end":{"line":43,"column":21}},"15":{"start":{"line":47,"column":8},"end":{"line":47,"column":26}},"16":{"start":{"line":48,"column":8},"end":{"line":48,"column":30}},"17":{"start":{"line":52,"column":8},"end":{"line":60,"column":9}},"18":{"start":{"line":55,"column":82},"end":{"line":59,"column":13}},"19":{"start":{"line":64,"column":25},"end":{"line":64,"column":50}},"20":{"start":{"line":64,"column":31},"end":{"line":64,"column":50}}},"fnMap":{"0":{"name":"(anonymous_0)","decl":{"start":{"line":2,"column":4},"end":{"line":2,"column":5}},"loc":{"start":{"line":2,"column":18},"end":{"line":5,"column":5}},"line":2},"1":{"name":"(anonymous_1)","decl":{"start":{"line":7,"column":4},"end":{"line":7,"column":5}},"loc":{"start":{"line":7,"column":51},"end":{"line":20,"column":5}},"line":7},"2":{"name":"(anonymous_2)","decl":{"start":{"line":22,"column":4},"end":{"line":22,"column":5}},"loc":{"start":{"line":22,"column":24},"end":{"line":24,"column":5}},"line":22},"3":{"name":"(anonymous_3)","decl":{"start":{"line":26,"column":4},"end":{"line":26,"column":5}},"loc":{"start":{"line":26,"column":18},"end":{"line":28,"column":5}},"line":26},"4":{"name":"(anonymous_4)","decl":{"start":{"line":30,"column":4},"end":{"line":30,"column":5}},"loc":{"start":{"line":30,"column":19},"end":{"line":32,"column":5}},"line":30},"5":{"name":"(anonymous_5)","decl":{"start":{"line":34,"column":4},"end":{"line":34,"column":5}},"loc":{"start":{"line":34,"column":43},"end":{"line":44,"column":5}},"line":34},"6":{"name":"(anonymous_6)","decl":{"start":{"line":46,"column":4},"end":{"line":46,"column":5}},"loc":{"start":{"line":46,"column":12},"end":{"line":49,"column":5}},"line":46},"7":{"name":"(anonymous_7)","decl":{"start":{"line":51,"column":4},"end":{"line":51,"column":5}},"loc":{"start":{"line":51,"column":15},"end":{"line":61,"column":5}},"line":51},"8":{"name":"(anonymous_8)","decl":{"start":{"line":55,"column":59},"end":{"line":55,"column":60}},"loc":{"start":{"line":55,"column":82},"end":{"line":59,"column":13}},"line":55},"9":{"name":"(anonymous_9)","decl":{"start":{"line":64,"column":25},"end":{"line":64,"column":26}},"loc":{"start":{"line":64,"column":31},"end":{"line":64,"column":50}},"line":64}},"branchMap":{"0":{"loc":{"start":{"line":36,"column":8},"end":{"line":38,"column":9}},"type":"if","locations":[{"start":{"line":36,"column":8},"end":{"line":38,"column":9}},{"start":{},"end":{}}],"line":36}},"s":{"0":12,"1":12,"2":17,"3":17,"4":17,"5":17,"6":2,"7":0,"8":1,"9":0,"10":0,"11":0,"12":0,"13":0,"14":0,"15":12,"16":12,"17":0,"18":0,"19":1,"20":12},"f":{"0":12,"1":17,"2":2,"3":0,"4":1,"5":0,"6":12,"7":0,"8":0,"9":12},"b":{"0":[0,0]},"inputSourceMap":null,"_coverageSchema":"1a1c01bbd47fc00a2c39e90264f33305004495a9","hash":"d33c9ac72441db519857a7d2f1c5299098a46d40"}
}
