TN:
SF:src/index.mjs
FN:13,(anonymous_0)
FN:35,(anonymous_1)
FN:38,(anonymous_2)
FN:54,(anonymous_3)
FN:73,(anonymous_4)
FN:99,(anonymous_5)
FN:110,(anonymous_6)
FN:123,(anonymous_7)
FN:144,(anonymous_8)
FN:153,(anonymous_9)
FN:166,(anonymous_10)
FN:182,(anonymous_11)
FN:190,(anonymous_12)
FN:198,(anonymous_13)
FN:206,(anonymous_14)
FNF:15
FNH:14
FNDA:8,(anonymous_0)
FNDA:16,(anonymous_1)
FNDA:64,(anonymous_2)
FNDA:10,(anonymous_3)
FNDA:78,(anonymous_4)
FNDA:9,(anonymous_5)
FNDA:14,(anonymous_6)
FNDA:3,(anonymous_7)
FNDA:19,(anonymous_8)
FNDA:35,(anonymous_9)
FNDA:4,(anonymous_10)
FNDA:88,(anonymous_11)
FNDA:14,(anonymous_12)
FNDA:98,(anonymous_13)
FNDA:0,(anonymous_14)
DA:19,8
DA:26,8
DA:33,8
DA:34,8
DA:36,16
DA:39,64
DA:40,14
DA:41,14
DA:46,8
DA:47,2
DA:50,8
DA:61,10
DA:63,6
DA:65,5
DA:66,2
DA:69,3
DA:74,78
DA:77,70
DA:81,56
DA:85,56
DA:93,56
DA:100,9
DA:101,3
DA:102,2
DA:105,8
DA:106,8
DA:109,8
DA:111,14
DA:113,14
DA:114,14
DA:117,8
DA:118,1
DA:119,1
DA:120,1
DA:121,1
DA:123,1
DA:124,3
DA:125,3
DA:126,0
DA:128,3
DA:131,1
DA:137,1
DA:140,8
DA:145,19
DA:147,17
DA:149,17
DA:154,35
DA:155,7
DA:156,5
DA:157,4
DA:160,30
DA:162,30
DA:167,4
DA:169,4
DA:170,4
DA:171,2
DA:173,2
DA:178,30
DA:183,88
DA:184,87
DA:186,87
DA:191,14
DA:192,13
DA:194,13
DA:199,98
DA:202,98
DA:207,0
DA:208,0
DA:209,0
DA:210,0
DA:211,0
DA:214,0
LF:72
LH:65
BRDA:15,0,0,0
BRDA:16,1,0,0
BRDA:17,2,0,0
BRDA:39,3,0,14
BRDA:39,3,1,50
BRDA:46,4,0,2
BRDA:46,4,1,6
BRDA:65,5,0,2
BRDA:65,5,1,3
BRDA:99,6,0,0
BRDA:99,7,0,0
BRDA:100,8,0,3
BRDA:100,8,1,6
BRDA:117,9,0,1
BRDA:117,9,1,7
BRDA:117,10,0,8
BRDA:117,10,1,1
BRDA:125,11,0,0
BRDA:125,11,1,3
BRDA:144,12,0,0
BRDA:153,13,0,0
BRDA:154,14,0,7
BRDA:154,14,1,28
BRDA:170,15,0,2
BRDA:170,15,1,2
BRF:25
BRH:17
end_of_record
TN:
SF:src/task/ArrayOfSchemasFilter.mjs
FN:3,(anonymous_0)
FN:13,(anonymous_1)
FN:18,(anonymous_2)
FN:27,(anonymous_3)
FN:34,(anonymous_4)
FN:86,(anonymous_5)
FN:94,(anonymous_6)
FN:96,(anonymous_7)
FN:101,(anonymous_8)
FN:104,(anonymous_9)
FN:114,(anonymous_10)
FN:116,(anonymous_11)
FN:135,(anonymous_12)
FN:136,(anonymous_13)
FN:142,(anonymous_14)
FN:143,(anonymous_15)
FN:150,(anonymous_16)
FN:167,(anonymous_17)
FN:172,(anonymous_18)
FN:188,(anonymous_19)
FN:195,(anonymous_20)
FNF:21
FNH:21
FNDA:70,(anonymous_0)
FNDA:1273,(anonymous_1)
FNDA:2468,(anonymous_2)
FNDA:2594,(anonymous_3)
FNDA:100,(anonymous_4)
FNDA:23,(anonymous_5)
FNDA:56,(anonymous_6)
FNDA:1223,(anonymous_7)
FNDA:87,(anonymous_8)
FNDA:19,(anonymous_9)
FNDA:56,(anonymous_10)
FNDA:1167,(anonymous_11)
FNDA:1038,(anonymous_12)
FNDA:1064,(anonymous_13)
FNDA:9,(anonymous_14)
FNDA:14,(anonymous_15)
FNDA:1116,(anonymous_16)
FNDA:74,(anonymous_17)
FNDA:166,(anonymous_18)
FNDA:43,(anonymous_19)
FNDA:1116,(anonymous_20)
DA:4,70
DA:5,70
DA:6,70
DA:9,70
DA:10,70
DA:12,70
DA:14,1273
DA:15,1273
DA:18,2468
DA:21,1273
DA:22,1205
DA:25,1273
DA:28,2594
DA:33,70
DA:35,100
DA:36,0
DA:37,0
DA:40,100
DA:42,100
DA:44,26
DA:45,26
DA:46,3
DA:47,3
DA:49,23
DA:52,74
DA:53,74
DA:54,8
DA:55,8
DA:58,66
DA:59,66
DA:60,66
DA:61,66
DA:64,66
DA:65,5
DA:66,5
DA:70,61
DA:71,7
DA:72,7
DA:76,54
DA:77,37
DA:79,54
DA:84,70
DA:85,14
DA:86,23
DA:87,14
DA:90,56
DA:95,56
DA:97,1223
DA:99,1223
DA:100,78
DA:101,87
DA:102,1145
DA:103,15
DA:104,19
DA:106,1130
DA:110,56
DA:115,56
DA:117,1167
DA:118,1167
DA:121,1167
DA:124,32
DA:128,1135
DA:129,96
DA:133,1039
DA:134,1030
DA:136,1064
DA:141,9
DA:143,14
DA:146,9
DA:148,9
DA:151,1116
DA:152,1116
DA:154,1116
DA:155,1044
DA:158,72
DA:161,72
DA:162,1
DA:165,71
DA:166,71
DA:167,74
DA:170,71
DA:173,166
DA:176,166
DA:177,166
DA:178,15
DA:181,151
DA:183,141
DA:185,10
DA:189,43
DA:190,43
DA:193,71
DA:197,1116
DA:200,56
LF:93
LH:91
BRDA:21,0,0,1205
BRDA:21,0,1,68
BRDA:35,1,0,0
BRDA:35,1,1,100
BRDA:35,2,0,100
BRDA:35,2,1,100
BRDA:42,3,0,26
BRDA:42,3,1,74
BRDA:45,4,0,3
BRDA:45,4,1,23
BRDA:53,5,0,8
BRDA:53,5,1,66
BRDA:53,6,0,74
BRDA:53,6,1,69
BRDA:53,6,2,67
BRDA:61,7,0,18
BRDA:61,7,1,48
BRDA:64,8,0,5
BRDA:64,8,1,61
BRDA:70,9,0,7
BRDA:70,9,1,54
BRDA:76,10,0,37
BRDA:76,10,1,17
BRDA:79,11,0,18
BRDA:79,11,1,36
BRDA:84,12,0,14
BRDA:84,12,1,56
BRDA:99,13,0,78
BRDA:99,13,1,1145
BRDA:102,14,0,15
BRDA:102,14,1,1130
BRDA:121,15,0,32
BRDA:121,15,1,1135
BRDA:121,16,0,1167
BRDA:121,16,1,128
BRDA:128,17,0,96
BRDA:128,17,1,1039
BRDA:128,18,0,1135
BRDA:128,18,1,96
BRDA:133,19,0,1030
BRDA:133,19,1,9
BRDA:133,20,0,1039
BRDA:133,20,1,1039
BRDA:148,21,0,9
BRDA:148,21,1,5
BRDA:154,22,0,1044
BRDA:154,22,1,72
BRDA:161,23,0,1
BRDA:161,23,1,71
BRDA:177,24,0,15
BRDA:177,24,1,151
BRDA:181,25,0,141
BRDA:181,25,1,10
BRF:53
BRH:52
end_of_record
TN:
SF:src/task/Fetch.mjs
FN:8,(anonymous_0)
FN:23,(anonymous_1)
FN:23,(anonymous_2)
FN:25,(anonymous_3)
FN:93,(anonymous_4)
FN:101,(anonymous_5)
FN:112,(anonymous_6)
FN:113,(anonymous_7)
FN:121,(anonymous_8)
FN:122,(anonymous_9)
FN:133,(anonymous_10)
FN:139,(anonymous_11)
FN:140,(anonymous_12)
FN:155,(anonymous_13)
FN:162,(anonymous_14)
FN:261,(anonymous_15)
FN:321,(anonymous_16)
FNF:17
FNH:13
FNDA:4,(anonymous_0)
FNDA:12,(anonymous_1)
FNDA:12,(anonymous_2)
FNDA:0,(anonymous_3)
FNDA:4,(anonymous_4)
FNDA:5,(anonymous_5)
FNDA:5,(anonymous_6)
FNDA:0,(anonymous_7)
FNDA:5,(anonymous_8)
FNDA:0,(anonymous_9)
FNDA:1,(anonymous_10)
FNDA:5,(anonymous_11)
FNDA:5,(anonymous_12)
FNDA:0,(anonymous_13)
FNDA:5,(anonymous_14)
FNDA:2,(anonymous_15)
FNDA:4,(anonymous_16)
DA:9,4
DA:16,4
DA:18,4
DA:19,4
DA:21,4
DA:23,12
DA:24,12
DA:25,0
DA:26,12
DA:27,4
DA:28,8
DA:29,0
DA:30,0
DA:31,0
DA:35,4
DA:37,4
DA:39,4
DA:86,4
DA:87,4
DA:88,4
DA:89,4
DA:91,4
DA:94,4
DA:97,4
DA:100,4
DA:102,5
DA:103,0
DA:105,5
DA:106,5
DA:108,5
DA:111,4
DA:112,5
DA:114,0
DA:116,0
DA:117,0
DA:120,4
DA:121,5
DA:124,0
DA:126,0
DA:129,0
DA:131,4
DA:134,1
DA:135,1
DA:138,4
DA:139,5
DA:141,5
DA:143,5
DA:145,5
DA:146,5
DA:149,4
DA:150,4
DA:151,4
DA:152,4
DA:154,4
DA:156,0
DA:157,0
DA:158,0
DA:161,4
DA:163,5
DA:165,5
DA:166,5
DA:167,5
DA:170,4
DA:175,4
DA:182,4
DA:183,4
DA:184,4
DA:186,4
DA:188,4
DA:189,4
DA:194,2
DA:195,0
DA:198,2
DA:199,2
DA:201,2
DA:202,2
DA:203,2
DA:205,4
DA:207,0
DA:208,0
DA:217,0
DA:218,0
DA:221,0
DA:222,0
DA:224,0
DA:225,0
DA:226,0
DA:229,0
DA:231,0
DA:232,0
DA:233,0
DA:236,4
DA:238,2
DA:243,0
DA:244,0
DA:245,0
DA:246,0
DA:247,0
DA:248,0
DA:249,0
DA:251,0
DA:252,0
DA:256,0
DA:262,2
DA:265,2
DA:266,0
DA:269,2
DA:270,2
DA:271,2
DA:274,0
DA:275,0
DA:276,0
DA:280,0
DA:283,2
DA:289,14
DA:290,14
DA:291,14
DA:293,14
DA:294,4
DA:295,14
DA:297,11
DA:298,1
DA:299,1
DA:300,1
DA:301,1
DA:302,1
DA:304,0
DA:308,11
DA:309,10
DA:310,10
DA:311,1
DA:312,1
DA:314,0
DA:317,11
DA:322,4
DA:323,4
DA:324,4
DA:326,0
DA:327,0
DA:329,0
DA:333,4
LF:141
LH:93
BRDA:26,0,0,4
BRDA:26,0,1,8
BRDA:26,1,0,12
BRDA:26,1,1,4
BRDA:28,2,0,0
BRDA:28,2,1,8
BRDA:102,3,0,0
BRDA:102,3,1,5
BRDA:106,4,0,0
BRDA:106,4,1,5
BRDA:143,5,0,0
BRDA:143,5,1,5
BRDA:151,6,0,3
BRDA:151,6,1,1
BRDA:165,7,0,0
BRDA:165,7,1,5
BRDA:184,8,0,0
BRDA:184,8,1,4
BRDA:186,9,0,4
BRDA:186,9,1,0
BRDA:186,9,2,0
BRDA:194,10,0,0
BRDA:194,10,1,2
BRDA:217,11,0,0
BRDA:217,11,1,0
BRDA:236,12,0,2
BRDA:236,12,1,2
BRDA:245,13,0,0
BRDA:245,13,1,0
BRDA:265,14,0,0
BRDA:265,14,1,2
BRDA:265,15,0,2
BRDA:265,15,1,2
BRDA:269,16,0,2
BRDA:269,16,1,0
BRDA:269,17,0,2
BRDA:269,17,1,0
BRDA:274,18,0,0
BRDA:274,18,1,0
BRDA:274,19,0,0
BRDA:274,19,1,0
BRDA:293,20,0,10
BRDA:293,20,1,4
BRDA:294,21,0,1
BRDA:294,21,1,3
BRDA:295,22,0,3
BRDA:295,22,1,11
BRDA:297,23,0,10
BRDA:297,23,1,1
BRDA:298,24,0,1
BRDA:298,24,1,0
BRDA:301,25,0,1
BRDA:301,25,1,0
BRDA:301,26,0,1
BRDA:301,26,1,1
BRDA:308,27,0,10
BRDA:308,27,1,1
BRDA:309,28,0,0
BRDA:309,28,1,10
BRDA:311,29,0,1
BRDA:311,29,1,0
BRF:61
BRH:37
end_of_record
TN:
SF:src/task/Interface.mjs
FN:6,(anonymous_0)
FN:10,(anonymous_1)
FN:21,(anonymous_2)
FN:46,(anonymous_3)
FN:49,(anonymous_4)
FN:54,(anonymous_5)
FN:71,getContent
FN:86,(anonymous_7)
FN:97,(anonymous_8)
FN:107,(anonymous_9)
FN:120,(anonymous_10)
FN:141,(anonymous_11)
FNF:12
FNH:11
FNDA:87,(anonymous_0)
FNDA:317,(anonymous_1)
FNDA:347,(anonymous_2)
FNDA:347,(anonymous_3)
FNDA:889,(anonymous_4)
FNDA:849,(anonymous_5)
FNDA:191,getContent
FNDA:1921,(anonymous_7)
FNDA:3272,(anonymous_8)
FNDA:649,(anonymous_9)
FNDA:2734,(anonymous_10)
FNDA:0,(anonymous_11)
DA:7,87
DA:8,87
DA:11,317
DA:14,317
DA:17,87
DA:22,347
DA:23,347
DA:25,347
DA:28,347
DA:31,347
DA:32,347
DA:38,347
DA:39,347
DA:42,347
DA:47,347
DA:48,347
DA:50,889
DA:51,849
DA:52,849
DA:55,849
DA:57,849
DA:59,849
DA:62,849
DA:63,849
DA:66,347
DA:72,191
DA:73,191
DA:74,191
DA:76,191
DA:77,0
DA:79,191
DA:81,191
DA:85,849
DA:86,1921
DA:88,849
DA:91,191
DA:92,191
DA:93,0
DA:95,191
DA:97,3272
DA:98,191
DA:101,849
DA:106,849
DA:108,649
DA:110,649
DA:113,849
DA:118,649
DA:120,2734
DA:122,649
DA:123,649
DA:124,649
DA:126,144
DA:127,144
DA:130,32
DA:131,32
DA:133,92
DA:134,92
DA:136,0
DA:137,0
DA:139,0
DA:141,0
DA:142,0
DA:144,381
DA:145,381
DA:147,0
DA:150,649
DA:152,89
DA:153,89
DA:155,55
DA:156,55
DA:158,32
DA:159,32
DA:161,0
DA:162,0
DA:163,0
DA:165,9
DA:166,9
DA:168,381
DA:169,381
DA:171,83
DA:172,83
DA:174,0
DA:177,649
LF:83
LH:71
BRDA:50,0,0,40
BRDA:50,0,1,849
BRDA:51,1,0,0
BRDA:51,1,1,849
BRDA:76,2,0,0
BRDA:76,2,1,191
BRDA:76,3,0,191
BRDA:76,3,1,191
BRDA:76,3,2,191
BRDA:88,4,0,191
BRDA:88,4,1,658
BRDA:92,5,0,0
BRDA:92,5,1,191
BRDA:124,6,0,144
BRDA:124,6,1,0
BRDA:124,6,2,32
BRDA:124,6,3,92
BRDA:124,6,4,0
BRDA:124,6,5,0
BRDA:124,6,6,381
BRDA:124,6,7,0
BRDA:150,7,0,89
BRDA:150,7,1,55
BRDA:150,7,2,32
BRDA:150,7,3,0
BRDA:150,7,4,9
BRDA:150,7,5,381
BRDA:150,7,6,83
BRDA:150,7,7,0
BRF:29
BRH:20
end_of_record
TN:
SF:src/task/Payload.mjs
FN:2,(anonymous_0)
FN:31,(anonymous_1)
FN:36,(anonymous_2)
FN:41,(anonymous_3)
FN:49,(anonymous_4)
FN:54,(anonymous_5)
FN:58,(anonymous_6)
FN:79,(anonymous_7)
FN:80,(anonymous_8)
FN:88,(anonymous_9)
FNF:10
FNH:10
FNDA:6,(anonymous_0)
FNDA:8,(anonymous_1)
FNDA:8,(anonymous_2)
FNDA:3,(anonymous_3)
FNDA:7,(anonymous_4)
FNDA:7,(anonymous_5)
FNDA:2,(anonymous_6)
FNDA:3,(anonymous_7)
FNDA:1,(anonymous_8)
FNDA:3,(anonymous_9)
DA:30,6
DA:32,8
DA:33,8
DA:37,8
DA:38,8
DA:39,8
DA:40,7
DA:41,3
DA:42,7
DA:44,7
DA:45,7
DA:47,7
DA:50,7
DA:53,5
DA:55,7
DA:56,7
DA:57,7
DA:58,2
DA:59,7
DA:61,5
DA:63,5
DA:68,7
DA:77,7
DA:80,3
DA:81,3
DA:82,1
DA:84,3
DA:87,7
DA:89,3
DA:90,3
DA:91,3
DA:94,7
LF:32
LH:32
BRDA:38,0,0,0
BRDA:38,0,1,8
BRDA:81,1,0,1
BRDA:81,1,1,2
BRDA:90,2,0,2
BRDA:90,2,1,1
BRF:6
BRH:5
end_of_record
TN:
SF:src/task/Test.mjs
FN:2,(anonymous_0)
FN:6,(anonymous_1)
FN:9,(anonymous_2)
FN:12,(anonymous_3)
FNF:4
FNH:4
FNDA:13,(anonymous_0)
FNDA:31,(anonymous_1)
FNDA:32,(anonymous_2)
FNDA:75,(anonymous_3)
DA:3,13
DA:4,13
DA:7,31
DA:8,31
DA:10,32
DA:13,75
DA:14,32
DA:15,43
DA:16,43
DA:19,75
DA:22,32
DA:23,32
DA:25,32
DA:28,31
DA:31,13
LF:15
LH:15
BRDA:13,0,0,32
BRDA:13,0,1,43
BRDA:15,1,0,43
BRDA:15,1,1,0
BRF:4
BRH:3
end_of_record
TN:
SF:src/task/Validation.mjs
FN:5,(anonymous_0)
FN:83,(anonymous_1)
FN:87,(anonymous_2)
FN:100,(anonymous_3)
FN:115,(anonymous_4)
FN:121,(anonymous_5)
FN:130,(anonymous_6)
FN:133,(anonymous_7)
FN:133,(anonymous_8)
FN:148,(anonymous_9)
FN:185,(anonymous_10)
FN:194,(anonymous_11)
FN:203,(anonymous_12)
FN:216,(anonymous_13)
FN:228,(anonymous_14)
FN:237,(anonymous_15)
FN:238,(anonymous_16)
FN:244,(anonymous_17)
FN:245,(anonymous_18)
FN:259,(anonymous_19)
FN:287,(anonymous_20)
FN:307,(anonymous_21)
FN:308,(anonymous_22)
FN:314,(anonymous_23)
FN:315,(anonymous_24)
FN:323,(anonymous_25)
FN:338,(anonymous_26)
FN:356,(anonymous_27)
FN:357,(anonymous_28)
FN:363,(anonymous_29)
FN:364,(anonymous_30)
FN:394,(anonymous_31)
FN:415,(anonymous_32)
FN:415,(anonymous_33)
FN:416,(anonymous_34)
FN:418,(anonymous_35)
FN:421,(anonymous_36)
FN:423,(anonymous_37)
FN:423,(anonymous_38)
FN:427,(anonymous_39)
FN:436,(anonymous_40)
FN:438,(anonymous_41)
FN:445,(anonymous_42)
FN:448,(anonymous_43)
FN:454,(anonymous_44)
FN:462,(anonymous_45)
FN:499,(anonymous_46)
FN:503,(anonymous_47)
FN:506,(anonymous_48)
FN:509,(anonymous_49)
FN:516,(anonymous_50)
FN:529,(anonymous_51)
FN:531,(anonymous_52)
FN:548,(anonymous_53)
FN:550,(anonymous_54)
FN:560,(anonymous_55)
FN:568,(anonymous_56)
FN:604,(anonymous_57)
FN:615,(anonymous_58)
FN:626,(anonymous_59)
FN:666,(anonymous_60)
FN:671,(anonymous_61)
FN:672,(anonymous_62)
FN:686,(anonymous_63)
FN:688,(anonymous_64)
FN:689,(anonymous_65)
FN:690,(anonymous_66)
FN:691,(anonymous_67)
FN:695,(anonymous_68)
FN:702,(anonymous_69)
FN:706,(anonymous_70)
FN:707,(anonymous_71)
FN:715,(anonymous_72)
FN:726,(anonymous_73)
FN:735,(anonymous_74)
FNF:75
FNH:67
FNDA:11725,(anonymous_0)
FNDA:10,(anonymous_1)
FNDA:17,(anonymous_2)
FNDA:30,(anonymous_3)
FNDA:78,(anonymous_4)
FNDA:1278,(anonymous_5)
FNDA:234,(anonymous_6)
FNDA:132,(anonymous_7)
FNDA:130,(anonymous_8)
FNDA:210,(anonymous_9)
FNDA:195,(anonymous_10)
FNDA:195,(anonymous_11)
FNDA:680,(anonymous_12)
FNDA:90,(anonymous_13)
FNDA:3,(anonymous_14)
FNDA:112,(anonymous_15)
FNDA:112,(anonymous_16)
FNDA:112,(anonymous_17)
FNDA:112,(anonymous_18)
FNDA:4,(anonymous_19)
FNDA:7,(anonymous_20)
FNDA:6,(anonymous_21)
FNDA:5,(anonymous_22)
FNDA:5,(anonymous_23)
FNDA:5,(anonymous_24)
FNDA:5,(anonymous_25)
FNDA:0,(anonymous_26)
FNDA:0,(anonymous_27)
FNDA:0,(anonymous_28)
FNDA:0,(anonymous_29)
FNDA:0,(anonymous_30)
FNDA:1747,(anonymous_31)
FNDA:9948,(anonymous_32)
FNDA:3789,(anonymous_33)
FNDA:6,(anonymous_34)
FNDA:9948,(anonymous_35)
FNDA:1253,(anonymous_36)
FNDA:7518,(anonymous_37)
FNDA:5263,(anonymous_38)
FNDA:7518,(anonymous_39)
FNDA:676,(anonymous_40)
FNDA:377,(anonymous_41)
FNDA:377,(anonymous_42)
FNDA:1053,(anonymous_43)
FNDA:255,(anonymous_44)
FNDA:721,(anonymous_45)
FNDA:798,(anonymous_46)
FNDA:1923,(anonymous_47)
FNDA:1923,(anonymous_48)
FNDA:1005,(anonymous_49)
FNDA:1126,(anonymous_50)
FNDA:798,(anonymous_51)
FNDA:797,(anonymous_52)
FNDA:11148,(anonymous_53)
FNDA:11148,(anonymous_54)
FNDA:11032,(anonymous_55)
FNDA:34596,(anonymous_56)
FNDA:1706,(anonymous_57)
FNDA:3266,(anonymous_58)
FNDA:0,(anonymous_59)
FNDA:1746,(anonymous_60)
FNDA:1252,(anonymous_61)
FNDA:1222,(anonymous_62)
FNDA:691,(anonymous_63)
FNDA:1770,(anonymous_64)
FNDA:1770,(anonymous_65)
FNDA:1699,(anonymous_66)
FNDA:18,(anonymous_67)
FNDA:18,(anonymous_68)
FNDA:177,(anonymous_69)
FNDA:108,(anonymous_70)
FNDA:108,(anonymous_71)
FNDA:0,(anonymous_72)
FNDA:0,(anonymous_73)
FNDA:73,(anonymous_74)
DA:6,11725
DA:79,11725
DA:84,10
DA:85,10
DA:86,1
DA:87,17
DA:88,0
DA:91,10
DA:92,0
DA:95,10
DA:101,30
DA:102,6
DA:106,10
DA:107,4
DA:108,0
DA:111,6
DA:116,78
DA:117,78
DA:118,1
DA:119,77
DA:120,2
DA:121,1278
DA:122,0
DA:125,78
DA:131,234
DA:132,3
DA:133,231
DA:134,2
DA:138,78
DA:139,8
DA:140,0
DA:143,70
DA:149,210
DA:150,210
DA:160,210
DA:162,210
DA:163,0
DA:164,210
DA:165,0
DA:167,210
DA:168,210
DA:169,210
DA:171,210
DA:173,210
DA:174,205
DA:176,195
DA:177,195
DA:178,0
DA:179,195
DA:180,0
DA:182,195
DA:185,195
DA:186,195
DA:187,195
DA:188,1
DA:189,194
DA:190,0
DA:193,195
DA:194,195
DA:195,195
DA:197,195
DA:198,0
DA:201,195
DA:204,680
DA:205,680
DA:206,680
DA:208,195
DA:210,195
DA:211,195
DA:212,195
DA:214,188
DA:215,188
DA:217,90
DA:218,0
DA:219,0
DA:220,90
DA:221,0
DA:222,0
DA:224,90
DA:225,90
DA:226,3
DA:228,3
DA:229,0
DA:233,188
DA:234,188
DA:236,188
DA:238,112
DA:239,112
DA:240,0
DA:243,188
DA:245,112
DA:246,112
DA:247,0
DA:251,188
DA:252,188
DA:253,188
DA:255,188
DA:260,4
DA:261,4
DA:263,4
DA:264,0
DA:265,4
DA:266,0
DA:268,4
DA:269,0
DA:270,0
DA:273,4
DA:274,4
DA:275,2
DA:278,4
DA:279,2
DA:280,0
DA:283,2
DA:288,7
DA:289,7
DA:291,7
DA:292,0
DA:293,7
DA:294,0
DA:297,7
DA:298,0
DA:299,0
DA:302,7
DA:305,7
DA:306,7
DA:308,6
DA:309,6
DA:310,1
DA:313,7
DA:315,5
DA:316,5
DA:317,0
DA:321,7
DA:324,5
DA:325,0
DA:329,7
DA:330,1
DA:331,0
DA:334,6
DA:339,0
DA:340,0
DA:342,0
DA:344,0
DA:345,0
DA:346,0
DA:347,0
DA:350,0
DA:351,0
DA:352,0
DA:354,0
DA:355,0
DA:357,0
DA:358,0
DA:359,0
DA:362,0
DA:364,0
DA:365,0
DA:366,0
DA:370,0
DA:375,680
DA:376,680
DA:377,680
DA:379,680
DA:381,680
DA:383,680
DA:384,680
DA:386,678
DA:387,678
DA:388,1
DA:391,678
DA:393,678
DA:395,1747
DA:396,1747
DA:397,1747
DA:398,1
DA:401,1747
DA:402,1658
DA:403,0
DA:406,1658
DA:407,1658
DA:410,1658
DA:411,1658
DA:413,1658
DA:415,9948
DA:416,6
DA:418,9948
DA:420,1658
DA:422,1253
DA:423,7518
DA:424,1
DA:427,7518
DA:428,0
DA:432,678
DA:434,676
DA:435,676
DA:436,676
DA:437,676
DA:438,676
DA:441,676
DA:442,676
DA:444,676
DA:446,377
DA:447,377
DA:449,1053
DA:450,1053
DA:451,1053
DA:453,377
DA:454,255
DA:455,377
DA:456,0
DA:460,676
DA:461,676
DA:463,721
DA:464,721
DA:465,721
DA:467,721
DA:468,721
DA:469,721
DA:470,721
DA:471,0
DA:474,721
DA:475,721
DA:476,1
DA:480,676
DA:495,676
DA:498,676
DA:500,798
DA:501,798
DA:503,1923
DA:504,798
DA:506,1923
DA:508,798
DA:510,1005
DA:511,0
DA:515,798
DA:517,1126
DA:518,1126
DA:519,1126
DA:520,1
DA:523,1126
DA:524,0
DA:528,798
DA:529,798
DA:530,798
DA:532,797
DA:533,0
DA:538,676
DA:543,3269
DA:548,11148
DA:549,3269
DA:551,11148
DA:552,97
DA:556,3269
DA:558,3258
DA:561,11032
DA:562,11032
DA:563,0
DA:564,0
DA:568,34596
DA:569,11032
DA:570,0
DA:571,0
DA:573,11032
DA:574,11032
DA:576,11032
DA:579,3258
DA:581,3258
DA:586,11032
DA:587,1
DA:593,11031
DA:594,11031
DA:596,6136
DA:597,0
DA:599,6136
DA:601,2258
DA:602,2
DA:604,2256
DA:605,1706
DA:606,0
DA:610,2258
DA:612,2037
DA:613,1
DA:615,2036
DA:616,3266
DA:617,0
DA:621,2037
DA:623,0
DA:624,0
DA:626,0
DA:627,0
DA:628,0
DA:632,0
DA:634,200
DA:635,1
DA:637,200
DA:639,200
DA:640,1
DA:642,200
DA:644,200
DA:645,0
DA:647,200
DA:649,0
DA:652,11031
DA:653,5
DA:659,11026
DA:664,676
DA:665,676
DA:667,1746
DA:668,1746
DA:669,1657
DA:671,1252
DA:672,1222
DA:673,1657
DA:674,897
DA:676,1746
DA:679,676
DA:684,195
DA:687,691
DA:688,1770
DA:689,1770
DA:690,1699
DA:692,18
DA:693,18
DA:695,18
DA:697,691
DA:700,195
DA:703,177
DA:704,177
DA:705,177
DA:706,108
DA:707,108
DA:709,177
DA:712,195
DA:713,195
DA:714,195
DA:716,0
DA:717,0
DA:720,195
DA:726,0
DA:728,195
DA:733,453
DA:734,20
DA:735,73
DA:738,20
LF:344
LH:269
BRDA:85,0,0,1
BRDA:85,0,1,9
BRDA:85,1,0,10
BRDA:85,1,1,10
BRDA:87,2,0,0
BRDA:87,2,1,9
BRDA:91,3,0,0
BRDA:91,3,1,10
BRDA:91,4,0,10
BRDA:91,4,1,10
BRDA:101,5,0,6
BRDA:101,5,1,24
BRDA:106,6,0,4
BRDA:106,6,1,6
BRDA:117,7,0,1
BRDA:117,7,1,77
BRDA:119,8,0,2
BRDA:119,8,1,75
BRDA:121,9,0,0
BRDA:121,9,1,75
BRDA:121,10,0,1278
BRDA:121,10,1,1278
BRDA:131,11,0,3
BRDA:131,11,1,231
BRDA:133,12,0,2
BRDA:133,12,1,229
BRDA:133,13,0,132
BRDA:133,13,1,132
BRDA:138,14,0,8
BRDA:138,14,1,70
BRDA:148,15,0,112
BRDA:162,16,0,0
BRDA:162,16,1,210
BRDA:164,17,0,0
BRDA:164,17,1,210
BRDA:168,18,0,112
BRDA:168,18,1,98
BRDA:169,19,0,0
BRDA:169,19,1,210
BRDA:173,20,0,112
BRDA:173,20,1,98
BRDA:174,21,0,10
BRDA:174,21,1,195
BRDA:177,22,0,0
BRDA:177,22,1,195
BRDA:179,23,0,0
BRDA:179,23,1,195
BRDA:187,24,0,1
BRDA:187,24,1,194
BRDA:189,25,0,0
BRDA:189,25,1,194
BRDA:197,26,0,0
BRDA:197,26,1,195
BRDA:211,27,0,107
BRDA:211,27,1,88
BRDA:212,28,0,7
BRDA:212,28,1,188
BRDA:217,29,0,0
BRDA:217,29,1,90
BRDA:220,30,0,0
BRDA:220,30,1,90
BRDA:225,31,0,87
BRDA:225,31,1,3
BRDA:228,32,0,0
BRDA:228,32,1,3
BRDA:239,33,0,0
BRDA:239,33,1,112
BRDA:246,34,0,0
BRDA:246,34,1,112
BRDA:252,35,0,107
BRDA:252,35,1,81
BRDA:253,36,0,0
BRDA:253,36,1,188
BRDA:263,37,0,0
BRDA:263,37,1,4
BRDA:265,38,0,0
BRDA:265,38,1,4
BRDA:268,39,0,0
BRDA:268,39,1,4
BRDA:274,40,0,2
BRDA:274,40,1,2
BRDA:278,41,0,2
BRDA:278,41,1,2
BRDA:291,42,0,0
BRDA:291,42,1,7
BRDA:293,43,0,0
BRDA:293,43,1,7
BRDA:297,44,0,0
BRDA:297,44,1,7
BRDA:309,45,0,1
BRDA:309,45,1,5
BRDA:316,46,0,0
BRDA:316,46,1,5
BRDA:324,47,0,0
BRDA:324,47,1,5
BRDA:329,48,0,1
BRDA:329,48,1,6
BRDA:344,49,0,0
BRDA:344,49,1,0
BRDA:346,50,0,0
BRDA:346,50,1,0
BRDA:350,51,0,0
BRDA:350,51,1,0
BRDA:358,52,0,0
BRDA:358,52,1,0
BRDA:365,53,0,0
BRDA:365,53,1,0
BRDA:374,54,0,0
BRDA:384,55,0,2
BRDA:384,55,1,678
BRDA:387,56,0,1
BRDA:387,56,1,677
BRDA:397,57,0,1
BRDA:397,57,1,1746
BRDA:401,58,0,89
BRDA:401,58,1,1658
BRDA:402,59,0,0
BRDA:402,59,1,1658
BRDA:411,60,0,0
BRDA:411,60,1,1658
BRDA:415,61,0,1
BRDA:415,61,1,1657
BRDA:423,62,0,1
BRDA:423,62,1,1252
BRDA:427,63,0,0
BRDA:427,63,1,1253
BRDA:432,64,0,2
BRDA:432,64,1,676
BRDA:438,65,0,325
BRDA:438,65,1,351
BRDA:451,66,0,1053
BRDA:451,66,1,501
BRDA:455,67,0,0
BRDA:455,67,1,377
BRDA:455,68,0,377
BRDA:455,68,1,0
BRDA:468,69,0,0
BRDA:468,69,1,721
BRDA:470,70,0,0
BRDA:470,70,1,721
BRDA:475,71,0,1
BRDA:475,71,1,720
BRDA:510,72,0,0
BRDA:510,72,1,1005
BRDA:519,73,0,1
BRDA:519,73,1,1125
BRDA:519,74,0,1126
BRDA:519,74,1,121
BRDA:523,75,0,0
BRDA:523,75,1,1126
BRDA:523,76,0,1126
BRDA:523,76,1,1126
BRDA:532,77,0,0
BRDA:532,77,1,797
BRDA:542,78,0,0
BRDA:542,79,0,2548
BRDA:551,80,0,97
BRDA:551,80,1,11051
BRDA:556,81,0,11
BRDA:556,81,1,3258
BRDA:561,82,0,11032
BRDA:561,82,1,0
BRDA:562,83,0,0
BRDA:562,83,1,11032
BRDA:569,84,0,0
BRDA:569,84,1,11032
BRDA:586,85,0,1
BRDA:586,85,1,11031
BRDA:594,86,0,6136
BRDA:594,86,1,2258
BRDA:594,86,2,2037
BRDA:594,86,3,0
BRDA:594,86,4,200
BRDA:594,86,5,200
BRDA:594,86,6,200
BRDA:594,86,7,0
BRDA:596,87,0,0
BRDA:596,87,1,6136
BRDA:601,88,0,2
BRDA:601,88,1,2256
BRDA:605,89,0,0
BRDA:605,89,1,1706
BRDA:612,90,0,1
BRDA:612,90,1,2036
BRDA:616,91,0,0
BRDA:616,91,1,3266
BRDA:616,92,0,3266
BRDA:616,92,1,3266
BRDA:623,93,0,0
BRDA:623,93,1,0
BRDA:627,94,0,0
BRDA:627,94,1,0
BRDA:634,95,0,1
BRDA:634,95,1,199
BRDA:634,96,0,200
BRDA:634,96,1,199
BRDA:639,97,0,1
BRDA:639,97,1,199
BRDA:639,98,0,200
BRDA:639,98,1,199
BRDA:644,99,0,0
BRDA:644,99,1,200
BRDA:644,100,0,200
BRDA:644,100,1,200
BRDA:652,101,0,5
BRDA:652,101,1,11026
BRDA:668,102,0,1657
BRDA:668,102,1,89
BRDA:673,103,0,760
BRDA:673,103,1,897
BRDA:703,104,0,0
BRDA:703,104,1,177
BRDA:733,105,0,20
BRDA:733,105,1,433
BRF:214
BRH:154
end_of_record
TN:
SF:tests/public-methods/helpers/mock-schemas.mjs
FN:146,(anonymous_0)
FN:149,(anonymous_1)
FN:151,(anonymous_2)
FN:154,(anonymous_3)
FNF:4
FNH:0
FNDA:0,(anonymous_0)
FNDA:0,(anonymous_1)
FNDA:0,(anonymous_2)
FNDA:0,(anonymous_3)
DA:1,12
DA:124,12
DA:128,12
DA:139,12
DA:146,12
DA:149,0
DA:150,0
DA:151,0
DA:154,0
DA:155,0
LF:10
LH:5
BRF:0
BRH:0
end_of_record
TN:
SF:tests/public-methods/helpers/mock-server.mjs
FN:2,(anonymous_0)
FN:7,(anonymous_1)
FN:22,(anonymous_2)
FN:26,(anonymous_3)
FN:30,(anonymous_4)
FN:34,(anonymous_5)
FN:46,(anonymous_6)
FN:51,(anonymous_7)
FN:55,(anonymous_8)
FN:64,(anonymous_9)
FNF:10
FNH:6
FNDA:12,(anonymous_0)
FNDA:17,(anonymous_1)
FNDA:2,(anonymous_2)
FNDA:0,(anonymous_3)
FNDA:1,(anonymous_4)
FNDA:0,(anonymous_5)
FNDA:12,(anonymous_6)
FNDA:0,(anonymous_7)
FNDA:0,(anonymous_8)
FNDA:12,(anonymous_9)
DA:3,12
DA:4,12
DA:8,17
DA:16,17
DA:17,17
DA:19,17
DA:23,2
DA:27,0
DA:31,1
DA:35,0
DA:36,0
DA:37,0
DA:40,0
DA:41,0
DA:43,0
DA:47,12
DA:48,12
DA:52,0
DA:55,0
DA:64,12
LF:20
LH:11
BRDA:36,0,0,0
BRDA:36,0,1,0
BRF:2
BRH:0
end_of_record
